

================================================================
== Vivado HLS Report for 'matrix_multiply_top_1'
================================================================
* Date:           Wed Dec 19 00:32:45 2018

* Version:        2018.3 (Build 2405991 on Thu Dec 06 23:56:15 MST 2018)
* Project:        proj_matrix_multiply
* Solution:       solution2
* Product family: kintex7
* Target device:  xc7k70tfbv676-3


================================================================
== Performance Estimates
================================================================
+ Timing (ns): 
    * Summary: 
    +--------+-------+----------+------------+
    |  Clock | Target| Estimated| Uncertainty|
    +--------+-------+----------+------------+
    |ap_clk  |   1.00|     1.534|        0.13|
    +--------+-------+----------+------------+

+ Latency (clock cycles): 
    * Summary: 
    +-----+-----+-----+-----+----------+
    |  Latency  |  Interval | Pipeline |
    | min | max | min | max |   Type   |
    +-----+-----+-----+-----+----------+
    |   45|   45|    5|    5| function |
    +-----+-----+-----+-----+----------+

    + Detail: 
        * Instance: 
        N/A

        * Loop: 
        N/A



================================================================
== Utilization Estimates
================================================================
* Summary: 
+-----------------+---------+-------+-------+-------+
|       Name      | BRAM_18K| DSP48E|   FF  |  LUT  |
+-----------------+---------+-------+-------+-------+
|DSP              |        -|      -|      -|      -|
|Expression       |        -|      -|      0|      4|
|FIFO             |        -|      -|      -|      -|
|Instance         |        -|     12|   4068|   2572|
|Memory           |        -|      -|      -|      -|
|Multiplexer      |        -|      -|      -|    723|
|Register         |        0|      -|   2575|    288|
+-----------------+---------+-------+-------+-------+
|Total            |        0|     12|   6643|   3587|
+-----------------+---------+-------+-------+-------+
|Available        |      270|    240|  84400|  42200|
+-----------------+---------+-------+-------+-------+
|Utilization (%)  |        0|      5|      7|      8|
+-----------------+---------+-------+-------+-------+

+ Detail: 
    * Instance: 
    +--------------------------+----------------------+---------+-------+-----+-----+
    |         Instance         |        Module        | BRAM_18K| DSP48E|  FF | LUT |
    +--------------------------+----------------------+---------+-------+-----+-----+
    |matrix_multiply_tbkb_U1   |matrix_multiply_tbkb  |        0|      0|  636|  424|
    |matrix_multiply_tbkb_U2   |matrix_multiply_tbkb  |        0|      0|  636|  424|
    |matrix_multiply_tbkb_U3   |matrix_multiply_tbkb  |        0|      0|  636|  424|
    |matrix_multiply_tbkb_U4   |matrix_multiply_tbkb  |        0|      0|  636|  424|
    |matrix_multiply_tcud_U5   |matrix_multiply_tcud  |        0|      2|  254|  146|
    |matrix_multiply_tcud_U6   |matrix_multiply_tcud  |        0|      2|  254|  146|
    |matrix_multiply_tcud_U7   |matrix_multiply_tcud  |        0|      2|  254|  146|
    |matrix_multiply_tcud_U8   |matrix_multiply_tcud  |        0|      2|  254|  146|
    |matrix_multiply_tcud_U9   |matrix_multiply_tcud  |        0|      2|  254|  146|
    |matrix_multiply_tcud_U10  |matrix_multiply_tcud  |        0|      2|  254|  146|
    +--------------------------+----------------------+---------+-------+-----+-----+
    |Total                     |                      |        0|     12| 4068| 2572|
    +--------------------------+----------------------+---------+-------+-----+-----+

    * DSP48: 
    N/A

    * Memory: 
    N/A

    * FIFO: 
    N/A

    * Expression: 
    +---------------------------+----------+-------+---+----+------------+------------+
    |       Variable Name       | Operation| DSP48E| FF| LUT| Bitwidth P0| Bitwidth P1|
    +---------------------------+----------+-------+---+----+------------+------------+
    |ap_block_pp0_stage0_11001  |    and   |      0|  0|   2|           1|           1|
    |ap_enable_pp0              |    xor   |      0|  0|   2|           1|           2|
    +---------------------------+----------+-------+---+----+------------+------------+
    |Total                      |          |      0|  0|   4|           2|           3|
    +---------------------------+----------+-------+---+----+------------+------------+

    * Multiplexer: 
    +-------------------------+----+-----------+-----+-----------+
    |           Name          | LUT| Input Size| Bits| Total Bits|
    +-------------------------+----+-----------+-----+-----------+
    |A_address0               |  33|          6|    4|         24|
    |A_address1               |  27|          5|    4|         20|
    |B_address0               |  33|          6|    4|         24|
    |B_address1               |  27|          5|    4|         20|
    |ap_NS_fsm                |  33|          6|    1|          6|
    |ap_enable_reg_pp0_iter0  |   9|          2|    1|          2|
    |ap_enable_reg_pp0_iter9  |   9|          2|    1|          2|
    |grp_fu_214_p0            |  33|          6|   32|        192|
    |grp_fu_214_p1            |  33|          6|   32|        192|
    |grp_fu_218_p0            |  33|          6|   32|        192|
    |grp_fu_218_p1            |  33|          6|   32|        192|
    |grp_fu_222_p0            |  27|          5|   32|        160|
    |grp_fu_222_p1            |  27|          5|   32|        160|
    |grp_fu_226_p0            |  27|          5|   32|        160|
    |grp_fu_226_p1            |  27|          5|   32|        160|
    |grp_fu_230_p0            |  21|          4|   32|        128|
    |grp_fu_230_p1            |  33|          6|   32|        192|
    |grp_fu_234_p0            |  33|          6|   32|        192|
    |grp_fu_234_p1            |  33|          6|   32|        192|
    |grp_fu_238_p0            |  33|          6|   32|        192|
    |grp_fu_238_p1            |  21|          4|   32|        128|
    |grp_fu_242_p0            |  33|          6|   32|        192|
    |grp_fu_242_p1            |  21|          4|   32|        128|
    |grp_fu_246_p0            |  27|          5|   32|        160|
    |grp_fu_246_p1            |  27|          5|   32|        160|
    |grp_fu_250_p0            |  15|          3|   32|         96|
    |grp_fu_250_p1            |  15|          3|   32|         96|
    +-------------------------+----+-----------+-----+-----------+
    |Total                    | 723|        134|  659|       3362|
    +-------------------------+----+-----------+-----+-----------+

    * Register: 
    +-----------------------------+----+----+-----+-----------+
    |             Name            | FF | LUT| Bits| Const Bits|
    +-----------------------------+----+----+-----+-----------+
    |A_load_1_reg_487             |  32|   0|   32|          0|
    |A_load_2_reg_501             |  32|   0|   32|          0|
    |A_load_3_reg_340             |  32|   0|   32|          0|
    |A_load_4_reg_358             |  32|   0|   32|          0|
    |A_load_5_reg_392             |  32|   0|   32|          0|
    |A_load_6_reg_399             |  32|   0|   32|          0|
    |A_load_7_reg_446             |  32|   0|   32|          0|
    |A_load_8_reg_453             |  32|   0|   32|          0|
    |A_load_reg_469               |  32|   0|   32|          0|
    |B_load_1_reg_481             |  32|   0|   32|          0|
    |B_load_2_reg_494             |  32|   0|   32|          0|
    |B_load_3_reg_346             |  32|   0|   32|          0|
    |B_load_4_reg_352             |  32|   0|   32|          0|
    |B_load_5_reg_385             |  32|   0|   32|          0|
    |B_load_6_reg_406             |  32|   0|   32|          0|
    |B_load_7_reg_432             |  32|   0|   32|          0|
    |B_load_8_reg_439             |  32|   0|   32|          0|
    |B_load_reg_475               |  32|   0|   32|          0|
    |C_0_1_i_reg_693              |  32|   0|   32|          0|
    |C_0_2_i_reg_698              |  32|   0|   32|          0|
    |C_0_i_reg_688                |  32|   0|   32|          0|
    |C_1_1_i_reg_708              |  32|   0|   32|          0|
    |C_1_2_i_reg_713              |  32|   0|   32|          0|
    |C_1_i_reg_703                |  32|   0|   32|          0|
    |C_2_1_i_reg_723              |  32|   0|   32|          0|
    |C_2_i_reg_718                |  32|   0|   32|          0|
    |ap_CS_fsm                    |   5|   0|    5|          0|
    |ap_enable_reg_pp0_iter0_reg  |   1|   0|    1|          0|
    |ap_enable_reg_pp0_iter1      |   1|   0|    1|          0|
    |ap_enable_reg_pp0_iter2      |   1|   0|    1|          0|
    |ap_enable_reg_pp0_iter3      |   1|   0|    1|          0|
    |ap_enable_reg_pp0_iter4      |   1|   0|    1|          0|
    |ap_enable_reg_pp0_iter5      |   1|   0|    1|          0|
    |ap_enable_reg_pp0_iter6      |   1|   0|    1|          0|
    |ap_enable_reg_pp0_iter7      |   1|   0|    1|          0|
    |ap_enable_reg_pp0_iter8      |   1|   0|    1|          0|
    |ap_enable_reg_pp0_iter9      |   1|   0|    1|          0|
    |mult_1_0_1_i_reg_513         |  32|   0|   32|          0|
    |mult_1_0_2_i_reg_528         |  32|   0|   32|          0|
    |mult_1_1_1_i_reg_523         |  32|   0|   32|          0|
    |mult_1_1_2_i_reg_533         |  32|   0|   32|          0|
    |mult_1_1_i_reg_518           |  32|   0|   32|          0|
    |mult_1_2_1_i_reg_543         |  32|   0|   32|          0|
    |mult_1_2_2_i_reg_548         |  32|   0|   32|          0|
    |mult_1_2_i_reg_538           |  32|   0|   32|          0|
    |mult_1_i_reg_508             |  32|   0|   32|          0|
    |mult_2_0_1_i_reg_558         |  32|   0|   32|          0|
    |mult_2_0_2_i_reg_563         |  32|   0|   32|          0|
    |mult_2_1_1_i_reg_573         |  32|   0|   32|          0|
    |mult_2_1_2_i_reg_578         |  32|   0|   32|          0|
    |mult_2_1_i_reg_568           |  32|   0|   32|          0|
    |mult_2_2_1_i_reg_608         |  32|   0|   32|          0|
    |mult_2_2_2_i_reg_613         |  32|   0|   32|          0|
    |mult_2_2_i_reg_583           |  32|   0|   32|          0|
    |mult_2_i_reg_553             |  32|   0|   32|          0|
    |sum_mult_0_0_reg_588         |  32|   0|   32|          0|
    |sum_mult_0_1_reg_593         |  32|   0|   32|          0|
    |sum_mult_0_2_reg_618         |  32|   0|   32|          0|
    |sum_mult_1_0_reg_598         |  32|   0|   32|          0|
    |sum_mult_1_1_reg_603         |  32|   0|   32|          0|
    |sum_mult_1_2_reg_623         |  32|   0|   32|          0|
    |sum_mult_2_0_reg_628         |  32|   0|   32|          0|
    |sum_mult_2_1_reg_633         |  32|   0|   32|          0|
    |sum_mult_2_2_reg_638         |  32|   0|   32|          0|
    |tmp1_reg_648                 |  32|   0|   32|          0|
    |tmp2_reg_653                 |  32|   0|   32|          0|
    |tmp3_reg_658                 |  32|   0|   32|          0|
    |tmp4_reg_663                 |  32|   0|   32|          0|
    |tmp5_reg_668                 |  32|   0|   32|          0|
    |tmp6_reg_673                 |  32|   0|   32|          0|
    |tmp7_reg_678                 |  32|   0|   32|          0|
    |tmp8_reg_683                 |  32|   0|   32|          0|
    |tmp_reg_643                  |  32|   0|   32|          0|
    |sum_mult_0_0_reg_588         |  64|  32|   32|          0|
    |sum_mult_0_1_reg_593         |  64|  32|   32|          0|
    |sum_mult_0_2_reg_618         |  64|  32|   32|          0|
    |sum_mult_1_0_reg_598         |  64|  32|   32|          0|
    |sum_mult_1_1_reg_603         |  64|  32|   32|          0|
    |sum_mult_1_2_reg_623         |  64|  32|   32|          0|
    |sum_mult_2_0_reg_628         |  64|  32|   32|          0|
    |sum_mult_2_1_reg_633         |  64|  32|   32|          0|
    |sum_mult_2_2_reg_638         |  64|  32|   32|          0|
    +-----------------------------+----+----+-----+-----------+
    |Total                        |2575| 288| 2287|          0|
    +-----------------------------+----+----+-----+-----------+



================================================================
== Interface
================================================================
* Summary: 
+-------------+-----+-----+------------+-----------------------+--------------+
|  RTL Ports  | Dir | Bits|  Protocol  |     Source Object     |    C Type    |
+-------------+-----+-----+------------+-----------------------+--------------+
|ap_clk       |  in |    1| ap_ctrl_hs | matrix_multiply_top.1 | return value |
|ap_rst       |  in |    1| ap_ctrl_hs | matrix_multiply_top.1 | return value |
|ap_start     |  in |    1| ap_ctrl_hs | matrix_multiply_top.1 | return value |
|ap_done      | out |    1| ap_ctrl_hs | matrix_multiply_top.1 | return value |
|ap_idle      | out |    1| ap_ctrl_hs | matrix_multiply_top.1 | return value |
|ap_ready     | out |    1| ap_ctrl_hs | matrix_multiply_top.1 | return value |
|ap_return_0  | out |   32| ap_ctrl_hs | matrix_multiply_top.1 | return value |
|ap_return_1  | out |   32| ap_ctrl_hs | matrix_multiply_top.1 | return value |
|ap_return_2  | out |   32| ap_ctrl_hs | matrix_multiply_top.1 | return value |
|ap_return_3  | out |   32| ap_ctrl_hs | matrix_multiply_top.1 | return value |
|ap_return_4  | out |   32| ap_ctrl_hs | matrix_multiply_top.1 | return value |
|ap_return_5  | out |   32| ap_ctrl_hs | matrix_multiply_top.1 | return value |
|ap_return_6  | out |   32| ap_ctrl_hs | matrix_multiply_top.1 | return value |
|ap_return_7  | out |   32| ap_ctrl_hs | matrix_multiply_top.1 | return value |
|ap_return_8  | out |   32| ap_ctrl_hs | matrix_multiply_top.1 | return value |
|A_address0   | out |    4|  ap_memory |           A           |     array    |
|A_ce0        | out |    1|  ap_memory |           A           |     array    |
|A_q0         |  in |   32|  ap_memory |           A           |     array    |
|A_address1   | out |    4|  ap_memory |           A           |     array    |
|A_ce1        | out |    1|  ap_memory |           A           |     array    |
|A_q1         |  in |   32|  ap_memory |           A           |     array    |
|B_address0   | out |    4|  ap_memory |           B           |     array    |
|B_ce0        | out |    1|  ap_memory |           B           |     array    |
|B_q0         |  in |   32|  ap_memory |           B           |     array    |
|B_address1   | out |    4|  ap_memory |           B           |     array    |
|B_ce1        | out |    1|  ap_memory |           B           |     array    |
|B_q1         |  in |   32|  ap_memory |           B           |     array    |
+-------------+-----+-----+------------+-----------------------+--------------+

