INFO-FLOW: Workspace D:/Gabriel/Documents/Xilinx/matrix_multiply/proj_matrix_multiply/solution1 opened at Wed Dec 19 00:30:54 -0200 2018
Execute     config_clock -quiet -name default -period 4 -default=false 
INFO: [SYN 201-201] Setting up clock 'default' with a period of 4ns.
Execute     open_platform DefaultPlatform 
Execute     import_lib D:/Xilinx/Vivado/2018.3/common/technology/xilinx/spartan7/spartan7 
Execute       source D:/Xilinx/Vivado/2018.3/common/technology/xilinx/common/xilinx.lib 
Execute         source D:/Xilinx/Vivado/2018.3/common/technology/xilinx/interface/xilinx_interface.lib 
Execute           source D:/Xilinx/Vivado/2018.3/common/technology/xilinx/interface/plb46.lib 
Execute           source D:/Xilinx/Vivado/2018.3/common/technology/xilinx/interface/fsl.lib 
Execute           source D:/Xilinx/Vivado/2018.3/common/technology/xilinx/interface/axi4.lib 
Execute           source D:/Xilinx/Vivado/2018.3/common/technology/xilinx/interface/maxi.lib 
Execute           source D:/Xilinx/Vivado/2018.3/common/technology/xilinx/interface/saxilite.lib 
Execute         source D:/Xilinx/Vivado/2018.3/common/technology/xilinx/common/dsp48.lib 
Execute         source D:/Xilinx/Vivado/2018.3/common/technology/xilinx/ip/dds_compiler.lib 
Execute         source D:/Xilinx/Vivado/2018.3/common/technology/xilinx/ip/xfft.lib 
Execute         source D:/Xilinx/Vivado/2018.3/common/technology/xilinx/ip/xfir.lib 
Execute       source D:/Xilinx/Vivado/2018.3/common/technology/xilinx/common/xilinx_old.lib 
Execute       source D:/Xilinx/Vivado/2018.3/common/technology/xilinx/common/xilinx_vivado.lib 
Execute       source D:/Xilinx/Vivado/2018.3/common/technology/xilinx/common/xilinx.hlp 
Execute         source D:/Xilinx/Vivado/2018.3/common/technology/xilinx/common/target_info.tcl 
Execute         source D:/Xilinx/Vivado/2018.3/common/technology/xilinx/interface/xilinx_interface.hlp 
Execute           source D:/Xilinx/Vivado/2018.3/common/technology/xilinx/interface/maxi.hlp 
Execute           source D:/Xilinx/Vivado/2018.3/common/technology/xilinx/interface/saxilite.hlp 
Execute         source D:/Xilinx/Vivado/2018.3/common/technology/xilinx/common/dsp48.hlp 
Execute       source D:/Xilinx/Vivado/2018.3/common/technology/xilinx/spartan7/dsp48e1.hlp 
Execute       get_default_platform 
Execute       config_chip_info -quiet -resource  {SLICE 8150}  {LUT 32600}     {FF 65200}  {DSP48E 120}    {BRAM 150}  
Execute       config_chip_info -quiet -speed medium 
Execute       source D:/Xilinx/Vivado/2018.3/common/technology/xilinx/common/xilinx.hlp 
Execute         source D:/Xilinx/Vivado/2018.3/common/technology/xilinx/common/target_info.tcl 
Execute         source D:/Xilinx/Vivado/2018.3/common/technology/xilinx/interface/xilinx_interface.hlp 
Execute           source D:/Xilinx/Vivado/2018.3/common/technology/xilinx/interface/maxi.hlp 
Execute           source D:/Xilinx/Vivado/2018.3/common/technology/xilinx/interface/saxilite.hlp 
Execute         source D:/Xilinx/Vivado/2018.3/common/technology/xilinx/common/dsp48.hlp 
Execute     source D:/Xilinx/Vivado/2018.3/common/technology/xilinx/spartan7/spartan7.gen 
Execute       source D:/Xilinx/Vivado/2018.3/common/technology/xilinx/common/virtex.gen 
Execute         source D:/Xilinx/Vivado/2018.3/common/technology/xilinx/common/xilinx.gen 
Execute           source D:/Xilinx/Vivado/2018.3/common/technology/xilinx/interface/plb46.gen 
Execute           source D:/Xilinx/Vivado/2018.3/common/technology/xilinx/interface/fsl.gen 
Execute           source D:/Xilinx/Vivado/2018.3/common/technology/xilinx/interface/axi4.gen 
Execute           source D:/Xilinx/Vivado/2018.3/common/technology/xilinx/interface/nativeAXI4.gen 
Execute             source D:/Xilinx/Vivado/2018.3/common/technology/xilinx/interface/saxilite.gen 
Execute             source D:/Xilinx/Vivado/2018.3/common/technology/xilinx/interface/maxi.gen 
Execute           source D:/Xilinx/Vivado/2018.3/common/technology/xilinx/scripts/xilinxcoregen.gen 
Execute           source D:/Xilinx/Vivado/2018.3/common/technology/xilinx/interface/XilEDKCoreGen.gen 
Execute           source D:/Xilinx/Vivado/2018.3/common/technology/xilinx/ip/dds_compiler.gen 
Execute           source D:/Xilinx/Vivado/2018.3/common/technology/xilinx/ip/util.gen 
Execute           source D:/Xilinx/Vivado/2018.3/common/technology/xilinx/ip/xfft.gen 
Command           ap_source done; 0.133 sec.
Execute           source D:/Xilinx/Vivado/2018.3/common/technology/xilinx/ip/xfir.gen 
Command         ap_source done; 0.195 sec.
Execute         source D:/Xilinx/Vivado/2018.3/common/technology/xilinx/common/dsp48.gen 
Command       ap_source done; 0.2 sec.
Command     ap_source done; 0.2 sec.
Execute     set_part xc7s75fgga676-2 
Execute       add_library xilinx/spartan7/spartan7:xc7s75:fgga676:-2 
Execute         get_default_platform 
Execute         license_isbetapart xc7s75 
Command         license_isbetapart done; error code: 1; 
Execute         get_default_platform 
Execute         config_chip_info -quiet -resource  {SLICE 12000} {LUT 48000}     {FF 96000}  {DSP48E 140}    {BRAM 180}  
Execute         config_chip_info -quiet -speed medium 
Execute       add_library xilinx/spartan7/spartan7_fpv6 
Execute         get_default_platform 
Execute         open_platform DefaultPlatform 
Execute         import_lib D:/Xilinx/Vivado/2018.3/common/technology/xilinx/spartan7/spartan7_fpv6 
Execute           source D:/Xilinx/Vivado/2018.3/common/technology/xilinx/common/xilinx_fpv7.lib 
Execute             source D:/Xilinx/Vivado/2018.3/common/technology/xilinx/common/xilinx_hp.lib 
Execute           source D:/Xilinx/Vivado/2018.3/common/technology/xilinx/common/xilinx_fpv.hlp 
Execute             source D:/Xilinx/Vivado/2018.3/common/technology/xilinx/common/xilinx.hlp 
Execute               source D:/Xilinx/Vivado/2018.3/common/technology/xilinx/common/target_info.tcl 
Execute               source D:/Xilinx/Vivado/2018.3/common/technology/xilinx/interface/xilinx_interface.hlp 
Execute                 source D:/Xilinx/Vivado/2018.3/common/technology/xilinx/interface/maxi.hlp 
Execute                 source D:/Xilinx/Vivado/2018.3/common/technology/xilinx/interface/saxilite.hlp 
Execute               source D:/Xilinx/Vivado/2018.3/common/technology/xilinx/common/dsp48.hlp 
Execute           source D:/Xilinx/Vivado/2018.3/common/technology/xilinx/spartan7/spartan7_hp.hlp 
Execute         source D:/Xilinx/Vivado/2018.3/common/technology/xilinx/spartan7/spartan7_fpv6.gen 
Execute           source D:/Xilinx/Vivado/2018.3/common/technology/xilinx/common/xilinx_fpv6.gen 
INFO: [HLS 200-10] Setting target device to 'xc7s75fgga676-2'
Execute       get_default_platform 
Command     set_part done; 0.125 sec.
Execute     get_default_platform 
Execute     config_chip_info -quiet -resource  {SLICE 12000} {LUT 48000}     {FF 96000}  {DSP48E 140}    {BRAM 180}  
Execute     config_chip_info -quiet -speed medium 
Execute     config_compile -no_signed_zeros=false 
INFO: [XFORM 203-1172] Optimizing floating point zeros and discarding its signedness.
Execute     config_compile -unsafe_math_optimizations=false 
INFO: [XFORM 203-1172] Optimizing floating point zeros and discarding its signedness.
INFO: [XFORM 203-1173] Reordering floating point operations aggressively.
INFO: [XFORM 203-1176] Optimizing floating point comparison without checking NaN.
Command   open_solution done; 0.402 sec.
Execute   set_part xc7k70tfbv676-3 
Execute     add_library xilinx/kintex7/kintex7:xc7k70t:fbv676:-3 
Execute       get_default_platform 
Execute       license_isbetapart xc7k70t 
Command       license_isbetapart done; error code: 1; 
Execute       open_platform DefaultPlatform 
Execute       import_lib D:/Xilinx/Vivado/2018.3/common/technology/xilinx/kintex7/kintex7 
Execute         source D:/Xilinx/Vivado/2018.3/common/technology/xilinx/common/xilinx.lib 
Execute           source D:/Xilinx/Vivado/2018.3/common/technology/xilinx/interface/xilinx_interface.lib 
Execute             source D:/Xilinx/Vivado/2018.3/common/technology/xilinx/interface/plb46.lib 
Execute             source D:/Xilinx/Vivado/2018.3/common/technology/xilinx/interface/fsl.lib 
Execute             source D:/Xilinx/Vivado/2018.3/common/technology/xilinx/interface/axi4.lib 
Execute             source D:/Xilinx/Vivado/2018.3/common/technology/xilinx/interface/maxi.lib 
Execute             source D:/Xilinx/Vivado/2018.3/common/technology/xilinx/interface/saxilite.lib 
Execute           source D:/Xilinx/Vivado/2018.3/common/technology/xilinx/common/dsp48.lib 
Execute           source D:/Xilinx/Vivado/2018.3/common/technology/xilinx/ip/dds_compiler.lib 
Execute           source D:/Xilinx/Vivado/2018.3/common/technology/xilinx/ip/xfft.lib 
Execute           source D:/Xilinx/Vivado/2018.3/common/technology/xilinx/ip/xfir.lib 
Execute         source D:/Xilinx/Vivado/2018.3/common/technology/xilinx/common/xilinx_old.lib 
Execute         source D:/Xilinx/Vivado/2018.3/common/technology/xilinx/common/xilinx_vivado.lib 
Execute         source D:/Xilinx/Vivado/2018.3/common/technology/xilinx/common/xilinx.hlp 
Execute           source D:/Xilinx/Vivado/2018.3/common/technology/xilinx/common/target_info.tcl 
Execute           source D:/Xilinx/Vivado/2018.3/common/technology/xilinx/interface/xilinx_interface.hlp 
Execute             source D:/Xilinx/Vivado/2018.3/common/technology/xilinx/interface/maxi.hlp 
Execute             source D:/Xilinx/Vivado/2018.3/common/technology/xilinx/interface/saxilite.hlp 
Execute           source D:/Xilinx/Vivado/2018.3/common/technology/xilinx/common/dsp48.hlp 
Execute         source D:/Xilinx/Vivado/2018.3/common/technology/xilinx/kintex7/dsp48e1.hlp 
Execute         get_default_platform 
Execute         config_chip_info -quiet -resource  {SLICE 50950} {LUT 203800}    {FF 407600} {DSP48E 840}    {BRAM 890}  
Execute         config_chip_info -quiet -speed medium 
Execute         source D:/Xilinx/Vivado/2018.3/common/technology/xilinx/common/xilinx.hlp 
Execute           source D:/Xilinx/Vivado/2018.3/common/technology/xilinx/common/target_info.tcl 
Execute           source D:/Xilinx/Vivado/2018.3/common/technology/xilinx/interface/xilinx_interface.hlp 
Execute             source D:/Xilinx/Vivado/2018.3/common/technology/xilinx/interface/maxi.hlp 
Execute             source D:/Xilinx/Vivado/2018.3/common/technology/xilinx/interface/saxilite.hlp 
Execute           source D:/Xilinx/Vivado/2018.3/common/technology/xilinx/common/dsp48.hlp 
Execute       source D:/Xilinx/Vivado/2018.3/common/technology/xilinx/kintex7/kintex7.gen 
Execute         source D:/Xilinx/Vivado/2018.3/common/technology/xilinx/common/virtex.gen 
Execute           source D:/Xilinx/Vivado/2018.3/common/technology/xilinx/common/xilinx.gen 
Execute             source D:/Xilinx/Vivado/2018.3/common/technology/xilinx/interface/plb46.gen 
Execute             source D:/Xilinx/Vivado/2018.3/common/technology/xilinx/interface/fsl.gen 
Execute             source D:/Xilinx/Vivado/2018.3/common/technology/xilinx/interface/axi4.gen 
Execute             source D:/Xilinx/Vivado/2018.3/common/technology/xilinx/interface/nativeAXI4.gen 
Execute               source D:/Xilinx/Vivado/2018.3/common/technology/xilinx/interface/saxilite.gen 
Execute               source D:/Xilinx/Vivado/2018.3/common/technology/xilinx/interface/maxi.gen 
Execute             source D:/Xilinx/Vivado/2018.3/common/technology/xilinx/scripts/xilinxcoregen.gen 
Execute             source D:/Xilinx/Vivado/2018.3/common/technology/xilinx/interface/XilEDKCoreGen.gen 
Execute             source D:/Xilinx/Vivado/2018.3/common/technology/xilinx/ip/dds_compiler.gen 
Execute             source D:/Xilinx/Vivado/2018.3/common/technology/xilinx/ip/util.gen 
Execute             source D:/Xilinx/Vivado/2018.3/common/technology/xilinx/ip/xfft.gen 
Command             ap_source done; 0.11 sec.
Execute             source D:/Xilinx/Vivado/2018.3/common/technology/xilinx/ip/xfir.gen 
Command           ap_source done; 0.175 sec.
Execute           source D:/Xilinx/Vivado/2018.3/common/technology/xilinx/common/dsp48.gen 
Command         ap_source done; 0.178 sec.
Command       ap_source done; 0.178 sec.
Execute       get_default_platform 
Execute       config_chip_info -quiet -resource  {SLICE 10550} {LUT 42200}     {FF 84400}  {DSP48E 240}    {BRAM 270}  
Execute       config_chip_info -quiet -speed fast 
Command     add_library done; 0.223 sec.
Execute     add_library xilinx/kintex7/kintex7_fpv6 
Execute       get_default_platform 
Execute       open_platform DefaultPlatform 
Execute       import_lib D:/Xilinx/Vivado/2018.3/common/technology/xilinx/kintex7/kintex7_fpv6 
Execute         source D:/Xilinx/Vivado/2018.3/common/technology/xilinx/common/xilinx_fpv7.lib 
Execute           source D:/Xilinx/Vivado/2018.3/common/technology/xilinx/common/xilinx_hp.lib 
Execute         source D:/Xilinx/Vivado/2018.3/common/technology/xilinx/common/xilinx_fpv.hlp 
Execute           source D:/Xilinx/Vivado/2018.3/common/technology/xilinx/common/xilinx.hlp 
Execute             source D:/Xilinx/Vivado/2018.3/common/technology/xilinx/common/target_info.tcl 
Execute             source D:/Xilinx/Vivado/2018.3/common/technology/xilinx/interface/xilinx_interface.hlp 
Execute               source D:/Xilinx/Vivado/2018.3/common/technology/xilinx/interface/maxi.hlp 
Execute               source D:/Xilinx/Vivado/2018.3/common/technology/xilinx/interface/saxilite.hlp 
Execute             source D:/Xilinx/Vivado/2018.3/common/technology/xilinx/common/dsp48.hlp 
Execute         source D:/Xilinx/Vivado/2018.3/common/technology/xilinx/kintex7/kintex7_hp.hlp 
Execute       source D:/Xilinx/Vivado/2018.3/common/technology/xilinx/kintex7/kintex7_fpv6.gen 
Execute         source D:/Xilinx/Vivado/2018.3/common/technology/xilinx/common/xilinx_fpv6.gen 
WARNING: [HLS 200-40] Resetting target device to 'xc7k70tfbv676-3'
Execute     get_default_platform 
Command   set_part done; 0.347 sec.
Execute   create_clock -period 4 -name default 
Execute   config_compile 
Execute   source ./proj_matrix_multiply/solution1/directives.tcl 
Execute   csynth_design 
Execute     get_config_compile -effort 
Execute     get_config_compile -enable_clang39 
Execute     get_config_compile -g 
Execute     get_config_compile -lm 
Execute     get_config_compile -ng 
Execute     get_config_compile -opt_fp 
Execute     get_config_compile -skip_cdt 
Execute     get_config_compile -skip_syncheck 
Execute     get_config_compile -skip_transform 
Execute     config_compile -blackbox  
Execute     get_config_compile -keep_printf 
Execute     elaborate -effort=medium -skip_syncheck=0 -keep_printf=0 -lm=0 -skip_cdt=0 -skip_transform=0 -ng=0 -g=0 -opt_fp=0 -from_csynth_design=1 
Execute       get_config_schedule -relax_ii_for_timing 
INFO: [SCHED 204-61] Option 'relax_ii_for_timing' is enabled, will increase II to preserve clock frequency constraints.
Execute       get_config_schedule -suppress_dependence_error_break 
INFO: [HLS 200-10] Analyzing design file 'matrix_multiply.cpp' ... 
INFO-FLOW: Compiling one TU...
Execute       is_m_axi_addr64 
INFO-FLOW: Handling matrix_multiply.cpp as C++
Execute       get_default_platform 
Execute       is_encrypted matrix_multiply.cpp 
Execute       get_default_platform 
INFO-FLOW: Running: GCC PP
INFO-FLOW: Source preprocessing
Execute       clang  -fno-limit-debug-info -gcc-toolchain "D:/Xilinx/Vivado/2018.3/msys" -hls  -fno-exceptions  -D__llvm__  -E "matrix_multiply.cpp"     -fno-math-errno -c -emit-llvm -O0  -mllvm -disable-llvm-optzns -fno-threadsafe-statics  -fno-use-cxa-atexit  -fno-threadsafe-statics -fno-use-cxa-atexit -D__CLANG_3_1__ -D__cdecl= -DAESL_SYN -D__SYNTHESIS__ -D__HLS_SYN__ -I "D:/Xilinx/Vivado/2018.3/common/technology/autopilot" -I "D:/Xilinx/Vivado/2018.3/common/technology/autopilot/ap_sysc" -include etc/autopilot_ssdm_op.h -D__DSP48E1__  -o "D:/Gabriel/Documents/Xilinx/matrix_multiply/proj_matrix_multiply/solution1/.autopilot/db/matrix_multiply.pp.0.cpp" 
INFO-FLOW: exec D:/Xilinx/Vivado/2018.3/win64/tools/clang/bin/clang -fno-limit-debug-info -gcc-toolchain D:/Xilinx/Vivado/2018.3/msys -hls -fno-exceptions -D__llvm__ -E matrix_multiply.cpp -fno-math-errno -c -emit-llvm -O0 -mllvm -disable-llvm-optzns -fno-threadsafe-statics -fno-use-cxa-atexit -fno-threadsafe-statics -fno-use-cxa-atexit -D__CLANG_3_1__ -D__cdecl= -DAESL_SYN -D__SYNTHESIS__ -D__HLS_SYN__ -I D:/Xilinx/Vivado/2018.3/common/technology/autopilot -I D:/Xilinx/Vivado/2018.3/common/technology/autopilot/ap_sysc -include etc/autopilot_ssdm_op.h -D__DSP48E1__ -o D:/Gabriel/Documents/Xilinx/matrix_multiply/proj_matrix_multiply/solution1/.autopilot/db/matrix_multiply.pp.0.cpp
Command       clang done; 2.329 sec.
Execute       tidy_31 xilinx-xfmat-array-geometry D:/Gabriel/Documents/Xilinx/matrix_multiply/proj_matrix_multiply/solution1/.autopilot/db/matrix_multiply.pp.0.cpp std=gnu++98 
INFO-FLOW: exec D:/Xilinx/Vivado/2018.3/win64/tools/clang-3.9-csynth/bin/tidy-3.1 -header-filter=.* -checks=-*,xilinx-xfmat-array-geometry -quiet -fix D:/Gabriel/Documents/Xilinx/matrix_multiply/proj_matrix_multiply/solution1/.autopilot/db/matrix_multiply.pp.0.cpp -- -std=gnu++98 -fhls -ferror-limit=0
Command       tidy_31 done; 1.333 sec.
INFO-FLOW: Syntax Checking before pre-processing...
Execute       clang -syntaxcheck -src D:/Gabriel/Documents/Xilinx/matrix_multiply/proj_matrix_multiply/solution1/.autopilot/db/matrix_multiply.pp.0.cpp  -fno-limit-debug-info -gcc-toolchain "D:/Xilinx/Vivado/2018.3/msys" -hls    -fno-math-errno -c -emit-llvm -O0  -mllvm -disable-llvm-optzns -fno-threadsafe-statics  -fno-use-cxa-atexit  -fno-threadsafe-statics -fno-use-cxa-atexit -D__CLANG_3_1__ -D__cdecl= -DAESL_SYN -D__SYNTHESIS__ -D__HLS_SYN__ -I "D:/Xilinx/Vivado/2018.3/common/technology/autopilot" -I "D:/Xilinx/Vivado/2018.3/common/technology/autopilot/ap_sysc" -include etc/autopilot_ssdm_op.h -D__DSP48E1__  "D:/Gabriel/Documents/Xilinx/matrix_multiply/proj_matrix_multiply/solution1/.autopilot/db/matrix_multiply.pp.0.cpp"  -o "D:/Gabriel/Documents/Xilinx/matrix_multiply/proj_matrix_multiply/solution1/.autopilot/db/useless.bc"  
INFO-FLOW: exec D:/Xilinx/Vivado/2018.3/win64/tools/clang/bin/clang -fno-limit-debug-info -gcc-toolchain D:/Xilinx/Vivado/2018.3/msys -hls -fno-math-errno -c -emit-llvm -O0 -mllvm -disable-llvm-optzns -fno-threadsafe-statics -fno-use-cxa-atexit -fno-threadsafe-statics -fno-use-cxa-atexit -D__CLANG_3_1__ -D__cdecl= -DAESL_SYN -D__SYNTHESIS__ -D__HLS_SYN__ -I D:/Xilinx/Vivado/2018.3/common/technology/autopilot -I D:/Xilinx/Vivado/2018.3/common/technology/autopilot/ap_sysc -include etc/autopilot_ssdm_op.h -D__DSP48E1__ D:/Gabriel/Documents/Xilinx/matrix_multiply/proj_matrix_multiply/solution1/.autopilot/db/matrix_multiply.pp.0.cpp -o D:/Gabriel/Documents/Xilinx/matrix_multiply/proj_matrix_multiply/solution1/.autopilot/db/useless.bc
Command       clang done; 5.288 sec.
INFO-FLOW: Done: GCC PP time: 9 seconds per iteration
Execute       list_core -type functional_unit 
Execute       tidy_31 xilinx-systemc-detector D:/Gabriel/Documents/Xilinx/matrix_multiply/proj_matrix_multiply/solution1/.autopilot/db/matrix_multiply.pp.0.cpp std=gnu++98 -directive=D:/Gabriel/Documents/Xilinx/matrix_multiply/proj_matrix_multiply/solution1/.autopilot/db/.systemc_flag 
INFO-FLOW: exec D:/Xilinx/Vivado/2018.3/win64/tools/clang-3.9-csynth/bin/tidy-3.1 -header-filter=.* -checks=-*,xilinx-systemc-detector -import-directive=D:/Gabriel/Documents/Xilinx/matrix_multiply/proj_matrix_multiply/solution1/.autopilot/db/.systemc_flag -quiet -fix-errors D:/Gabriel/Documents/Xilinx/matrix_multiply/proj_matrix_multiply/solution1/.autopilot/db/matrix_multiply.pp.0.cpp -- -std=gnu++98 -fhls -ferror-limit=0
Command       tidy_31 done; 1.257 sec.
INFO-FLOW: Running: tidy-3.1 CDT preprocess
Execute       tidy_31 xilinx-directive2pragma D:/Gabriel/Documents/Xilinx/matrix_multiply/proj_matrix_multiply/solution1/.autopilot/db/matrix_multiply.pp.0.cpp std=gnu++98 -directive=D:/Gabriel/Documents/Xilinx/matrix_multiply/proj_matrix_multiply/solution1/.autopilot/db/all.directive.json 
INFO-FLOW: exec D:/Xilinx/Vivado/2018.3/win64/tools/clang-3.9-csynth/bin/tidy-3.1 -header-filter=.* -checks=-*,xilinx-directive2pragma -import-directive=D:/Gabriel/Documents/Xilinx/matrix_multiply/proj_matrix_multiply/solution1/.autopilot/db/all.directive.json -quiet -fix-errors D:/Gabriel/Documents/Xilinx/matrix_multiply/proj_matrix_multiply/solution1/.autopilot/db/matrix_multiply.pp.0.cpp -- -std=gnu++98 -fhls -ferror-limit=0
Command       tidy_31 done; 1.23 sec.
Execute       get_config_dataflow -strict_mode 
Execute       ap_eval exec -ignorestderr D:/Xilinx/Vivado/2018.3/win64/tools/clang-3.9-csynth/bin/xilinx-dataflow-lawyer -export-fixes=D:/Gabriel/Documents/Xilinx/matrix_multiply/proj_matrix_multiply/solution1/.autopilot/db/xilinx-dataflow-lawyer.matrix_multiply.pp.0.cpp.diag.yml D:/Gabriel/Documents/Xilinx/matrix_multiply/proj_matrix_multiply/solution1/.autopilot/db/matrix_multiply.pp.0.cpp -- -std=gnu++98 -fhls -ferror-limit=0 -fstrict-dataflow > D:/Gabriel/Documents/Xilinx/matrix_multiply/proj_matrix_multiply/solution1/.autopilot/db/xilinx-dataflow-lawyer.matrix_multiply.pp.0.cpp.out.log 2> D:/Gabriel/Documents/Xilinx/matrix_multiply/proj_matrix_multiply/solution1/.autopilot/db/xilinx-dataflow-lawyer.matrix_multiply.pp.0.cpp.err.log 
Command       ap_eval done; 1.229 sec.
Execute       tidy_31 -errorcheck xilinx-constantarray-param,xilinx-resource-pragma-transformer,xilinx-xfmat-array-geometry D:/Gabriel/Documents/Xilinx/matrix_multiply/proj_matrix_multiply/solution1/.autopilot/db/matrix_multiply.pp.0.cpp std=gnu++98 
Execute         ap_eval exec -ignorestderr D:/Xilinx/Vivado/2018.3/win64/tools/clang-3.9-csynth/bin/tidy-3.1 -export-fixes=D:/Gabriel/Documents/Xilinx/matrix_multiply/proj_matrix_multiply/solution1/.autopilot/db/tidy-3.1.matrix_multiply.pp.0.cpp.diag.yml -header-filter=.* -checks=-*,xilinx-constantarray-param,xilinx-resource-pragma-transformer,xilinx-xfmat-array-geometry -quiet -fix-errors D:/Gabriel/Documents/Xilinx/matrix_multiply/proj_matrix_multiply/solution1/.autopilot/db/matrix_multiply.pp.0.cpp -- -std=gnu++98 -fhls -ferror-limit=0 > D:/Gabriel/Documents/Xilinx/matrix_multiply/proj_matrix_multiply/solution1/.autopilot/db/tidy-3.1.matrix_multiply.pp.0.cpp.out.log 2> D:/Gabriel/Documents/Xilinx/matrix_multiply/proj_matrix_multiply/solution1/.autopilot/db/tidy-3.1.matrix_multiply.pp.0.cpp.err.log 
Command         ap_eval done; 2.523 sec.
Execute         ap_eval exec -ignorestderr D:/Xilinx/Vivado/2018.3/win64/tools/clang-3.9-csynth/bin/xilinx-legacy-rewriter D:/Gabriel/Documents/Xilinx/matrix_multiply/proj_matrix_multiply/solution1/.autopilot/db/matrix_multiply.pp.0.cpp -- -std=gnu++98 -fhls -ferror-limit=0 > D:/Gabriel/Documents/Xilinx/matrix_multiply/proj_matrix_multiply/solution1/.autopilot/db/xilinx-legacy-rewriter.matrix_multiply.pp.0.cpp.out.log 2> D:/Gabriel/Documents/Xilinx/matrix_multiply/proj_matrix_multiply/solution1/.autopilot/db/xilinx-legacy-rewriter.matrix_multiply.pp.0.cpp.err.log 
Command         ap_eval done; 1.34 sec.
Command       tidy_31 done; 3.932 sec.
INFO-FLOW: Done: tidy-3.1 CDT preprocess time: 6.4 seconds per iteration
INFO-FLOW: Pragma Handling...
Execute       tidy_31 xilinx-ssdm-intrinsics-arguments D:/Gabriel/Documents/Xilinx/matrix_multiply/proj_matrix_multiply/solution1/.autopilot/db/matrix_multiply.pragma.1.cpp std=gnu++98 
INFO-FLOW: exec D:/Xilinx/Vivado/2018.3/win64/tools/clang-3.9-csynth/bin/tidy-3.1 -header-filter=.* -checks=-*,xilinx-ssdm-intrinsics-arguments -quiet -fix-errors D:/Gabriel/Documents/Xilinx/matrix_multiply/proj_matrix_multiply/solution1/.autopilot/db/matrix_multiply.pragma.1.cpp -- -std=gnu++98 -fhls -ferror-limit=0
Command       tidy_31 done; 2.652 sec.
Execute       get_default_platform 
INFO-FLOW: Processing labels
Execute       clang -src D:/Gabriel/Documents/Xilinx/matrix_multiply/proj_matrix_multiply/solution1/.autopilot/db/matrix_multiply.pragma.2.cpp  -fno-limit-debug-info -gcc-toolchain D:/Xilinx/Vivado/2018.3/msys -hls -hls-analyze-label -hls-analyze-pragma -fno-exceptions  -D__llvm__  -w  "D:/Gabriel/Documents/Xilinx/matrix_multiply/proj_matrix_multiply/solution1/.autopilot/db/matrix_multiply.pragma.2.cpp"    -fno-math-errno -c -emit-llvm -O0  -mllvm -disable-llvm-optzns -fno-threadsafe-statics  -fno-use-cxa-atexit -DAESL_SYN -D__SYNTHESIS__ -D__HLS_SYN__ -I "D:/Xilinx/Vivado/2018.3/common/technology/autopilot" -I "D:/Xilinx/Vivado/2018.3/common/technology/autopilot/ap_sysc" -include etc/autopilot_ssdm_op.h -D__DSP48E1__ -g -o "D:/Gabriel/Documents/Xilinx/matrix_multiply/proj_matrix_multiply/solution1/.autopilot/db/matrix_multiply.bc" 
INFO-FLOW: exec D:/Xilinx/Vivado/2018.3/win64/tools/clang/bin/clang -fno-limit-debug-info -gcc-toolchain D:/Xilinx/Vivado/2018.3/msys -hls -hls-analyze-label -hls-analyze-pragma -fno-exceptions -D__llvm__ -w D:/Gabriel/Documents/Xilinx/matrix_multiply/proj_matrix_multiply/solution1/.autopilot/db/matrix_multiply.pragma.2.cpp -fno-math-errno -c -emit-llvm -O0 -mllvm -disable-llvm-optzns -fno-threadsafe-statics -fno-use-cxa-atexit -DAESL_SYN -D__SYNTHESIS__ -D__HLS_SYN__ -I D:/Xilinx/Vivado/2018.3/common/technology/autopilot -I D:/Xilinx/Vivado/2018.3/common/technology/autopilot/ap_sysc -include etc/autopilot_ssdm_op.h -D__DSP48E1__ -g -o D:/Gabriel/Documents/Xilinx/matrix_multiply/proj_matrix_multiply/solution1/.autopilot/db/matrix_multiply.bc
Command       clang done; 5.208 sec.
INFO-FLOW: Linking Debug ...
Execute       llvm-ld D:/Gabriel/Documents/Xilinx/matrix_multiply/proj_matrix_multiply/solution1/.autopilot/db/matrix_multiply.g.bc -hls-opt -except-internalize matrix_multiply_top -LD:/Xilinx/Vivado/2018.3/win64/lib -lhlsm -lhlsmc++ -o D:/Gabriel/Documents/Xilinx/matrix_multiply/proj_matrix_multiply/solution1/.autopilot/db/a.g 
Command       llvm-ld done; 1.548 sec.
INFO: [HLS 200-111] Finished Linking Time (s): cpu = 00:00:01 ; elapsed = 00:00:29 . Memory (MB): peak = 107.121 ; gain = 23.492
INFO: [HLS 200-111] Finished Checking Pragmas Time (s): cpu = 00:00:01 ; elapsed = 00:00:29 . Memory (MB): peak = 107.121 ; gain = 23.492
Execute       get_config_sdx -target 
Execute       opt_and_import_c a -opt_level=2 -skip_syncheck=0 -ng=0 -keep_printf=0 
Execute         cleanup_all_models 
INFO: [HLS 200-10] Starting code transformations ...
Execute         transform -promote-dbg-pointer D:/Gabriel/Documents/Xilinx/matrix_multiply/proj_matrix_multiply/solution1/.autopilot/db/a.pp.bc -o D:/Gabriel/Documents/Xilinx/matrix_multiply/proj_matrix_multiply/solution1/.autopilot/db/a.pp.0.bc -f 
Execute         llvm-ld D:/Gabriel/Documents/Xilinx/matrix_multiply/proj_matrix_multiply/solution1/.autopilot/db/a.pp.0.bc -disable-opt -LD:/Xilinx/Vivado/2018.3/win64/lib -lfloatconversion -o D:/Gabriel/Documents/Xilinx/matrix_multiply/proj_matrix_multiply/solution1/.autopilot/db/a.g.0 
Command         llvm-ld done; 0.747 sec.
INFO-FLOW: Running Standard Transforms...
Execute         transform -hls -share-std-xform -demangle-name -inline-byval-memcpy -always-inline -promote-dbg-pointer -interface-preproc -mem2reg -lower-blackbox -scalarrepl -mem2reg -keep-read-access -instcombine -dce -promote-dbg-pointer -bitop-raise -loop-simplify -indvarspre -indvars -loop-simplify -xunroll -constprop -instcombine -simplifycfg -indvars -simplifycfg -dce -globaldce -basicaa -simplifycfg -mem2reg -globalopt -global-constprop -deadargelim -instcombine -simplifycfg -prune-eh -simplifycfg -scalarrepl -instcombine -reassociate -licm -simplifycfg -loop-simplify -indvars -instcombine -simplifycfg -mem2reg -loop-simplify -indvars -instcombine -gvn -gvn -instcombine -adce -break-crit-edges -simplifycfg -loop-delete -global-array-opt -dce -dse -adce -find-syn-modules -top matrix_multiply_top -deadargelim -mem2reg -instcombine -dce -presyn-prepare -auto-rom-infer -interface-preproc -syn-check -check-rec-only -find-region -simplifycfg -func-extr -function-inline -globaldce -mem2reg -instcombine -dce -gvn -globaldce -adce -adse -constprop -instcombine -bit-constprop -instcombine -dce -simplifycfg -bitop-raise -simplifycfg -dce -loop-delete -reassociate -globalopt -global-privatize -mem2reg -dce -global-constprop -pointer-simplify -constprop -dce -func-inst -deadargelim -auto-shift-reg-idiom -promote-dbg-pointer -norm-name D:/Gabriel/Documents/Xilinx/matrix_multiply/proj_matrix_multiply/solution1/.autopilot/db/a.g.0.bc -o D:/Gabriel/Documents/Xilinx/matrix_multiply/proj_matrix_multiply/solution1/.autopilot/db/a.g.1.bc -f -phase std-opt 
INFO: [HLS 200-111] Finished Standard Transforms Time (s): cpu = 00:00:01 ; elapsed = 00:00:30 . Memory (MB): peak = 107.711 ; gain = 24.082
INFO: [HLS 200-10] Checking synthesizability ...
INFO-FLOW: Checking Synthesizability 1/2..
Execute         transform -hls -syn-check -check-rec-only -disaggr -scalarrepl -norm-name -dce -mem2reg -instcombine -function-uniquify -directive-preproc -mem2reg -dse -dce -auto-rom-infer -dce -pag -array-normalize -instcombine -dce -warn-fifo-pointer -array-seg-normalize -instcombine -dce -array-flatten -instcombine -dce -array-burst -dce -deadargelim -promote-global-argument -simplifycfg -mem2reg -globaldce -resolve-double-ptr -dce -deadargelim -dce -instcombine -function-inline -globaldce -dce -doublePtrSimplify -doublePtrElim -dce -doublePtrSimplify -promote-dbg-pointer -dce -scalarrepl -dse -adse -instcombine -ptrLegalization -simplifycfg -dce -instcombine -pointer-simplify -ptrArgReplace -dce -instcombine -disaggr -scalarrepl -norm-name -dce -mem2reg -instcombine -ptrLegalization -simplifycfg -deadargelim -instcombine -dce -inst-simplify -function-uniquify -directive-preproc -mem2reg -dse -dce -globaldce -check-dspbuiltin D:/Gabriel/Documents/Xilinx/matrix_multiply/proj_matrix_multiply/solution1/.autopilot/db/a.g.1.bc -o D:/Gabriel/Documents/Xilinx/matrix_multiply/proj_matrix_multiply/solution1/.autopilot/db/a.g.2.prechk.bc -f 
INFO: [XFORM 203-602] Inlining function 'hls::NoTranspose::GetElement<3, 3, float>' into 'hls::GetMatrixElement<hls::NoTranspose, 3, 3, float>' (D:/Xilinx/Vivado/2018.3/common/technology/autopilot\hls/linear_algebra/utils/x_hls_matrix_utils.h:99) automatically.
INFO: [XFORM 203-602] Inlining function 'hls::GetMatrixElement<hls::NoTranspose, 3, 3, float>' into 'hls::matrix_multiply_alt2<hls::NoTranspose, hls::NoTranspose, 3, 3, 3, 3, 3, 3, hls::matrix_multiply_traits<hls::NoTranspose, hls::NoTranspose, 3, 3, 3, 3, float, float>, float, float>' (D:/Xilinx/Vivado/2018.3/common/technology/autopilot/hls/linear_algebra/hls_matrix_multiply.h:324) automatically.
INFO: [XFORM 203-602] Inlining function 'hls::matrix_multiply_top<hls::NoTranspose, hls::NoTranspose, 3, 3, 3, 3, 3, 3, hls::matrix_multiply_traits<hls::NoTranspose, hls::NoTranspose, 3, 3, 3, 3, float, float>, float, float>' into 'hls::matrix_multiply<hls::NoTranspose, hls::NoTranspose, 3, 3, 3, 3, 3, 3, float, float>' (D:/Xilinx/Vivado/2018.3/common/technology/autopilot/hls/linear_algebra/hls_matrix_multiply.h:560) automatically.
INFO: [XFORM 203-602] Inlining function 'hls::matrix_multiply<hls::NoTranspose, hls::NoTranspose, 3, 3, 3, 3, 3, 3, float, float>' into 'matrix_multiply_top' (matrix_multiply.cpp:57) automatically.
INFO-FLOW: Checking Synthesizability 2/2..
Execute         transform -syn-check D:/Gabriel/Documents/Xilinx/matrix_multiply/proj_matrix_multiply/solution1/.autopilot/db/a.g.2.prechk.bc -o D:/Gabriel/Documents/Xilinx/matrix_multiply/proj_matrix_multiply/solution1/.autopilot/db/a.g.2.bc -f -phase syn-check 
INFO: [HLS 200-111] Finished Checking Synthesizability Time (s): cpu = 00:00:01 ; elapsed = 00:00:30 . Memory (MB): peak = 108.223 ; gain = 24.594
INFO-FLOW: Compiler optimizing ...
INFO-FLOW: Share syncheck's 1.bc for syn flow: copy D:/Gabriel/Documents/Xilinx/matrix_multiply/proj_matrix_multiply/solution1/.autopilot/db/a.g.1.bc to D:/Gabriel/Documents/Xilinx/matrix_multiply/proj_matrix_multiply/solution1/.autopilot/db/a.o.1.bc
INFO-FLOW: Presyn 1...
Execute         transform -hls -tmp D:/Gabriel/Documents/Xilinx/matrix_multiply/proj_matrix_multiply/solution1/.autopilot/db -interface-port-rename -type-info -function-uniquify -directive-preproc -mem2reg -dse -dce -disaggr -scalarrepl -norm-name -deadargelim -mem2reg -instcombine -dce -simplifycfg -auto-rom-infer -dce -function-uniquify -resource-proc -simplifycfg -mem2reg -globaldce -resolve-double-ptr -dce -deadargelim -dce -instcombine -clib-intrinsic-prepare -dce -func-buffer -dce -pag -array-normalize -func-legal -instcombine -gvn -constprop -dce -ptrArgReplace -mem2reg -instcombine -dce -array-seg-normalize -deadargelim -instcombine -dce -pointer-simplify -dce -port-alignment -dce -interface-preproc -data-pack -instcombine -dce -basicaa -aggr-aa -aggrmodref-aa -aggr-aa -gvn -gvn -basicaa -aggr-aa -aggrmodref-aa -aggr-aa -dse -adse -adce -loop-simplify -indvars -instcombine -gvn -loop-simplify -mem2reg -dce -find-region -instcombine -auto-loop-pipeline -inst-simplify -interface-preproc -cfgopt -instcombine -indvars -auto-loop-unroll -loop-simplify -loop-bound -xunroll -constprop -instcombine -simplifycfg -indvars -simplifycfg -dce -globaldce -clean-region -attach-range -gvn -inst-simplify -constprop -simplifycfg -dce -pointer-simplify -dce -globalopt -constprop -dce -array-promote -constprop -instcombine -dce -ptrArgReplace -mem2reg -instcombine -simplifycfg -dce -auto-par -instcombine -dce -array-transform-check -array-reshape -instcombine -simplifycfg -dce -ptrArgReplace -deadargelim -mem2reg -instcombine -simplifycfg -dce -indvars -loop-simplify -loop-bound -xunroll -constprop -instcombine -simplifycfg -indvars -simplifycfg -dce -globaldce -basicaa -aggr-aa -aggrmodref-aa -aggr-aa -dse -duplicate-dataflow-processes -globaldce -instcombine -array-partition -instcombine -simplifycfg -dce -ptrArgReplace -global-constprop -deadargelim -mem2reg -func-legal -instcombine -dce -global-constprop -deadargelim -mem2reg -instcombine -simplifycfg -dce -merge-param -deadargelim -globalopt -constprop -dce -array-promote -constprop -instcombine -dce -ptrArgReplace -mem2reg -instcombine -simplifycfg -dce -mem-intrinsic-preproc -dce -global-internalize -global-privatize -mem2reg -globaldce -promote-global-argument -ptrArgReplace -mem2reg -instcombine -dce -globalopt -mergereturn -simplify-global-access -mem2reg -dce -pointer-simplify -dce -functionattrs -basicaa -aggr-aa -aggrmodref-aa -aggr-aa -gvn -gvn -basicaa -aggr-aa -aggrmodref-aa -aggr-aa -dse -adse -adce -inst-simplify -dce -norm-name -function-inline -globaldce -func-inst -constprop -instcombine -simplifycfg -dce -func-legal -dce -loop-bound -arraycheck -bitwidthmin -on-by-dataflow -loop-delete -instcombine -simplifycfg -globaldce -dce -gvn -deadargelim -dce -loop-simplify -clean-region -simplifycfg -propagate-stable-arguments -loop-stream -instcombine -simplifycfg -dce -globaldce -duplicate-dataflow-processes -stream-intrinsic-preproc -dce -check-ap-stream -loop-simplify -eliminate-keepreads -extract-dataflow-in-loop -loop-simplify -dce -gvn -deadargelim -dse -check-dataflow-syntax -legalize-stream-variable -legalize-global -extract-subproc -dce -dead-channel-elimination -canonicalize-gep -globaldce -dce -gvn -deadargelim -annotate-dataflow-channels -scalar-propagation -deadargelim -globaldce -mem2reg -check-dataflow-channels -function-stream -dce -globaldce -prop-fifo-spec -internal-stream-gen -canonicalize-gep -globaldce -dce -gvn -deadargelim -mergereturn -indvars -loop-simplify -instcombine -array-stream -array-seg-normalize -array-partition -func-legal -instcombine -simplifycfg -dce -bundle-memfifo-ops -deadargelim -function-uniquify -directive-preproc -mem2reg -dse -dce -group-axi-access -licm -simplifycfg -dce -loop-delete -norm-name D:/Gabriel/Documents/Xilinx/matrix_multiply/proj_matrix_multiply/solution1/.autopilot/db/a.o.1.bc -o D:/Gabriel/Documents/Xilinx/matrix_multiply/proj_matrix_multiply/solution1/.autopilot/db/a.o.1.tmp.bc -f 
WARNING: [XFORM 203-105] Cannot partition array 'b_i' (matrix_multiply.cpp:41): incorrect partition factor 1.
WARNING: [XFORM 203-105] Cannot partition array 'c_i' : incorrect partition factor 1.
WARNING: [XFORM 203-105] Cannot partition array 'sum_mult' (D:/Xilinx/Vivado/2018.3/common/technology/autopilot/hls/linear_algebra/hls_matrix_multiply.h:312): incorrect partition factor 1.
INFO: [XFORM 203-602] Inlining function 'hls::NoTranspose::GetElement<3, 3, float>' into 'hls::GetMatrixElement<hls::NoTranspose, 3, 3, float>' (D:/Xilinx/Vivado/2018.3/common/technology/autopilot\hls/linear_algebra/utils/x_hls_matrix_utils.h:99) automatically.
INFO: [XFORM 203-602] Inlining function 'hls::GetMatrixElement<hls::NoTranspose, 3, 3, float>' into 'hls::matrix_multiply_alt2<hls::NoTranspose, hls::NoTranspose, 3, 3, 3, 3, 3, 3, hls::matrix_multiply_traits<hls::NoTranspose, hls::NoTranspose, 3, 3, 3, 3, float, float>, float, float>' (D:/Xilinx/Vivado/2018.3/common/technology/autopilot/hls/linear_algebra/hls_matrix_multiply.h:324) automatically.
INFO: [XFORM 203-602] Inlining function 'hls::matrix_multiply_top<hls::NoTranspose, hls::NoTranspose, 3, 3, 3, 3, 3, 3, hls::matrix_multiply_traits<hls::NoTranspose, hls::NoTranspose, 3, 3, 3, 3, float, float>, float, float>' into 'hls::matrix_multiply<hls::NoTranspose, hls::NoTranspose, 3, 3, 3, 3, 3, 3, float, float>' (D:/Xilinx/Vivado/2018.3/common/technology/autopilot/hls/linear_algebra/hls_matrix_multiply.h:560) automatically.
INFO: [XFORM 203-602] Inlining function 'hls::matrix_multiply<hls::NoTranspose, hls::NoTranspose, 3, 3, 3, 3, 3, 3, float, float>' into 'matrix_multiply_top' (matrix_multiply.cpp:57) automatically.
Command         transform done; 0.296 sec.
INFO-FLOW: Presyn 2...
Execute         transform -hls -keep-callgraph -scalarrepl -mem2reg -port-alignment -attach-range -dce -pipe-mux-gen -indvars -loop-bound -inst-simplify -instcombine -dce -merge-array-access -mem2reg -dce -clean-region -mergereturn -if-conv -instcombine -dce -constprop -basicaa -aggr-aa -aggrmodref-aa -aggr-aa -gvn -gvn -basicaa -aggr-aa -aggrmodref-aa -aggr-aa -dse -adse -adce -scalarrepl -mem2reg -global-constprop -deadargelim -deadargelim -instcombine -dce -simplifycfg -ptrArgReplace -mem2reg -function-inline -globaldce -mem2reg -instcombine -dce -expr-balance -instcombine -dce -bitwidthmin -interface-preproc -directive-preproc -inst-rectify -instcombine -dce -functionattrs -constprop -instcombine -bit-constprop -simplify-global-access -globalopt -globaldce -inst-simplify -instcombine -elimdeaddata -dce -loop-delete -simplifycfg -loop-simplify -auto-burst -norm-name D:/Gabriel/Documents/Xilinx/matrix_multiply/proj_matrix_multiply/solution1/.autopilot/db/a.o.1.tmp.bc -o D:/Gabriel/Documents/Xilinx/matrix_multiply/proj_matrix_multiply/solution1/.autopilot/db/a.o.2.bc -f -phase presyn 
Command         transform done; 0.128 sec.
INFO: [HLS 200-111] Finished Pre-synthesis Time (s): cpu = 00:00:02 ; elapsed = 00:00:30 . Memory (MB): peak = 129.703 ; gain = 46.074
INFO-FLOW: Building ssdm...
Execute         transform -hls -function-uniquify -auto-function-inline -globaldce -ptrArgReplace -mem2reg -instcombine -dce -reset-lda -loop-simplify -indvars -licm -loop-dep -loop-bound -licm -loop-simplify -flattenloopnest -array-flatten -gvn -instcombine -dce -array-map -dce -func-legal -gvn -adce -instcombine -cfgopt -simplifycfg -loop-simplify -array-burst -promote-global-argument -dce -axi4-lower -array-seg-normalize -basicaa -aggrmodref-aa -globalsmodref-aa -aggr-aa -gvn -gvn -basicaa -aggrmodref-aa -globalsmodref-aa -aggr-aa -dse -adse -adce -licm -inst-simplify -dce -globaldce -instcombine -array-stream -eliminate-keepreads -instcombine -dce -deadargelim -doublePtrSimplify -doublePtrElim -dce -doublePtrSimplify -promote-dbg-pointer -dce -scalarrepl -mem2reg -disaggr -norm-name -mem2reg -instcombine -dse -adse -adce -ptrLegalization -dce -auto-rom-infer -array-flatten -dce -instcombine -check-doubleptr -loop-rot -constprop -cfgopt -simplifycfg -loop-simplify -indvars -pointer-simplify -dce -loop-bound -loop-simplify -loop-preproc -constprop -global-constprop -gvn -mem2reg -instcombine -dce -loop-bound -loop-merge -dce -bitwidthmin -deadargelim -dce -canonicalize-dataflow -dce -scalar-propagation -deadargelim -globaldce -mem2reg -read-loop-dep -interface-preproc -directive-preproc -interface-gen -bram-byte-enable -deadargelim -inst-simplify -dce -gvn -mem2reg -instcombine -dce -adse -loop-bound -instcombine -cfgopt -simplifycfg -loop-simplify -clean-region -io-protocol -find-region -mem2reg -bitop-raise -inst-simplify -inst-rectify -instcombine -adce -deadargelim -loop-simplify -phi-opt -bitop-raise -cfgopt -simplifycfg -strip-dead-prototypes -interface-lower -bitop-lower -intrinsic-lower -auto-function-inline -basicaa -aggrmodref-aa -globalsmodref-aa -aggr-aa -inst-simplify -simplifycfg -loop-simplify -mergereturn -inst-simplify -inst-rectify -dce -load-elim -bitop-lower -loop-rewind -pointer-simplify -dce -cfgopt -dce -bitwidth -loop-bound -loop-dep -read-loop-dep -dce -check-stream -norm-name -legalize -validate-dataflow -inst-clarity -cdfg-build D:/Gabriel/Documents/Xilinx/matrix_multiply/proj_matrix_multiply/solution1/.autopilot/db/a.o.2.bc -o D:/Gabriel/Documents/Xilinx/matrix_multiply/proj_matrix_multiply/solution1/.autopilot/db/a.o.3.bc -f -phase build-ssdm 
INFO: [XFORM 203-541] Flattening a loop nest 'a_row_loop' (D:/Xilinx/Vivado/2018.3/common/technology/autopilot/hls/linear_algebra/hls_matrix_multiply.h:319:76) in function 'hls::matrix_multiply_alt2<hls::NoTranspose, hls::NoTranspose, 3, 3, 3, 3, 3, 3, hls::matrix_multiply_traits<hls::NoTranspose, hls::NoTranspose, 3, 3, 3, 3, float, float>, float, float>'.
INFO: [XFORM 203-541] Flattening a loop nest 'a_col_loop' (D:/Xilinx/Vivado/2018.3/common/technology/autopilot/hls/linear_algebra/hls_matrix_multiply.h:318:71) in function 'hls::matrix_multiply_alt2<hls::NoTranspose, hls::NoTranspose, 3, 3, 3, 3, 3, 3, hls::matrix_multiply_traits<hls::NoTranspose, hls::NoTranspose, 3, 3, 3, 3, float, float>, float, float>'.
WARNING: [XFORM 203-631] Renaming function 'hls::matrix_multiply_alt2<hls::NoTranspose, hls::NoTranspose, 3, 3, 3, 3, 3, 3, hls::matrix_multiply_traits<hls::NoTranspose, hls::NoTranspose, 3, 3, 3, 3, float, float>, float, float>' to 'matrix_multiply_alt2' (D:/Xilinx/Vivado/2018.3/common/technology/autopilot/hls/linear_algebra/hls_matrix_multiply.h:60:13)
Command         transform done; 0.25 sec.
INFO: [HLS 200-111] Finished Architecture Synthesis Time (s): cpu = 00:00:02 ; elapsed = 00:00:31 . Memory (MB): peak = 130.648 ; gain = 47.020
INFO-FLOW: Finish building internal data model.
Command       opt_and_import_c done; 1.648 sec.
Command     elaborate done; 28.355 sec.
Execute     autosyn -from_csynth_design=1 
INFO: [HLS 200-10] Starting hardware synthesis ...
INFO-FLOW: Synthesizing C/C++ design ...
INFO: [HLS 200-10] Synthesizing 'matrix_multiply_top' ...
Execute       ap_set_top_model matrix_multiply_top 
Execute       get_model_list matrix_multiply_top -filter all-wo-channel -topdown 
Execute       preproc_iomode -model matrix_multiply_top 
Execute       preproc_iomode -model matrix_multiply_alt2 
Execute       get_model_list matrix_multiply_top -filter all-wo-channel 
INFO-FLOW: Model list for configure: matrix_multiply_alt2 matrix_multiply_top
INFO-FLOW: Configuring Module : matrix_multiply_alt2 ...
Execute       set_default_model matrix_multiply_alt2 
Execute       apply_spec_resource_limit matrix_multiply_alt2 
INFO-FLOW: Configuring Module : matrix_multiply_top ...
Execute       set_default_model matrix_multiply_top 
Execute       apply_spec_resource_limit matrix_multiply_top 
INFO-FLOW: Model list for preprocess: matrix_multiply_alt2 matrix_multiply_top
INFO-FLOW: Preprocessing Module: matrix_multiply_alt2 ...
Execute       set_default_model matrix_multiply_alt2 
Execute       cdfg_preprocess -model matrix_multiply_alt2 
Execute       rtl_gen_preprocess matrix_multiply_alt2 
INFO-FLOW: Preprocessing Module: matrix_multiply_top ...
Execute       set_default_model matrix_multiply_top 
Execute       cdfg_preprocess -model matrix_multiply_top 
Execute       rtl_gen_preprocess matrix_multiply_top 
INFO-FLOW: Model list for synthesis: matrix_multiply_alt2 matrix_multiply_top
INFO: [HLS 200-10] ----------------------------------------------------------------
INFO: [HLS 200-42] -- Implementing module 'matrix_multiply_alt2' 
INFO: [HLS 200-10] ----------------------------------------------------------------
Execute       set_default_model matrix_multiply_alt2 
Execute       schedule -model matrix_multiply_alt2 
INFO: [SCHED 204-11] Starting scheduling ...
INFO: [SCHED 204-61] Pipelining loop 'a_col_loop_a_row_loop_b_col_loop'.
INFO: [SCHED 204-61] Pipelining result : Target II = 1, Final II = 1, Depth = 17.
WARNING: [SCHED 204-70] Cannot meet target clock period from 'load' operation ('sum_mult_load') on array 'sum_mult' to 'fadd' operation ('tmp_13') (combination delay: 4.123 ns) to honor II or Latency constraint in region 'a_col_loop_a_row_loop_b_col_loop'.
WARNING: [SCHED 204-21] Estimated clock period (4.123ns) exceeds the target (target clock period: 4ns, clock uncertainty: 0.5ns, effective delay budget: 3.5ns).
WARNING: [SCHED 204-21] The critical path in module 'matrix_multiply_alt2' consists of the following:
	'load' operation ('sum_mult_load', D:/Xilinx/Vivado/2018.3/common/technology/autopilot/hls/linear_algebra/hls_matrix_multiply.h:335) on array 'sum_mult', D:/Xilinx/Vivado/2018.3/common/technology/autopilot/hls/linear_algebra/hls_matrix_multiply.h:312 [63]  (1.09 ns)
	'fadd' operation ('tmp_13', D:/Xilinx/Vivado/2018.3/common/technology/autopilot/hls/linear_algebra/hls_matrix_multiply.h:335) [64]  (3.03 ns)
INFO: [SCHED 204-11] Finished scheduling.
Command       schedule done; 0.125 sec.
INFO: [HLS 200-111]  Elapsed time: 30.68 seconds; current allocated memory: 89.493 MB.
Execute       report -o D:/Gabriel/Documents/Xilinx/matrix_multiply/proj_matrix_multiply/solution1/.autopilot/db/matrix_multiply_alt2.verbose.sched.rpt -verbose -f 
Execute       db_write -o D:/Gabriel/Documents/Xilinx/matrix_multiply/proj_matrix_multiply/solution1/.autopilot/db/matrix_multiply_alt2.sched.adb -f 
INFO-FLOW: Finish scheduling matrix_multiply_alt2.
Execute       set_default_model matrix_multiply_alt2 
Execute       bind -model matrix_multiply_alt2 
BIND OPTION: fu_weight=[ 0.0 -- 1.0 ]
BIND OPTION: model=matrix_multiply_alt2
BIND OPTION: reg_weight=[ 0.0 -- 1.0 ]
INFO: [BIND 205-100] Starting micro-architecture generation ...
INFO: [BIND 205-101] Performing variable lifetime analysis.
INFO: [BIND 205-101] Exploring resource sharing.
INFO: [BIND 205-101] Binding ...
INFO: [BIND 205-100] Finished micro-architecture generation.
INFO: [HLS 200-111]  Elapsed time: 0.156 seconds; current allocated memory: 89.861 MB.
Execute       report -o D:/Gabriel/Documents/Xilinx/matrix_multiply/proj_matrix_multiply/solution1/.autopilot/db/matrix_multiply_alt2.verbose.bind.rpt -verbose -f 
Command       report done; 0.133 sec.
Execute       db_write -o D:/Gabriel/Documents/Xilinx/matrix_multiply/proj_matrix_multiply/solution1/.autopilot/db/matrix_multiply_alt2.bind.adb -f 
INFO-FLOW: Finish binding matrix_multiply_alt2.
INFO: [HLS 200-10] ----------------------------------------------------------------
INFO: [HLS 200-42] -- Implementing module 'matrix_multiply_top' 
INFO: [HLS 200-10] ----------------------------------------------------------------
Execute       set_default_model matrix_multiply_top 
Execute       schedule -model matrix_multiply_top 
INFO: [SCHED 204-11] Starting scheduling ...
INFO: [SCHED 204-11] Finished scheduling.
INFO: [HLS 200-111]  Elapsed time: 0.27 seconds; current allocated memory: 90.107 MB.
Execute       report -o D:/Gabriel/Documents/Xilinx/matrix_multiply/proj_matrix_multiply/solution1/.autopilot/db/matrix_multiply_top.verbose.sched.rpt -verbose -f 
INFO: [HLS 200-434] Only 0 loops out of a total 6 loops have been pipelined in this design.
Execute       db_write -o D:/Gabriel/Documents/Xilinx/matrix_multiply/proj_matrix_multiply/solution1/.autopilot/db/matrix_multiply_top.sched.adb -f 
INFO-FLOW: Finish scheduling matrix_multiply_top.
Execute       set_default_model matrix_multiply_top 
Execute       bind -model matrix_multiply_top 
BIND OPTION: fu_weight=[ 0.0 -- 1.0 ]
BIND OPTION: model=matrix_multiply_top
BIND OPTION: reg_weight=[ 0.0 -- 1.0 ]
INFO: [BIND 205-100] Starting micro-architecture generation ...
INFO: [BIND 205-101] Performing variable lifetime analysis.
INFO: [BIND 205-101] Exploring resource sharing.
INFO: [BIND 205-101] Binding ...
INFO: [BIND 205-100] Finished micro-architecture generation.
INFO: [HLS 200-111]  Elapsed time: 0.187 seconds; current allocated memory: 90.506 MB.
Execute       report -o D:/Gabriel/Documents/Xilinx/matrix_multiply/proj_matrix_multiply/solution1/.autopilot/db/matrix_multiply_top.verbose.bind.rpt -verbose -f 
Command       report done; 0.165 sec.
Execute       db_write -o D:/Gabriel/Documents/Xilinx/matrix_multiply/proj_matrix_multiply/solution1/.autopilot/db/matrix_multiply_top.bind.adb -f 
INFO-FLOW: Finish binding matrix_multiply_top.
Execute       get_model_list matrix_multiply_top -filter all-wo-channel 
INFO-FLOW: Preprocessing for RTLGen ...
Execute       rtl_gen_preprocess matrix_multiply_alt2 
Execute       rtl_gen_preprocess matrix_multiply_top 
INFO-FLOW: Model list for RTL generation: matrix_multiply_alt2 matrix_multiply_top
INFO: [HLS 200-10] ----------------------------------------------------------------
INFO: [HLS 200-10] -- Generating RTL for module 'matrix_multiply_alt2' 
INFO: [HLS 200-10] ----------------------------------------------------------------
Execute       get_config_rtl -prefix 
Execute       get_config_rtl -auto_prefix 
Execute       create_rtl_model matrix_multiply_alt2 -vendor xilinx -mg_file D:/Gabriel/Documents/Xilinx/matrix_multiply/proj_matrix_multiply/solution1/.autopilot/db/matrix_multiply_alt2.compgen.tcl 
INFO: [SYN 201-210] Renamed object name 'matrix_multiply_alt2_sum_mult' to 'matrix_multiply_abkb' due to the length limit 20
INFO: [SYN 201-210] Renamed object name 'matrix_multiply_top_fadd_32ns_32ns_32_8_full_dsp_1' to 'matrix_multiply_tcud' due to the length limit 20
INFO: [SYN 201-210] Renamed object name 'matrix_multiply_top_fmul_32ns_32ns_32_4_max_dsp_1' to 'matrix_multiply_tdEe' due to the length limit 20
INFO: [RTGEN 206-100] Generating core module 'matrix_multiply_tcud': 1 instance(s).
INFO: [RTGEN 206-100] Generating core module 'matrix_multiply_tdEe': 1 instance(s).
INFO: [RTGEN 206-100] Finished creating RTL model for 'matrix_multiply_alt2'.
INFO: [HLS 200-111]  Elapsed time: 0.297 seconds; current allocated memory: 91.268 MB.
Execute       source D:/Gabriel/Documents/Xilinx/matrix_multiply/proj_matrix_multiply/solution1/.autopilot/db/matrix_multiply_top.rtl_wrap.cfg.tcl 
Execute       gen_rtl matrix_multiply_alt2 -style xilinx -tracefl mytrace -tracefmt vcd -traceopt all -f -lang sc -o D:/Gabriel/Documents/Xilinx/matrix_multiply/proj_matrix_multiply/solution1/syn/systemc/matrix_multiply_alt2 -synmodules matrix_multiply_alt2 matrix_multiply_top 
Execute       gen_rtl matrix_multiply_alt2 -style xilinx -f -lang vhdl -o D:/Gabriel/Documents/Xilinx/matrix_multiply/proj_matrix_multiply/solution1/syn/vhdl/matrix_multiply_alt2 
Execute       gen_rtl matrix_multiply_alt2 -style xilinx -f -lang vlog -o D:/Gabriel/Documents/Xilinx/matrix_multiply/proj_matrix_multiply/solution1/syn/verilog/matrix_multiply_alt2 
Execute       gen_tb_info matrix_multiply_alt2 -o D:/Gabriel/Documents/Xilinx/matrix_multiply/proj_matrix_multiply/solution1/.autopilot/db/matrix_multiply_alt2 -p D:/Gabriel/Documents/Xilinx/matrix_multiply/proj_matrix_multiply/solution1/.autopilot/db 
Execute       report -model matrix_multiply_alt2 -o D:/Gabriel/Documents/Xilinx/matrix_multiply/proj_matrix_multiply/solution1/syn/report/matrix_multiply_alt2_csynth.rpt -f 
Execute       report -model matrix_multiply_alt2 -o D:/Gabriel/Documents/Xilinx/matrix_multiply/proj_matrix_multiply/solution1/syn/report/matrix_multiply_alt2_csynth.xml -f -x 
Execute       report -model matrix_multiply_alt2 -o D:/Gabriel/Documents/Xilinx/matrix_multiply/proj_matrix_multiply/solution1/.autopilot/db/matrix_multiply_alt2.verbose.rpt -verbose -f 
Command       report done; 0.177 sec.
Execute       db_write -model matrix_multiply_alt2 -o D:/Gabriel/Documents/Xilinx/matrix_multiply/proj_matrix_multiply/solution1/.autopilot/db/matrix_multiply_alt2.adb -f 
Command       db_write done; 0.124 sec.
INFO: [HLS 200-10] ----------------------------------------------------------------
INFO: [HLS 200-10] -- Generating RTL for module 'matrix_multiply_top' 
INFO: [HLS 200-10] ----------------------------------------------------------------
Execute       get_config_rtl -prefix 
Execute       get_config_rtl -auto_prefix 
Execute       create_rtl_model matrix_multiply_top -vendor xilinx -mg_file D:/Gabriel/Documents/Xilinx/matrix_multiply/proj_matrix_multiply/solution1/.autopilot/db/matrix_multiply_top.compgen.tcl 
INFO: [RTGEN 206-500] Setting interface mode on port 'matrix_multiply_top/A' to 'ap_memory'.
INFO: [RTGEN 206-500] Setting interface mode on port 'matrix_multiply_top/B' to 'ap_memory'.
INFO: [RTGEN 206-500] Setting interface mode on port 'matrix_multiply_top/C' to 'ap_memory'.
INFO: [RTGEN 206-500] Setting interface mode on function 'matrix_multiply_top' to 'ap_ctrl_hs'.
INFO: [SYN 201-210] Renamed object name 'matrix_multiply_top_a_i' to 'matrix_multiply_teOg' due to the length limit 20
INFO: [SYN 201-210] Renamed object name 'matrix_multiply_top_b_i' to 'matrix_multiply_tfYi' due to the length limit 20
INFO: [SYN 201-210] Renamed object name 'matrix_multiply_top_C_assign' to 'matrix_multiply_tg8j' due to the length limit 20
INFO: [RTGEN 206-100] Finished creating RTL model for 'matrix_multiply_top'.
INFO: [HLS 200-111]  Elapsed time: 0.753 seconds; current allocated memory: 91.937 MB.
Execute       source D:/Gabriel/Documents/Xilinx/matrix_multiply/proj_matrix_multiply/solution1/.autopilot/db/matrix_multiply_top.rtl_wrap.cfg.tcl 
Execute       gen_rtl matrix_multiply_top -istop -style xilinx -tracefl mytrace -tracefmt vcd -traceopt all -f -lang sc -o D:/Gabriel/Documents/Xilinx/matrix_multiply/proj_matrix_multiply/solution1/syn/systemc/matrix_multiply_top -synmodules matrix_multiply_alt2 matrix_multiply_top 
Execute       gen_rtl matrix_multiply_top -istop -style xilinx -f -lang vhdl -o D:/Gabriel/Documents/Xilinx/matrix_multiply/proj_matrix_multiply/solution1/syn/vhdl/matrix_multiply_top 
Execute       gen_rtl matrix_multiply_top -istop -style xilinx -f -lang vlog -o D:/Gabriel/Documents/Xilinx/matrix_multiply/proj_matrix_multiply/solution1/syn/verilog/matrix_multiply_top 
Execute       export_constraint_db -o D:/Gabriel/Documents/Xilinx/matrix_multiply/proj_matrix_multiply/solution1/.autopilot/db/matrix_multiply_top.constraint.tcl -f -tool general 
Execute       report -model matrix_multiply_top -o D:/Gabriel/Documents/Xilinx/matrix_multiply/proj_matrix_multiply/solution1/.autopilot/db/matrix_multiply_top.design.xml -verbose -f -dv 
Command       report done; 0.132 sec.
Execute       report -model matrix_multiply_top -o D:/Gabriel/Documents/Xilinx/matrix_multiply/proj_matrix_multiply/solution1/.autopilot/db/matrix_multiply_top.sdaccel.xml -verbose -f -sdaccel 
Execute       gen_tb_info matrix_multiply_top -o D:/Gabriel/Documents/Xilinx/matrix_multiply/proj_matrix_multiply/solution1/.autopilot/db/matrix_multiply_top -p D:/Gabriel/Documents/Xilinx/matrix_multiply/proj_matrix_multiply/solution1/.autopilot/db 
Execute       report -model matrix_multiply_top -o D:/Gabriel/Documents/Xilinx/matrix_multiply/proj_matrix_multiply/solution1/syn/report/matrix_multiply_top_csynth.rpt -f 
Execute       report -model matrix_multiply_top -o D:/Gabriel/Documents/Xilinx/matrix_multiply/proj_matrix_multiply/solution1/syn/report/matrix_multiply_top_csynth.xml -f -x 
Execute       report -model matrix_multiply_top -o D:/Gabriel/Documents/Xilinx/matrix_multiply/proj_matrix_multiply/solution1/.autopilot/db/matrix_multiply_top.verbose.rpt -verbose -f 
Command       report done; 0.185 sec.
Execute       db_write -model matrix_multiply_top -o D:/Gabriel/Documents/Xilinx/matrix_multiply/proj_matrix_multiply/solution1/.autopilot/db/matrix_multiply_top.adb -f 
Execute       sc_get_clocks matrix_multiply_top 
Execute       get_config_export -vivado_clock 
Execute       sc_get_portdomain matrix_multiply_top 
INFO-FLOW: Model list for RTL component generation: matrix_multiply_alt2 matrix_multiply_top
INFO-FLOW: Handling components in module [matrix_multiply_alt2] ... 
Execute       source D:/Gabriel/Documents/Xilinx/matrix_multiply/proj_matrix_multiply/solution1/.autopilot/db/matrix_multiply_alt2.compgen.tcl 
INFO-FLOW: Found component matrix_multiply_tcud.
INFO-FLOW: Append model matrix_multiply_tcud
INFO-FLOW: Found component matrix_multiply_tdEe.
INFO-FLOW: Append model matrix_multiply_tdEe
INFO-FLOW: Found component matrix_multiply_abkb.
INFO-FLOW: Append model matrix_multiply_abkb
INFO-FLOW: Handling components in module [matrix_multiply_top] ... 
Execute       source D:/Gabriel/Documents/Xilinx/matrix_multiply/proj_matrix_multiply/solution1/.autopilot/db/matrix_multiply_top.compgen.tcl 
INFO-FLOW: Found component matrix_multiply_teOg.
INFO-FLOW: Append model matrix_multiply_teOg
INFO-FLOW: Append model matrix_multiply_alt2
INFO-FLOW: Append model matrix_multiply_top
INFO-FLOW: Generating RTL model list ...
INFO-FLOW: All models in this session: matrix_multiply_tcud matrix_multiply_tdEe matrix_multiply_abkb matrix_multiply_teOg matrix_multiply_alt2 matrix_multiply_top
INFO-FLOW: To file: write model matrix_multiply_tcud
INFO-FLOW: To file: write model matrix_multiply_tdEe
INFO-FLOW: To file: write model matrix_multiply_abkb
INFO-FLOW: To file: write model matrix_multiply_teOg
INFO-FLOW: To file: write model matrix_multiply_alt2
INFO-FLOW: To file: write model matrix_multiply_top
INFO-FLOW: Finished generating RTL model list.


INFO-FLOW: RTL Generation done.
INFO-FLOW: CAS Generation done.
INFO-FLOW: CBC Generation done.
INFO-FLOW: DBG:CMD: auto_generate_csynth_design
INFO-FLOW: DBG:CMD:     auto_generate --sim-model -phase csynth_design -d D:/Gabriel/Documents/Xilinx/matrix_multiply/proj_matrix_multiply/solution1
Execute       source D:/Gabriel/Documents/Xilinx/matrix_multiply/proj_matrix_multiply/solution1/.autopilot/db/global.setting.tcl 
INFO-FLOW: DBG:CMD: read_platform_lib D:/Gabriel/Documents/Xilinx/matrix_multiply/proj_matrix_multiply/solution1/.autopilot/db/global.setting.tcl
Execute       source D:/Xilinx/Vivado/2018.3/common/technology/generic/autopilot/common.gen 
Execute         source D:/Xilinx/Vivado/2018.3/common/technology/generic/autopilot/APCoreGen.gen 
Execute       source D:/Xilinx/Vivado/2018.3/common/technology/generic/autopilot/op.gen 
Execute       source D:/Xilinx/Vivado/2018.3/common/technology/generic/autopilot/op_simcore.gen 
Execute       source D:/Xilinx/Vivado/2018.3/common/technology/generic/autopilot/interface.gen 
Execute       source D:/Gabriel/Documents/Xilinx/matrix_multiply/proj_matrix_multiply/solution1/.autopilot/db/global.setting.tcl 
Execute       source D:/Xilinx/Vivado/2018.3/common/technology/xilinx/spartan7/spartan7.gen 
Execute         source D:/Xilinx/Vivado/2018.3/common/technology/xilinx/common/virtex.gen 
Execute           source D:/Xilinx/Vivado/2018.3/common/technology/xilinx/common/xilinx.gen 
Execute             source D:/Xilinx/Vivado/2018.3/common/technology/xilinx/interface/plb46.gen 
Execute             source D:/Xilinx/Vivado/2018.3/common/technology/xilinx/interface/fsl.gen 
Execute             source D:/Xilinx/Vivado/2018.3/common/technology/xilinx/interface/axi4.gen 
Execute             source D:/Xilinx/Vivado/2018.3/common/technology/xilinx/interface/nativeAXI4.gen 
Execute               source D:/Xilinx/Vivado/2018.3/common/technology/xilinx/interface/saxilite.gen 
Execute               source D:/Xilinx/Vivado/2018.3/common/technology/xilinx/interface/maxi.gen 
Execute             source D:/Xilinx/Vivado/2018.3/common/technology/xilinx/scripts/xilinxcoregen.gen 
Execute             source D:/Xilinx/Vivado/2018.3/common/technology/xilinx/interface/XilEDKCoreGen.gen 
Execute             source D:/Xilinx/Vivado/2018.3/common/technology/xilinx/ip/dds_compiler.gen 
Execute             source D:/Xilinx/Vivado/2018.3/common/technology/xilinx/ip/util.gen 
Execute             source D:/Xilinx/Vivado/2018.3/common/technology/xilinx/ip/xfft.gen 
Command             ap_source done; 0.108 sec.
Execute             source D:/Xilinx/Vivado/2018.3/common/technology/xilinx/ip/xfir.gen 
Command           ap_source done; 0.172 sec.
Execute           source D:/Xilinx/Vivado/2018.3/common/technology/xilinx/common/dsp48.gen 
Command         ap_source done; 0.179 sec.
Command       ap_source done; 0.18 sec.
Execute       source D:/Xilinx/Vivado/2018.3/common/technology/xilinx/spartan7/spartan7_fpv6.gen 
Execute         source D:/Xilinx/Vivado/2018.3/common/technology/xilinx/common/xilinx_fpv6.gen 
Execute       source D:/Xilinx/Vivado/2018.3/common/technology/xilinx/kintex7/kintex7.gen 
Execute         source D:/Xilinx/Vivado/2018.3/common/technology/xilinx/common/virtex.gen 
Execute           source D:/Xilinx/Vivado/2018.3/common/technology/xilinx/common/xilinx.gen 
Execute             source D:/Xilinx/Vivado/2018.3/common/technology/xilinx/interface/plb46.gen 
Execute             source D:/Xilinx/Vivado/2018.3/common/technology/xilinx/interface/fsl.gen 
Execute             source D:/Xilinx/Vivado/2018.3/common/technology/xilinx/interface/axi4.gen 
Execute             source D:/Xilinx/Vivado/2018.3/common/technology/xilinx/interface/nativeAXI4.gen 
Execute               source D:/Xilinx/Vivado/2018.3/common/technology/xilinx/interface/saxilite.gen 
Execute               source D:/Xilinx/Vivado/2018.3/common/technology/xilinx/interface/maxi.gen 
Execute             source D:/Xilinx/Vivado/2018.3/common/technology/xilinx/scripts/xilinxcoregen.gen 
Execute             source D:/Xilinx/Vivado/2018.3/common/technology/xilinx/interface/XilEDKCoreGen.gen 
Execute             source D:/Xilinx/Vivado/2018.3/common/technology/xilinx/ip/dds_compiler.gen 
Execute             source D:/Xilinx/Vivado/2018.3/common/technology/xilinx/ip/util.gen 
Execute             source D:/Xilinx/Vivado/2018.3/common/technology/xilinx/ip/xfft.gen 
Command             ap_source done; 0.116 sec.
Execute             source D:/Xilinx/Vivado/2018.3/common/technology/xilinx/ip/xfir.gen 
Command           ap_source done; 0.169 sec.
Execute           source D:/Xilinx/Vivado/2018.3/common/technology/xilinx/common/dsp48.gen 
Command         ap_source done; 0.173 sec.
Command       ap_source done; 0.173 sec.
Execute       source D:/Xilinx/Vivado/2018.3/common/technology/xilinx/kintex7/kintex7_fpv6.gen 
Execute         source D:/Xilinx/Vivado/2018.3/common/technology/xilinx/common/xilinx_fpv6.gen 
INFO-FLOW: DBG:CMD:   using AESL_AUTOCG::g_clock_period=4.000 (was NA)
INFO-FLOW: DBG:CMD:       generate_ip_cores sim=1 export=0 expOnly=0 dstVlogDir=syn/verilog
Execute       source D:/Gabriel/Documents/Xilinx/matrix_multiply/proj_matrix_multiply/solution1/.autopilot/db/global.setting.tcl 
Execute       source D:/Gabriel/Documents/Xilinx/matrix_multiply/proj_matrix_multiply/solution1/.autopilot/db/global.setting.tcl 
Execute       source D:/Gabriel/Documents/Xilinx/matrix_multiply/proj_matrix_multiply/solution1/.autopilot/db/global.setting.tcl 
Execute       source D:/Gabriel/Documents/Xilinx/matrix_multiply/proj_matrix_multiply/solution1/.autopilot/db/matrix_multiply_alt2.compgen.tcl 
INFO: [RTMG 210-278] Implementing memory 'matrix_multiply_abkb_ram (RAM)' using block RAMs.
Command       ap_source done; 0.204 sec.
Execute       source D:/Gabriel/Documents/Xilinx/matrix_multiply/proj_matrix_multiply/solution1/.autopilot/db/matrix_multiply_top.compgen.tcl 
INFO: [RTMG 210-278] Implementing memory 'matrix_multiply_teOg_ram (RAM)' using distributed RAMs.
INFO-FLOW: DBG:CMD:     auto_generate -export -impltomg_flag -rtl both -tool Vivado -pcore_version 1.00.a -phase csynth_design -d D:/Gabriel/Documents/Xilinx/matrix_multiply/proj_matrix_multiply/solution1
Execute       source D:/Gabriel/Documents/Xilinx/matrix_multiply/proj_matrix_multiply/solution1/.autopilot/db/global.setting.tcl 
INFO-FLOW: DBG:CMD: read_platform_lib D:/Gabriel/Documents/Xilinx/matrix_multiply/proj_matrix_multiply/solution1/.autopilot/db/global.setting.tcl
Execute       source D:/Xilinx/Vivado/2018.3/common/technology/generic/autopilot/common.gen 
Execute         source D:/Xilinx/Vivado/2018.3/common/technology/generic/autopilot/APCoreGen.gen 
Execute       source D:/Xilinx/Vivado/2018.3/common/technology/generic/autopilot/op.gen 
Execute       source D:/Xilinx/Vivado/2018.3/common/technology/generic/autopilot/op_simcore.gen 
Execute       source D:/Xilinx/Vivado/2018.3/common/technology/generic/autopilot/interface.gen 
Execute       source D:/Gabriel/Documents/Xilinx/matrix_multiply/proj_matrix_multiply/solution1/.autopilot/db/global.setting.tcl 
Execute       source D:/Xilinx/Vivado/2018.3/common/technology/xilinx/spartan7/spartan7.gen 
Execute         source D:/Xilinx/Vivado/2018.3/common/technology/xilinx/common/virtex.gen 
Execute           source D:/Xilinx/Vivado/2018.3/common/technology/xilinx/common/xilinx.gen 
Execute             source D:/Xilinx/Vivado/2018.3/common/technology/xilinx/interface/plb46.gen 
Execute             source D:/Xilinx/Vivado/2018.3/common/technology/xilinx/interface/fsl.gen 
Execute             source D:/Xilinx/Vivado/2018.3/common/technology/xilinx/interface/axi4.gen 
Execute             source D:/Xilinx/Vivado/2018.3/common/technology/xilinx/interface/nativeAXI4.gen 
Execute               source D:/Xilinx/Vivado/2018.3/common/technology/xilinx/interface/saxilite.gen 
Execute               source D:/Xilinx/Vivado/2018.3/common/technology/xilinx/interface/maxi.gen 
Execute             source D:/Xilinx/Vivado/2018.3/common/technology/xilinx/scripts/xilinxcoregen.gen 
Execute             source D:/Xilinx/Vivado/2018.3/common/technology/xilinx/interface/XilEDKCoreGen.gen 
Execute             source D:/Xilinx/Vivado/2018.3/common/technology/xilinx/ip/dds_compiler.gen 
Execute             source D:/Xilinx/Vivado/2018.3/common/technology/xilinx/ip/util.gen 
Execute             source D:/Xilinx/Vivado/2018.3/common/technology/xilinx/ip/xfft.gen 
Command             ap_source done; 0.119 sec.
Execute             source D:/Xilinx/Vivado/2018.3/common/technology/xilinx/ip/xfir.gen 
Command           ap_source done; 0.18 sec.
Execute           source D:/Xilinx/Vivado/2018.3/common/technology/xilinx/common/dsp48.gen 
Command         ap_source done; 0.186 sec.
Command       ap_source done; 0.187 sec.
Execute       source D:/Xilinx/Vivado/2018.3/common/technology/xilinx/spartan7/spartan7_fpv6.gen 
Execute         source D:/Xilinx/Vivado/2018.3/common/technology/xilinx/common/xilinx_fpv6.gen 
Execute       source D:/Xilinx/Vivado/2018.3/common/technology/xilinx/kintex7/kintex7.gen 
Execute         source D:/Xilinx/Vivado/2018.3/common/technology/xilinx/common/virtex.gen 
Execute           source D:/Xilinx/Vivado/2018.3/common/technology/xilinx/common/xilinx.gen 
Execute             source D:/Xilinx/Vivado/2018.3/common/technology/xilinx/interface/plb46.gen 
Execute             source D:/Xilinx/Vivado/2018.3/common/technology/xilinx/interface/fsl.gen 
Execute             source D:/Xilinx/Vivado/2018.3/common/technology/xilinx/interface/axi4.gen 
Execute             source D:/Xilinx/Vivado/2018.3/common/technology/xilinx/interface/nativeAXI4.gen 
Execute               source D:/Xilinx/Vivado/2018.3/common/technology/xilinx/interface/saxilite.gen 
Execute               source D:/Xilinx/Vivado/2018.3/common/technology/xilinx/interface/maxi.gen 
Execute             source D:/Xilinx/Vivado/2018.3/common/technology/xilinx/scripts/xilinxcoregen.gen 
Execute             source D:/Xilinx/Vivado/2018.3/common/technology/xilinx/interface/XilEDKCoreGen.gen 
Execute             source D:/Xilinx/Vivado/2018.3/common/technology/xilinx/ip/dds_compiler.gen 
Execute             source D:/Xilinx/Vivado/2018.3/common/technology/xilinx/ip/util.gen 
Execute             source D:/Xilinx/Vivado/2018.3/common/technology/xilinx/ip/xfft.gen 
Command             ap_source done; 0.116 sec.
Execute             source D:/Xilinx/Vivado/2018.3/common/technology/xilinx/ip/xfir.gen 
Command           ap_source done; 0.172 sec.
Execute           source D:/Xilinx/Vivado/2018.3/common/technology/xilinx/common/dsp48.gen 
Command         ap_source done; 0.177 sec.
Command       ap_source done; 0.178 sec.
Execute       source D:/Xilinx/Vivado/2018.3/common/technology/xilinx/kintex7/kintex7_fpv6.gen 
Execute         source D:/Xilinx/Vivado/2018.3/common/technology/xilinx/common/xilinx_fpv6.gen 
INFO-FLOW: DBG:CMD:       initCTypeInfo top_module=matrix_multiply_top xml_exists=0
Execute       source D:/Gabriel/Documents/Xilinx/matrix_multiply/proj_matrix_multiply/solution1/.autopilot/db/matrix_multiply_top.rtl_wrap.cfg.tcl 
Execute       source D:/Gabriel/Documents/Xilinx/matrix_multiply/proj_matrix_multiply/solution1/.autopilot/db/matrix_multiply_top.rtl_wrap.cfg.tcl 
Execute       source D:/Gabriel/Documents/Xilinx/matrix_multiply/proj_matrix_multiply/solution1/.autopilot/db/matrix_multiply_top.rtl_wrap.cfg.tcl 
Execute       source D:/Gabriel/Documents/Xilinx/matrix_multiply/proj_matrix_multiply/solution1/.autopilot/db/matrix_multiply_top.tbgen.tcl 
Execute       source D:/Gabriel/Documents/Xilinx/matrix_multiply/proj_matrix_multiply/solution1/.autopilot/db/matrix_multiply_top.tbgen.tcl 
INFO-FLOW: DBG:CMD:       export_impl_rtl
INFO-FLOW: DBG:CMD:       generate_ip_cores sim=0 export=0 expOnly=0 dstVlogDir=impl/.verilog
Execute       source D:/Gabriel/Documents/Xilinx/matrix_multiply/proj_matrix_multiply/solution1/.autopilot/db/global.setting.tcl 
Execute       source D:/Gabriel/Documents/Xilinx/matrix_multiply/proj_matrix_multiply/solution1/.autopilot/db/matrix_multiply_alt2.compgen.tcl 
Execute       source D:/Gabriel/Documents/Xilinx/matrix_multiply/proj_matrix_multiply/solution1/.autopilot/db/matrix_multiply_top.compgen.tcl 
INFO-FLOW: DBG:CMD:       generate_ip_cores sim=0 export=1 expOnly=1 dstVlogDir=impl/.pcores/verilog
Execute       source D:/Gabriel/Documents/Xilinx/matrix_multiply/proj_matrix_multiply/solution1/.autopilot/db/global.setting.tcl 
Execute       source D:/Gabriel/Documents/Xilinx/matrix_multiply/proj_matrix_multiply/solution1/.autopilot/db/matrix_multiply_alt2.compgen.tcl 
Execute       source D:/Gabriel/Documents/Xilinx/matrix_multiply/proj_matrix_multiply/solution1/.autopilot/db/matrix_multiply_top.compgen.tcl 
Execute         source D:/Gabriel/Documents/Xilinx/matrix_multiply/proj_matrix_multiply/solution1/.autopilot/db/matrix_multiply_top.tbgen.tcl 
Execute         source D:/Gabriel/Documents/Xilinx/matrix_multiply/proj_matrix_multiply/solution1/.autopilot/db/matrix_multiply_top.tbgen.tcl 
Execute         source D:/Gabriel/Documents/Xilinx/matrix_multiply/proj_matrix_multiply/solution1/.autopilot/db/matrix_multiply_top.tbgen.tcl 
INFO-FLOW: DBG:CMD:       generate_ip_cores sim=0 export=0 expOnly=0 dstVlogDir=impl/.pcores/verilog_sim
Execute       source D:/Gabriel/Documents/Xilinx/matrix_multiply/proj_matrix_multiply/solution1/.autopilot/db/global.setting.tcl 
Execute       source D:/Gabriel/Documents/Xilinx/matrix_multiply/proj_matrix_multiply/solution1/.autopilot/db/matrix_multiply_alt2.compgen.tcl 
Execute       source D:/Gabriel/Documents/Xilinx/matrix_multiply/proj_matrix_multiply/solution1/.autopilot/db/matrix_multiply_top.compgen.tcl 
Execute       source D:/Gabriel/Documents/Xilinx/matrix_multiply/proj_matrix_multiply/solution1/.autopilot/db/global.setting.tcl 
Execute       source D:/Gabriel/Documents/Xilinx/matrix_multiply/proj_matrix_multiply/solution1/.autopilot/db/matrix_multiply_top.constraint.tcl 
Execute       source D:/Gabriel/Documents/Xilinx/matrix_multiply/proj_matrix_multiply/solution1/.autopilot/db/matrix_multiply_top.tbgen.tcl 
INFO-FLOW: DBG:CMD:       hasPcoreIpAdapter=false #gSsdmPorts=8
INFO-FLOW: DBG:CMD: Skipping loadAnalyze_DB, #g_database=3
INFO-FLOW: DBG:CMD:       generate_json is_phase_csynth=1 g_has_adaptors=false generate_bd_files=0 #modelList=6 #gSsdmPorts=8
Execute       source D:/Gabriel/Documents/Xilinx/matrix_multiply/proj_matrix_multiply/solution1/.autopilot/db/global.setting.tcl 
Execute       source D:/Gabriel/Documents/Xilinx/matrix_multiply/proj_matrix_multiply/solution1/.autopilot/db/global.setting.tcl 
Execute       source D:/Gabriel/Documents/Xilinx/matrix_multiply/proj_matrix_multiply/solution1/.autopilot/db/matrix_multiply_top.tbgen.tcl 
Execute       source D:/Gabriel/Documents/Xilinx/matrix_multiply/proj_matrix_multiply/solution1/.autopilot/db/matrix_multiply_top.tbgen.tcl 
Execute       source D:/Gabriel/Documents/Xilinx/matrix_multiply/proj_matrix_multiply/solution1/.autopilot/db/global.setting.tcl 
Execute       get_config_sdx -target 
Execute       get_config_export -xo 
Execute       source D:/Gabriel/Documents/Xilinx/matrix_multiply/proj_matrix_multiply/solution1/.autopilot/db/global.setting.tcl 
Execute       source D:/Gabriel/Documents/Xilinx/matrix_multiply/proj_matrix_multiply/solution1/.autopilot/db/matrix_multiply_top.constraint.tcl 
Execute       sc_get_clocks matrix_multiply_top 
Execute       source D:/Gabriel/Documents/Xilinx/matrix_multiply/proj_matrix_multiply/solution1/.autopilot/db/global.setting.tcl 
Execute       source D:/Gabriel/Documents/Xilinx/matrix_multiply/proj_matrix_multiply/solution1/impl/misc/matrix_multiply_top_ap_fadd_6_full_dsp_32_ip.tcl 
Execute       source D:/Gabriel/Documents/Xilinx/matrix_multiply/proj_matrix_multiply/solution1/impl/misc/matrix_multiply_top_ap_fmul_2_max_dsp_32_ip.tcl 
Execute       get_config_sdx -target 
Execute       get_config_sdx -profile 
Execute       ::config_rtl 
INFO-FLOW: DBG:CMD: add_json_sdx_info kernel file does not exist: D:/Gabriel/Documents/Xilinx/matrix_multiply/proj_matrix_multiply/solution1/.autopilot/db/kernel.internal.xml
INFO-FLOW: DBG:CMD:       delete-temp-dirs (skipped for debug)
INFO: [HLS 200-111] Finished generating all RTL models Time (s): cpu = 00:00:05 ; elapsed = 00:00:36 . Memory (MB): peak = 144.934 ; gain = 61.305
INFO: [SYSC 207-301] Generating SystemC RTL for matrix_multiply_top.
INFO: [VHDL 208-304] Generating VHDL RTL for matrix_multiply_top.
INFO: [VLOG 209-307] Generating Verilog RTL for matrix_multiply_top.
Command     autosyn done; 5.194 sec.
Execute     get_part 
Execute     get_config_export -sdx_tcl 
Command   csynth_design done; 33.585 sec.
Command ap_source done; 34.389 sec.
Execute cleanup_all 
