

================================================================
== Vivado HLS Report for 'matrix_multiply_top'
================================================================
* Date:           Wed Dec 19 00:31:24 2018

* Version:        2018.3 (Build 2405991 on Thu Dec 06 23:56:15 MST 2018)
* Project:        proj_matrix_multiply
* Solution:       solution1
* Product family: kintex7
* Target device:  xc7k70tfbv676-3


================================================================
== Performance Estimates
================================================================
+ Timing (ns): 
    * Summary: 
    +--------+-------+----------+------------+
    |  Clock | Target| Estimated| Uncertainty|
    +--------+-------+----------+------------+
    |ap_clk  |   4.00|     4.123|        0.50|
    +--------+-------+----------+------------+

+ Latency (clock cycles): 
    * Summary: 
    +-----+-----+-----+-----+---------+
    |  Latency  |  Interval | Pipeline|
    | min | max | min | max |   Type  |
    +-----+-----+-----+-----+---------+
    |  120|  120|  120|  120|   none  |
    +-----+-----+-----+-----+---------+

    + Detail: 
        * Instance: 
        N/A

        * Loop: 
        +---------------+-----+-----+----------+-----------+-----------+------+----------+
        |               |  Latency  | Iteration|  Initiation Interval  | Trip |          |
        |   Loop Name   | min | max |  Latency |  achieved |   target  | Count| Pipelined|
        +---------------+-----+-----+----------+-----------+-----------+------+----------+
        |- a_row_loop   |   24|   24|         8|          -|          -|     3|    no    |
        | + a_col_loop  |    6|    6|         2|          -|          -|     3|    no    |
        |- b_row_loop   |   24|   24|         8|          -|          -|     3|    no    |
        | + b_col_loop  |    6|    6|         2|          -|          -|     3|    no    |
        |- c_row_loop   |   24|   24|         8|          -|          -|     3|    no    |
        | + c_col_loop  |    6|    6|         2|          -|          -|     3|    no    |
        +---------------+-----+-----+----------+-----------+-----------+------+----------+

============================================================
+ Verbose Summary: Synthesis Manager
============================================================
InlineROM: 1
ExposeGlobal: 0
============================================================
+ Verbose Summary: CDFG Model
============================================================
IsTopModel: 1
ResetActiveHigh: 1
IsCombinational: 0
IsDatapathOnly: 0
HasWiredReturn: 1
HasMFsm: 0
HasVarLatency: 1
IsPipeline: 0
IsRtlPipelined: 0
IsInstanceOverlapped: 0
IsDontTouch: 0
HasImplIP: 0
IsGatedGlobalClock: 0


============================================================
+ Verbose Summary: Schedule
============================================================
* Number of FSM states : 11
* Pipeline : 0
* Dataflow Pipeline: 0

* FSM state transitions: 
1 --> 
	2  / true
2 --> 
	3  / (!tmp)
	5  / (tmp)
3 --> 
	4  / (!tmp_3)
	2  / (tmp_3)
4 --> 
	3  / true
5 --> 
	8  / (tmp_2)
	6  / (!tmp_2)
6 --> 
	7  / (!tmp_9)
	5  / (tmp_9)
7 --> 
	6  / true
8 --> 
	9  / true
9 --> 
	10  / (!tmp_8)
10 --> 
	11  / (!tmp_7)
	9  / (tmp_7)
11 --> 
	10  / true

* FSM state operations: 

State 1 <SV = 0> <Delay = 0.83>
ST_1 : Operation 12 [1/1] (0.00ns)   --->   "call void (...)* @_ssdm_op_SpecBitsMap([9 x float]* %A) nounwind, !map !14"   --->   Operation 12 'specbitsmap' <Predicate = true> <Delay = 0.00>
ST_1 : Operation 13 [1/1] (0.00ns)   --->   "call void (...)* @_ssdm_op_SpecBitsMap([9 x float]* %B) nounwind, !map !20"   --->   Operation 13 'specbitsmap' <Predicate = true> <Delay = 0.00>
ST_1 : Operation 14 [1/1] (0.00ns)   --->   "call void (...)* @_ssdm_op_SpecBitsMap([9 x float]* %C) nounwind, !map !24"   --->   Operation 14 'specbitsmap' <Predicate = true> <Delay = 0.00>
ST_1 : Operation 15 [1/1] (0.00ns)   --->   "call void (...)* @_ssdm_op_SpecTopModule([20 x i8]* @matrix_multiply_top_s) nounwind"   --->   Operation 15 'spectopmodule' <Predicate = true> <Delay = 0.00>
ST_1 : Operation 16 [1/1] (0.00ns)   --->   "%a_i = alloca [9 x float], align 4" [matrix_multiply.cpp:40]   --->   Operation 16 'alloca' 'a_i' <Predicate = true> <Delay = 0.00> <Core = "RAM">   --->   Core 37 'RAM' <Latency = 1> <II = 1> <Delay = 1.09> <Storage> <Opcode : 'load' 'store'> <Ports = 2> <Width = 32> <Depth = 9> <RAM>
ST_1 : Operation 17 [1/1] (0.00ns)   --->   "%b_i = alloca [9 x float], align 4" [matrix_multiply.cpp:41]   --->   Operation 17 'alloca' 'b_i' <Predicate = true> <Delay = 0.00> <Core = "RAM">   --->   Core 37 'RAM' <Latency = 1> <II = 1> <Delay = 1.09> <Storage> <Opcode : 'load' 'store'> <Ports = 2> <Width = 32> <Depth = 9> <RAM>
ST_1 : Operation 18 [1/1] (0.00ns)   --->   "%C_assign = alloca [9 x float], align 4"   --->   Operation 18 'alloca' 'C_assign' <Predicate = true> <Delay = 0.00> <Core = "RAM">   --->   Core 37 'RAM' <Latency = 1> <II = 1> <Delay = 1.09> <Storage> <Opcode : 'load' 'store'> <Ports = 2> <Width = 32> <Depth = 9> <RAM>
ST_1 : Operation 19 [1/1] (0.83ns)   --->   "br label %1" [matrix_multiply.cpp:45]   --->   Operation 19 'br' <Predicate = true> <Delay = 0.83>

State 2 <SV = 1> <Delay = 0.96>
ST_2 : Operation 20 [1/1] (0.00ns)   --->   "%r = phi i2 [ 0, %0 ], [ %r_1, %5 ]"   --->   Operation 20 'phi' 'r' <Predicate = true> <Delay = 0.00>
ST_2 : Operation 21 [1/1] (0.47ns)   --->   "%tmp = icmp eq i2 %r, -1" [matrix_multiply.cpp:45]   --->   Operation 21 'icmp' 'tmp' <Predicate = true> <Delay = 0.47> <Core = "Cmp">   --->   Core 25 'Cmp' <Latency = 0> <II = 1> <Delay = 0.47> <FuncUnit> <Opcode : 'icmp'> <InPorts = 2> <OutPorts = 1>
ST_2 : Operation 22 [1/1] (0.00ns)   --->   "%empty = call i32 (...)* @_ssdm_op_SpecLoopTripCount(i64 3, i64 3, i64 3) nounwind"   --->   Operation 22 'speclooptripcount' 'empty' <Predicate = true> <Delay = 0.00>
ST_2 : Operation 23 [1/1] (0.80ns)   --->   "%r_1 = add i2 %r, 1" [matrix_multiply.cpp:45]   --->   Operation 23 'add' 'r_1' <Predicate = true> <Delay = 0.80> <Core = "AddSub">   --->   Core 14 'AddSub' <Latency = 0> <II = 1> <Delay = 1.04> <FuncUnit> <Opcode : 'add' 'sub'> <InPorts = 2> <OutPorts = 1>
ST_2 : Operation 24 [1/1] (0.00ns)   --->   "br i1 %tmp, label %.preheader.preheader, label %2" [matrix_multiply.cpp:45]   --->   Operation 24 'br' <Predicate = true> <Delay = 0.00>
ST_2 : Operation 25 [1/1] (0.00ns)   --->   "call void (...)* @_ssdm_op_SpecLoopName([11 x i8]* @p_str) nounwind" [matrix_multiply.cpp:45]   --->   Operation 25 'specloopname' <Predicate = (!tmp)> <Delay = 0.00>
ST_2 : Operation 26 [1/1] (0.00ns)   --->   "%tmp_s = call i32 (...)* @_ssdm_op_SpecRegionBegin([11 x i8]* @p_str) nounwind" [matrix_multiply.cpp:45]   --->   Operation 26 'specregionbegin' 'tmp_s' <Predicate = (!tmp)> <Delay = 0.00>
ST_2 : Operation 27 [1/1] (0.00ns)   --->   "%tmp_1_cast = zext i2 %r to i5" [matrix_multiply.cpp:45]   --->   Operation 27 'zext' 'tmp_1_cast' <Predicate = (!tmp)> <Delay = 0.00>
ST_2 : Operation 28 [1/1] (0.00ns)   --->   "%tmp_1 = call i4 @_ssdm_op_BitConcatenate.i4.i2.i2(i2 %r, i2 0)" [matrix_multiply.cpp:45]   --->   Operation 28 'bitconcatenate' 'tmp_1' <Predicate = (!tmp)> <Delay = 0.00>
ST_2 : Operation 29 [1/1] (0.00ns)   --->   "%p_shl_cast = zext i4 %tmp_1 to i5" [matrix_multiply.cpp:47]   --->   Operation 29 'zext' 'p_shl_cast' <Predicate = (!tmp)> <Delay = 0.00>
ST_2 : Operation 30 [1/1] (0.96ns)   --->   "%tmp_4 = sub i5 %p_shl_cast, %tmp_1_cast" [matrix_multiply.cpp:47]   --->   Operation 30 'sub' 'tmp_4' <Predicate = (!tmp)> <Delay = 0.96> <Core = "AddSub">   --->   Core 14 'AddSub' <Latency = 0> <II = 1> <Delay = 1.04> <FuncUnit> <Opcode : 'add' 'sub'> <InPorts = 2> <OutPorts = 1>
ST_2 : Operation 31 [1/1] (0.83ns)   --->   "br label %3" [matrix_multiply.cpp:46]   --->   Operation 31 'br' <Predicate = (!tmp)> <Delay = 0.83>
ST_2 : Operation 32 [1/1] (0.83ns)   --->   "br label %.preheader" [matrix_multiply.cpp:50]   --->   Operation 32 'br' <Predicate = (tmp)> <Delay = 0.83>

State 3 <SV = 2> <Delay = 2.13>
ST_3 : Operation 33 [1/1] (0.00ns)   --->   "%c = phi i2 [ 0, %2 ], [ %c_1, %4 ]"   --->   Operation 33 'phi' 'c' <Predicate = true> <Delay = 0.00>
ST_3 : Operation 34 [1/1] (0.47ns)   --->   "%tmp_3 = icmp eq i2 %c, -1" [matrix_multiply.cpp:46]   --->   Operation 34 'icmp' 'tmp_3' <Predicate = true> <Delay = 0.47> <Core = "Cmp">   --->   Core 25 'Cmp' <Latency = 0> <II = 1> <Delay = 0.47> <FuncUnit> <Opcode : 'icmp'> <InPorts = 2> <OutPorts = 1>
ST_3 : Operation 35 [1/1] (0.00ns)   --->   "%empty_3 = call i32 (...)* @_ssdm_op_SpecLoopTripCount(i64 3, i64 3, i64 3) nounwind"   --->   Operation 35 'speclooptripcount' 'empty_3' <Predicate = true> <Delay = 0.00>
ST_3 : Operation 36 [1/1] (0.80ns)   --->   "%c_1 = add i2 %c, 1" [matrix_multiply.cpp:46]   --->   Operation 36 'add' 'c_1' <Predicate = true> <Delay = 0.80> <Core = "AddSub">   --->   Core 14 'AddSub' <Latency = 0> <II = 1> <Delay = 1.04> <FuncUnit> <Opcode : 'add' 'sub'> <InPorts = 2> <OutPorts = 1>
ST_3 : Operation 37 [1/1] (0.00ns)   --->   "br i1 %tmp_3, label %5, label %4" [matrix_multiply.cpp:46]   --->   Operation 37 'br' <Predicate = true> <Delay = 0.00>
ST_3 : Operation 38 [1/1] (0.00ns)   --->   "%tmp_6_cast = zext i2 %c to i5" [matrix_multiply.cpp:47]   --->   Operation 38 'zext' 'tmp_6_cast' <Predicate = (!tmp_3)> <Delay = 0.00>
ST_3 : Operation 39 [1/1] (1.04ns)   --->   "%tmp_11 = add i5 %tmp_4, %tmp_6_cast" [matrix_multiply.cpp:47]   --->   Operation 39 'add' 'tmp_11' <Predicate = (!tmp_3)> <Delay = 1.04> <Core = "AddSub">   --->   Core 14 'AddSub' <Latency = 0> <II = 1> <Delay = 1.04> <FuncUnit> <Opcode : 'add' 'sub'> <InPorts = 2> <OutPorts = 1>
ST_3 : Operation 40 [1/1] (0.00ns)   --->   "%tmp_18_cast = sext i5 %tmp_11 to i64" [matrix_multiply.cpp:47]   --->   Operation 40 'sext' 'tmp_18_cast' <Predicate = (!tmp_3)> <Delay = 0.00>
ST_3 : Operation 41 [1/1] (0.00ns)   --->   "%A_addr = getelementptr [9 x float]* %A, i64 0, i64 %tmp_18_cast" [matrix_multiply.cpp:47]   --->   Operation 41 'getelementptr' 'A_addr' <Predicate = (!tmp_3)> <Delay = 0.00>
ST_3 : Operation 42 [2/2] (1.09ns)   --->   "%A_load = load float* %A_addr, align 4" [matrix_multiply.cpp:47]   --->   Operation 42 'load' 'A_load' <Predicate = (!tmp_3)> <Delay = 1.09> <Core = "RAM">   --->   Core 37 'RAM' <Latency = 1> <II = 1> <Delay = 1.09> <Storage> <Opcode : 'load' 'store'> <Ports = 2> <Width = 32> <Depth = 9> <RAM>
ST_3 : Operation 43 [1/1] (0.00ns)   --->   "%empty_4 = call i32 (...)* @_ssdm_op_SpecRegionEnd([11 x i8]* @p_str, i32 %tmp_s) nounwind" [matrix_multiply.cpp:49]   --->   Operation 43 'specregionend' 'empty_4' <Predicate = (tmp_3)> <Delay = 0.00>
ST_3 : Operation 44 [1/1] (0.00ns)   --->   "br label %1" [matrix_multiply.cpp:45]   --->   Operation 44 'br' <Predicate = (tmp_3)> <Delay = 0.00>

State 4 <SV = 3> <Delay = 2.18>
ST_4 : Operation 45 [1/1] (0.00ns)   --->   "call void (...)* @_ssdm_op_SpecLoopName([11 x i8]* @p_str1) nounwind" [matrix_multiply.cpp:46]   --->   Operation 45 'specloopname' <Predicate = true> <Delay = 0.00>
ST_4 : Operation 46 [1/1] (0.00ns)   --->   "%a_i_addr = getelementptr [9 x float]* %a_i, i64 0, i64 %tmp_18_cast" [matrix_multiply.cpp:47]   --->   Operation 46 'getelementptr' 'a_i_addr' <Predicate = true> <Delay = 0.00>
ST_4 : Operation 47 [1/2] (1.09ns)   --->   "%A_load = load float* %A_addr, align 4" [matrix_multiply.cpp:47]   --->   Operation 47 'load' 'A_load' <Predicate = true> <Delay = 1.09> <Core = "RAM">   --->   Core 37 'RAM' <Latency = 1> <II = 1> <Delay = 1.09> <Storage> <Opcode : 'load' 'store'> <Ports = 2> <Width = 32> <Depth = 9> <RAM>
ST_4 : Operation 48 [1/1] (1.09ns)   --->   "store float %A_load, float* %a_i_addr, align 4" [matrix_multiply.cpp:47]   --->   Operation 48 'store' <Predicate = true> <Delay = 1.09> <Core = "RAM">   --->   Core 37 'RAM' <Latency = 1> <II = 1> <Delay = 1.09> <Storage> <Opcode : 'load' 'store'> <Ports = 2> <Width = 32> <Depth = 9> <RAM>
ST_4 : Operation 49 [1/1] (0.00ns)   --->   "br label %3" [matrix_multiply.cpp:46]   --->   Operation 49 'br' <Predicate = true> <Delay = 0.00>

State 5 <SV = 2> <Delay = 0.96>
ST_5 : Operation 50 [1/1] (0.00ns)   --->   "%r1 = phi i2 [ %r_2, %9 ], [ 0, %.preheader.preheader ]"   --->   Operation 50 'phi' 'r1' <Predicate = true> <Delay = 0.00>
ST_5 : Operation 51 [1/1] (0.47ns)   --->   "%tmp_2 = icmp eq i2 %r1, -1" [matrix_multiply.cpp:50]   --->   Operation 51 'icmp' 'tmp_2' <Predicate = true> <Delay = 0.47> <Core = "Cmp">   --->   Core 25 'Cmp' <Latency = 0> <II = 1> <Delay = 0.47> <FuncUnit> <Opcode : 'icmp'> <InPorts = 2> <OutPorts = 1>
ST_5 : Operation 52 [1/1] (0.00ns)   --->   "%empty_5 = call i32 (...)* @_ssdm_op_SpecLoopTripCount(i64 3, i64 3, i64 3) nounwind"   --->   Operation 52 'speclooptripcount' 'empty_5' <Predicate = true> <Delay = 0.00>
ST_5 : Operation 53 [1/1] (0.80ns)   --->   "%r_2 = add i2 %r1, 1" [matrix_multiply.cpp:50]   --->   Operation 53 'add' 'r_2' <Predicate = true> <Delay = 0.80> <Core = "AddSub">   --->   Core 14 'AddSub' <Latency = 0> <II = 1> <Delay = 1.04> <FuncUnit> <Opcode : 'add' 'sub'> <InPorts = 2> <OutPorts = 1>
ST_5 : Operation 54 [1/1] (0.00ns)   --->   "br i1 %tmp_2, label %10, label %6" [matrix_multiply.cpp:50]   --->   Operation 54 'br' <Predicate = true> <Delay = 0.00>
ST_5 : Operation 55 [1/1] (0.00ns)   --->   "call void (...)* @_ssdm_op_SpecLoopName([11 x i8]* @p_str2) nounwind" [matrix_multiply.cpp:50]   --->   Operation 55 'specloopname' <Predicate = (!tmp_2)> <Delay = 0.00>
ST_5 : Operation 56 [1/1] (0.00ns)   --->   "%tmp_5 = call i32 (...)* @_ssdm_op_SpecRegionBegin([11 x i8]* @p_str2) nounwind" [matrix_multiply.cpp:50]   --->   Operation 56 'specregionbegin' 'tmp_5' <Predicate = (!tmp_2)> <Delay = 0.00>
ST_5 : Operation 57 [1/1] (0.00ns)   --->   "%tmp_4_cast = zext i2 %r1 to i5" [matrix_multiply.cpp:50]   --->   Operation 57 'zext' 'tmp_4_cast' <Predicate = (!tmp_2)> <Delay = 0.00>
ST_5 : Operation 58 [1/1] (0.00ns)   --->   "%tmp_6 = call i4 @_ssdm_op_BitConcatenate.i4.i2.i2(i2 %r1, i2 0)" [matrix_multiply.cpp:50]   --->   Operation 58 'bitconcatenate' 'tmp_6' <Predicate = (!tmp_2)> <Delay = 0.00>
ST_5 : Operation 59 [1/1] (0.00ns)   --->   "%p_shl1_cast = zext i4 %tmp_6 to i5" [matrix_multiply.cpp:52]   --->   Operation 59 'zext' 'p_shl1_cast' <Predicate = (!tmp_2)> <Delay = 0.00>
ST_5 : Operation 60 [1/1] (0.96ns)   --->   "%tmp_10 = sub i5 %p_shl1_cast, %tmp_4_cast" [matrix_multiply.cpp:52]   --->   Operation 60 'sub' 'tmp_10' <Predicate = (!tmp_2)> <Delay = 0.96> <Core = "AddSub">   --->   Core 14 'AddSub' <Latency = 0> <II = 1> <Delay = 1.04> <FuncUnit> <Opcode : 'add' 'sub'> <InPorts = 2> <OutPorts = 1>
ST_5 : Operation 61 [1/1] (0.83ns)   --->   "br label %7" [matrix_multiply.cpp:51]   --->   Operation 61 'br' <Predicate = (!tmp_2)> <Delay = 0.83>
ST_5 : Operation 62 [2/2] (0.00ns)   --->   "call fastcc void @matrix_multiply_alt2([9 x float]* %a_i, [9 x float]* %b_i, [9 x float]* %C_assign) nounwind" [D:/Xilinx/Vivado/2018.3/common/technology/autopilot/hls/linear_algebra/hls_matrix_multiply.h:511->D:/Xilinx/Vivado/2018.3/common/technology/autopilot/hls/linear_algebra/hls_matrix_multiply.h:560->matrix_multiply.cpp:57]   --->   Operation 62 'call' <Predicate = (tmp_2)> <Delay = 0.00> <CoreType = "Generic">   --->   Core 0 '' <Latency = 0> <II = 1> <Delay = 1.00> <Generic> <Opcode : >

State 6 <SV = 3> <Delay = 2.13>
ST_6 : Operation 63 [1/1] (0.00ns)   --->   "%c2 = phi i2 [ 0, %6 ], [ %c_2, %8 ]"   --->   Operation 63 'phi' 'c2' <Predicate = true> <Delay = 0.00>
ST_6 : Operation 64 [1/1] (0.47ns)   --->   "%tmp_9 = icmp eq i2 %c2, -1" [matrix_multiply.cpp:51]   --->   Operation 64 'icmp' 'tmp_9' <Predicate = true> <Delay = 0.47> <Core = "Cmp">   --->   Core 25 'Cmp' <Latency = 0> <II = 1> <Delay = 0.47> <FuncUnit> <Opcode : 'icmp'> <InPorts = 2> <OutPorts = 1>
ST_6 : Operation 65 [1/1] (0.00ns)   --->   "%empty_6 = call i32 (...)* @_ssdm_op_SpecLoopTripCount(i64 3, i64 3, i64 3) nounwind"   --->   Operation 65 'speclooptripcount' 'empty_6' <Predicate = true> <Delay = 0.00>
ST_6 : Operation 66 [1/1] (0.80ns)   --->   "%c_2 = add i2 %c2, 1" [matrix_multiply.cpp:51]   --->   Operation 66 'add' 'c_2' <Predicate = true> <Delay = 0.80> <Core = "AddSub">   --->   Core 14 'AddSub' <Latency = 0> <II = 1> <Delay = 1.04> <FuncUnit> <Opcode : 'add' 'sub'> <InPorts = 2> <OutPorts = 1>
ST_6 : Operation 67 [1/1] (0.00ns)   --->   "br i1 %tmp_9, label %9, label %8" [matrix_multiply.cpp:51]   --->   Operation 67 'br' <Predicate = true> <Delay = 0.00>
ST_6 : Operation 68 [1/1] (0.00ns)   --->   "%tmp_5_cast = zext i2 %c2 to i5" [matrix_multiply.cpp:52]   --->   Operation 68 'zext' 'tmp_5_cast' <Predicate = (!tmp_9)> <Delay = 0.00>
ST_6 : Operation 69 [1/1] (1.04ns)   --->   "%tmp_15 = add i5 %tmp_10, %tmp_5_cast" [matrix_multiply.cpp:52]   --->   Operation 69 'add' 'tmp_15' <Predicate = (!tmp_9)> <Delay = 1.04> <Core = "AddSub">   --->   Core 14 'AddSub' <Latency = 0> <II = 1> <Delay = 1.04> <FuncUnit> <Opcode : 'add' 'sub'> <InPorts = 2> <OutPorts = 1>
ST_6 : Operation 70 [1/1] (0.00ns)   --->   "%tmp_21_cast = sext i5 %tmp_15 to i64" [matrix_multiply.cpp:52]   --->   Operation 70 'sext' 'tmp_21_cast' <Predicate = (!tmp_9)> <Delay = 0.00>
ST_6 : Operation 71 [1/1] (0.00ns)   --->   "%B_addr = getelementptr [9 x float]* %B, i64 0, i64 %tmp_21_cast" [matrix_multiply.cpp:52]   --->   Operation 71 'getelementptr' 'B_addr' <Predicate = (!tmp_9)> <Delay = 0.00>
ST_6 : Operation 72 [2/2] (1.09ns)   --->   "%B_load = load float* %B_addr, align 4" [matrix_multiply.cpp:52]   --->   Operation 72 'load' 'B_load' <Predicate = (!tmp_9)> <Delay = 1.09> <Core = "RAM">   --->   Core 37 'RAM' <Latency = 1> <II = 1> <Delay = 1.09> <Storage> <Opcode : 'load' 'store'> <Ports = 2> <Width = 32> <Depth = 9> <RAM>
ST_6 : Operation 73 [1/1] (0.00ns)   --->   "%empty_7 = call i32 (...)* @_ssdm_op_SpecRegionEnd([11 x i8]* @p_str2, i32 %tmp_5) nounwind" [matrix_multiply.cpp:54]   --->   Operation 73 'specregionend' 'empty_7' <Predicate = (tmp_9)> <Delay = 0.00>
ST_6 : Operation 74 [1/1] (0.00ns)   --->   "br label %.preheader" [matrix_multiply.cpp:50]   --->   Operation 74 'br' <Predicate = (tmp_9)> <Delay = 0.00>

State 7 <SV = 4> <Delay = 2.18>
ST_7 : Operation 75 [1/1] (0.00ns)   --->   "call void (...)* @_ssdm_op_SpecLoopName([11 x i8]* @p_str3) nounwind" [matrix_multiply.cpp:51]   --->   Operation 75 'specloopname' <Predicate = true> <Delay = 0.00>
ST_7 : Operation 76 [1/1] (0.00ns)   --->   "%b_i_addr = getelementptr [9 x float]* %b_i, i64 0, i64 %tmp_21_cast" [matrix_multiply.cpp:52]   --->   Operation 76 'getelementptr' 'b_i_addr' <Predicate = true> <Delay = 0.00>
ST_7 : Operation 77 [1/2] (1.09ns)   --->   "%B_load = load float* %B_addr, align 4" [matrix_multiply.cpp:52]   --->   Operation 77 'load' 'B_load' <Predicate = true> <Delay = 1.09> <Core = "RAM">   --->   Core 37 'RAM' <Latency = 1> <II = 1> <Delay = 1.09> <Storage> <Opcode : 'load' 'store'> <Ports = 2> <Width = 32> <Depth = 9> <RAM>
ST_7 : Operation 78 [1/1] (1.09ns)   --->   "store float %B_load, float* %b_i_addr, align 4" [matrix_multiply.cpp:52]   --->   Operation 78 'store' <Predicate = true> <Delay = 1.09> <Core = "RAM">   --->   Core 37 'RAM' <Latency = 1> <II = 1> <Delay = 1.09> <Storage> <Opcode : 'load' 'store'> <Ports = 2> <Width = 32> <Depth = 9> <RAM>
ST_7 : Operation 79 [1/1] (0.00ns)   --->   "br label %7" [matrix_multiply.cpp:51]   --->   Operation 79 'br' <Predicate = true> <Delay = 0.00>

State 8 <SV = 3> <Delay = 0.83>
ST_8 : Operation 80 [1/2] (0.00ns)   --->   "call fastcc void @matrix_multiply_alt2([9 x float]* %a_i, [9 x float]* %b_i, [9 x float]* %C_assign) nounwind" [D:/Xilinx/Vivado/2018.3/common/technology/autopilot/hls/linear_algebra/hls_matrix_multiply.h:511->D:/Xilinx/Vivado/2018.3/common/technology/autopilot/hls/linear_algebra/hls_matrix_multiply.h:560->matrix_multiply.cpp:57]   --->   Operation 80 'call' <Predicate = true> <Delay = 0.00> <CoreType = "Generic">   --->   Core 0 '' <Latency = 0> <II = 1> <Delay = 1.00> <Generic> <Opcode : >
ST_8 : Operation 81 [1/1] (0.83ns)   --->   "br label %11" [matrix_multiply.cpp:60]   --->   Operation 81 'br' <Predicate = true> <Delay = 0.83>

State 9 <SV = 4> <Delay = 0.96>
ST_9 : Operation 82 [1/1] (0.00ns)   --->   "%r3 = phi i2 [ 0, %10 ], [ %r_3, %15 ]"   --->   Operation 82 'phi' 'r3' <Predicate = true> <Delay = 0.00>
ST_9 : Operation 83 [1/1] (0.47ns)   --->   "%tmp_8 = icmp eq i2 %r3, -1" [matrix_multiply.cpp:60]   --->   Operation 83 'icmp' 'tmp_8' <Predicate = true> <Delay = 0.47> <Core = "Cmp">   --->   Core 25 'Cmp' <Latency = 0> <II = 1> <Delay = 0.47> <FuncUnit> <Opcode : 'icmp'> <InPorts = 2> <OutPorts = 1>
ST_9 : Operation 84 [1/1] (0.00ns)   --->   "%empty_8 = call i32 (...)* @_ssdm_op_SpecLoopTripCount(i64 3, i64 3, i64 3) nounwind"   --->   Operation 84 'speclooptripcount' 'empty_8' <Predicate = true> <Delay = 0.00>
ST_9 : Operation 85 [1/1] (0.80ns)   --->   "%r_3 = add i2 %r3, 1" [matrix_multiply.cpp:60]   --->   Operation 85 'add' 'r_3' <Predicate = true> <Delay = 0.80> <Core = "AddSub">   --->   Core 14 'AddSub' <Latency = 0> <II = 1> <Delay = 1.04> <FuncUnit> <Opcode : 'add' 'sub'> <InPorts = 2> <OutPorts = 1>
ST_9 : Operation 86 [1/1] (0.00ns)   --->   "br i1 %tmp_8, label %16, label %12" [matrix_multiply.cpp:60]   --->   Operation 86 'br' <Predicate = true> <Delay = 0.00>
ST_9 : Operation 87 [1/1] (0.00ns)   --->   "call void (...)* @_ssdm_op_SpecLoopName([11 x i8]* @p_str4) nounwind" [matrix_multiply.cpp:60]   --->   Operation 87 'specloopname' <Predicate = (!tmp_8)> <Delay = 0.00>
ST_9 : Operation 88 [1/1] (0.00ns)   --->   "%tmp_12 = call i32 (...)* @_ssdm_op_SpecRegionBegin([11 x i8]* @p_str4) nounwind" [matrix_multiply.cpp:60]   --->   Operation 88 'specregionbegin' 'tmp_12' <Predicate = (!tmp_8)> <Delay = 0.00>
ST_9 : Operation 89 [1/1] (0.00ns)   --->   "%tmp_cast = zext i2 %r3 to i5" [matrix_multiply.cpp:60]   --->   Operation 89 'zext' 'tmp_cast' <Predicate = (!tmp_8)> <Delay = 0.00>
ST_9 : Operation 90 [1/1] (0.00ns)   --->   "%tmp_13 = call i4 @_ssdm_op_BitConcatenate.i4.i2.i2(i2 %r3, i2 0)" [matrix_multiply.cpp:60]   --->   Operation 90 'bitconcatenate' 'tmp_13' <Predicate = (!tmp_8)> <Delay = 0.00>
ST_9 : Operation 91 [1/1] (0.00ns)   --->   "%p_shl2_cast = zext i4 %tmp_13 to i5" [matrix_multiply.cpp:62]   --->   Operation 91 'zext' 'p_shl2_cast' <Predicate = (!tmp_8)> <Delay = 0.00>
ST_9 : Operation 92 [1/1] (0.96ns)   --->   "%tmp_14 = sub i5 %p_shl2_cast, %tmp_cast" [matrix_multiply.cpp:62]   --->   Operation 92 'sub' 'tmp_14' <Predicate = (!tmp_8)> <Delay = 0.96> <Core = "AddSub">   --->   Core 14 'AddSub' <Latency = 0> <II = 1> <Delay = 1.04> <FuncUnit> <Opcode : 'add' 'sub'> <InPorts = 2> <OutPorts = 1>
ST_9 : Operation 93 [1/1] (0.83ns)   --->   "br label %13" [matrix_multiply.cpp:61]   --->   Operation 93 'br' <Predicate = (!tmp_8)> <Delay = 0.83>
ST_9 : Operation 94 [1/1] (0.00ns)   --->   "ret void" [matrix_multiply.cpp:66]   --->   Operation 94 'ret' <Predicate = (tmp_8)> <Delay = 0.00>

State 10 <SV = 5> <Delay = 2.13>
ST_10 : Operation 95 [1/1] (0.00ns)   --->   "%c4 = phi i2 [ 0, %12 ], [ %c_3, %14 ]"   --->   Operation 95 'phi' 'c4' <Predicate = true> <Delay = 0.00>
ST_10 : Operation 96 [1/1] (0.47ns)   --->   "%tmp_7 = icmp eq i2 %c4, -1" [matrix_multiply.cpp:61]   --->   Operation 96 'icmp' 'tmp_7' <Predicate = true> <Delay = 0.47> <Core = "Cmp">   --->   Core 25 'Cmp' <Latency = 0> <II = 1> <Delay = 0.47> <FuncUnit> <Opcode : 'icmp'> <InPorts = 2> <OutPorts = 1>
ST_10 : Operation 97 [1/1] (0.00ns)   --->   "%empty_9 = call i32 (...)* @_ssdm_op_SpecLoopTripCount(i64 3, i64 3, i64 3) nounwind"   --->   Operation 97 'speclooptripcount' 'empty_9' <Predicate = true> <Delay = 0.00>
ST_10 : Operation 98 [1/1] (0.80ns)   --->   "%c_3 = add i2 %c4, 1" [matrix_multiply.cpp:61]   --->   Operation 98 'add' 'c_3' <Predicate = true> <Delay = 0.80> <Core = "AddSub">   --->   Core 14 'AddSub' <Latency = 0> <II = 1> <Delay = 1.04> <FuncUnit> <Opcode : 'add' 'sub'> <InPorts = 2> <OutPorts = 1>
ST_10 : Operation 99 [1/1] (0.00ns)   --->   "br i1 %tmp_7, label %15, label %14" [matrix_multiply.cpp:61]   --->   Operation 99 'br' <Predicate = true> <Delay = 0.00>
ST_10 : Operation 100 [1/1] (0.00ns)   --->   "%tmp_10_cast = zext i2 %c4 to i5" [matrix_multiply.cpp:62]   --->   Operation 100 'zext' 'tmp_10_cast' <Predicate = (!tmp_7)> <Delay = 0.00>
ST_10 : Operation 101 [1/1] (1.04ns)   --->   "%tmp_16 = add i5 %tmp_14, %tmp_10_cast" [matrix_multiply.cpp:62]   --->   Operation 101 'add' 'tmp_16' <Predicate = (!tmp_7)> <Delay = 1.04> <Core = "AddSub">   --->   Core 14 'AddSub' <Latency = 0> <II = 1> <Delay = 1.04> <FuncUnit> <Opcode : 'add' 'sub'> <InPorts = 2> <OutPorts = 1>
ST_10 : Operation 102 [1/1] (0.00ns)   --->   "%tmp_22_cast = sext i5 %tmp_16 to i64" [matrix_multiply.cpp:62]   --->   Operation 102 'sext' 'tmp_22_cast' <Predicate = (!tmp_7)> <Delay = 0.00>
ST_10 : Operation 103 [1/1] (0.00ns)   --->   "%C_assign_addr = getelementptr [9 x float]* %C_assign, i64 0, i64 %tmp_22_cast" [matrix_multiply.cpp:62]   --->   Operation 103 'getelementptr' 'C_assign_addr' <Predicate = (!tmp_7)> <Delay = 0.00>
ST_10 : Operation 104 [2/2] (1.09ns)   --->   "%C_assign_load = load float* %C_assign_addr, align 4" [matrix_multiply.cpp:62]   --->   Operation 104 'load' 'C_assign_load' <Predicate = (!tmp_7)> <Delay = 1.09> <Core = "RAM">   --->   Core 37 'RAM' <Latency = 1> <II = 1> <Delay = 1.09> <Storage> <Opcode : 'load' 'store'> <Ports = 2> <Width = 32> <Depth = 9> <RAM>
ST_10 : Operation 105 [1/1] (0.00ns)   --->   "%empty_10 = call i32 (...)* @_ssdm_op_SpecRegionEnd([11 x i8]* @p_str4, i32 %tmp_12) nounwind" [matrix_multiply.cpp:64]   --->   Operation 105 'specregionend' 'empty_10' <Predicate = (tmp_7)> <Delay = 0.00>
ST_10 : Operation 106 [1/1] (0.00ns)   --->   "br label %11" [matrix_multiply.cpp:60]   --->   Operation 106 'br' <Predicate = (tmp_7)> <Delay = 0.00>

State 11 <SV = 6> <Delay = 2.18>
ST_11 : Operation 107 [1/1] (0.00ns)   --->   "call void (...)* @_ssdm_op_SpecLoopName([11 x i8]* @p_str5) nounwind" [matrix_multiply.cpp:61]   --->   Operation 107 'specloopname' <Predicate = true> <Delay = 0.00>
ST_11 : Operation 108 [1/1] (0.00ns)   --->   "%C_addr = getelementptr [9 x float]* %C, i64 0, i64 %tmp_22_cast" [matrix_multiply.cpp:62]   --->   Operation 108 'getelementptr' 'C_addr' <Predicate = true> <Delay = 0.00>
ST_11 : Operation 109 [1/2] (1.09ns)   --->   "%C_assign_load = load float* %C_assign_addr, align 4" [matrix_multiply.cpp:62]   --->   Operation 109 'load' 'C_assign_load' <Predicate = true> <Delay = 1.09> <Core = "RAM">   --->   Core 37 'RAM' <Latency = 1> <II = 1> <Delay = 1.09> <Storage> <Opcode : 'load' 'store'> <Ports = 2> <Width = 32> <Depth = 9> <RAM>
ST_11 : Operation 110 [1/1] (1.09ns)   --->   "store float %C_assign_load, float* %C_addr, align 4" [matrix_multiply.cpp:62]   --->   Operation 110 'store' <Predicate = true> <Delay = 1.09> <Core = "RAM">   --->   Core 37 'RAM' <Latency = 1> <II = 1> <Delay = 1.09> <Storage> <Opcode : 'load' 'store'> <Ports = 2> <Width = 32> <Depth = 9> <RAM>
ST_11 : Operation 111 [1/1] (0.00ns)   --->   "br label %13" [matrix_multiply.cpp:61]   --->   Operation 111 'br' <Predicate = true> <Delay = 0.00>


============================================================
+ Verbose Summary: Timing violations
============================================================
Target clock period: 4ns, clock uncertainty: 0.5ns.

 <State 1>: 0.838ns
The critical path consists of the following:
	multiplexor before 'phi' operation ('r') with incoming values : ('r', matrix_multiply.cpp:45) [13]  (0.838 ns)

 <State 2>: 0.966ns
The critical path consists of the following:
	'phi' operation ('r') with incoming values : ('r', matrix_multiply.cpp:45) [13]  (0 ns)
	'sub' operation ('tmp_4', matrix_multiply.cpp:47) [24]  (0.966 ns)

 <State 3>: 2.14ns
The critical path consists of the following:
	'phi' operation ('c') with incoming values : ('c', matrix_multiply.cpp:46) [27]  (0 ns)
	'add' operation ('tmp_11', matrix_multiply.cpp:47) [35]  (1.05 ns)
	'getelementptr' operation ('A_addr', matrix_multiply.cpp:47) [37]  (0 ns)
	'load' operation ('A_load', matrix_multiply.cpp:47) on array 'A' [39]  (1.09 ns)

 <State 4>: 2.19ns
The critical path consists of the following:
	'load' operation ('A_load', matrix_multiply.cpp:47) on array 'A' [39]  (1.09 ns)
	'store' operation (matrix_multiply.cpp:47) of variable 'A_load', matrix_multiply.cpp:47 on array 'a_i', matrix_multiply.cpp:40 [40]  (1.09 ns)

 <State 5>: 0.966ns
The critical path consists of the following:
	'phi' operation ('r') with incoming values : ('r', matrix_multiply.cpp:50) [48]  (0 ns)
	'sub' operation ('tmp_10', matrix_multiply.cpp:52) [59]  (0.966 ns)

 <State 6>: 2.14ns
The critical path consists of the following:
	'phi' operation ('c') with incoming values : ('c', matrix_multiply.cpp:51) [62]  (0 ns)
	'add' operation ('tmp_15', matrix_multiply.cpp:52) [70]  (1.05 ns)
	'getelementptr' operation ('B_addr', matrix_multiply.cpp:52) [72]  (0 ns)
	'load' operation ('B_load', matrix_multiply.cpp:52) on array 'B' [74]  (1.09 ns)

 <State 7>: 2.19ns
The critical path consists of the following:
	'load' operation ('B_load', matrix_multiply.cpp:52) on array 'B' [74]  (1.09 ns)
	'store' operation (matrix_multiply.cpp:52) of variable 'B_load', matrix_multiply.cpp:52 on array 'b_i', matrix_multiply.cpp:41 [75]  (1.09 ns)

 <State 8>: 0.838ns
The critical path consists of the following:
	multiplexor before 'phi' operation ('r') with incoming values : ('r', matrix_multiply.cpp:60) [84]  (0.838 ns)

 <State 9>: 0.966ns
The critical path consists of the following:
	'phi' operation ('r') with incoming values : ('r', matrix_multiply.cpp:60) [84]  (0 ns)
	'sub' operation ('tmp_14', matrix_multiply.cpp:62) [95]  (0.966 ns)

 <State 10>: 2.14ns
The critical path consists of the following:
	'phi' operation ('c') with incoming values : ('c', matrix_multiply.cpp:61) [98]  (0 ns)
	'add' operation ('tmp_16', matrix_multiply.cpp:62) [106]  (1.05 ns)
	'getelementptr' operation ('C_assign_addr', matrix_multiply.cpp:62) [109]  (0 ns)
	'load' operation ('C_assign_load', matrix_multiply.cpp:62) on array 'C_assign' [110]  (1.09 ns)

 <State 11>: 2.19ns
The critical path consists of the following:
	'load' operation ('C_assign_load', matrix_multiply.cpp:62) on array 'C_assign' [110]  (1.09 ns)
	'store' operation (matrix_multiply.cpp:62) of variable 'C_assign_load', matrix_multiply.cpp:62 on array 'C' [111]  (1.09 ns)


============================================================
+ Verbose Summary: Binding
============================================================
N/A
* FSMD analyzer results:
  - Output states:
 - Input state : 
  - Chain level:
	State 1
	State 2
	State 3
	State 4
	State 5
	State 6
	State 7
	State 8
	State 9
	State 10
	State 11


============================================================
+ Verbose Summary: Datapath Resource usage 
============================================================
N/A
