

================================================================
== Vivado HLS Report for 'matrix_multiply_top'
================================================================
* Date:           Wed Dec 19 00:31:24 2018

* Version:        2018.3 (Build 2405991 on Thu Dec 06 23:56:15 MST 2018)
* Project:        proj_matrix_multiply
* Solution:       solution1
* Product family: kintex7
* Target device:  xc7k70tfbv676-3


================================================================
== Performance Estimates
================================================================
+ Timing (ns): 
    * Summary: 
    +--------+-------+----------+------------+
    |  Clock | Target| Estimated| Uncertainty|
    +--------+-------+----------+------------+
    |ap_clk  |   4.00|     4.123|        0.50|
    +--------+-------+----------+------------+

+ Latency (clock cycles): 
    * Summary: 
    +-----+-----+-----+-----+---------+
    |  Latency  |  Interval | Pipeline|
    | min | max | min | max |   Type  |
    +-----+-----+-----+-----+---------+
    |  120|  120|  120|  120|   none  |
    +-----+-----+-----+-----+---------+

    + Detail: 
        * Instance: 
        +---------------------------------+----------------------+-----+-----+-----+-----+---------+
        |                                 |                      |  Latency  |  Interval | Pipeline|
        |             Instance            |        Module        | min | max | min | max |   Type  |
        +---------------------------------+----------------------+-----+-----+-----+-----+---------+
        |grp_matrix_multiply_alt2_fu_204  |matrix_multiply_alt2  |   44|   44|   44|   44|   none  |
        +---------------------------------+----------------------+-----+-----+-----+-----+---------+

        * Loop: 
        +---------------+-----+-----+----------+-----------+-----------+------+----------+
        |               |  Latency  | Iteration|  Initiation Interval  | Trip |          |
        |   Loop Name   | min | max |  Latency |  achieved |   target  | Count| Pipelined|
        +---------------+-----+-----+----------+-----------+-----------+------+----------+
        |- a_row_loop   |   24|   24|         8|          -|          -|     3|    no    |
        | + a_col_loop  |    6|    6|         2|          -|          -|     3|    no    |
        |- b_row_loop   |   24|   24|         8|          -|          -|     3|    no    |
        | + b_col_loop  |    6|    6|         2|          -|          -|     3|    no    |
        |- c_row_loop   |   24|   24|         8|          -|          -|     3|    no    |
        | + c_col_loop  |    6|    6|         2|          -|          -|     3|    no    |
        +---------------+-----+-----+----------+-----------+-----------+------+----------+

============================================================
+ Verbose Summary: Synthesis Manager
============================================================
InlineROM: 1
ExposeGlobal: 0
============================================================
+ Verbose Summary: CDFG Model
============================================================
IsTopModel: 1
ResetActiveHigh: 1
IsCombinational: 0
IsDatapathOnly: 0
HasWiredReturn: 1
HasMFsm: 0
HasVarLatency: 1
IsPipeline: 0
IsRtlPipelined: 0
IsInstanceOverlapped: 0
IsDontTouch: 0
HasImplIP: 0
IsGatedGlobalClock: 0


============================================================
+ Verbose Summary: Schedule
============================================================
* Number of FSM states : 11
* Pipeline : 0
* Dataflow Pipeline: 0

* FSM state transitions: 
1 --> 
	2  / true
2 --> 
	3  / (!tmp)
	5  / (tmp)
3 --> 
	4  / (!tmp_3)
	2  / (tmp_3)
4 --> 
	3  / true
5 --> 
	8  / (tmp_2)
	6  / (!tmp_2)
6 --> 
	7  / (!tmp_9)
	5  / (tmp_9)
7 --> 
	6  / true
8 --> 
	9  / true
9 --> 
	10  / (!tmp_8)
10 --> 
	11  / (!tmp_7)
	9  / (tmp_7)
11 --> 
	10  / true

* FSM state operations: 

State 1 <SV = 0> <Delay = 1.09>
ST_1 : Operation 12 [1/1] (0.00ns)   --->   "call void (...)* @_ssdm_op_SpecBitsMap([9 x float]* %A) nounwind, !map !14"   --->   Operation 12 'specbitsmap' <Predicate = true> <Delay = 0.00>
ST_1 : Operation 13 [1/1] (0.00ns)   --->   "call void (...)* @_ssdm_op_SpecBitsMap([9 x float]* %B) nounwind, !map !20"   --->   Operation 13 'specbitsmap' <Predicate = true> <Delay = 0.00>
ST_1 : Operation 14 [1/1] (0.00ns)   --->   "call void (...)* @_ssdm_op_SpecBitsMap([9 x float]* %C) nounwind, !map !24"   --->   Operation 14 'specbitsmap' <Predicate = true> <Delay = 0.00>
ST_1 : Operation 15 [1/1] (0.00ns)   --->   "call void (...)* @_ssdm_op_SpecTopModule([20 x i8]* @matrix_multiply_top_s) nounwind"   --->   Operation 15 'spectopmodule' <Predicate = true> <Delay = 0.00>
ST_1 : Operation 16 [1/1] (1.09ns)   --->   "%a_i = alloca [9 x float], align 4" [matrix_multiply.cpp:40]   --->   Operation 16 'alloca' 'a_i' <Predicate = true> <Delay = 1.09> <Core = "RAM">   --->   Core 37 'RAM' <Latency = 1> <II = 1> <Delay = 1.09> <Storage> <Opcode : 'load' 'store'> <Ports = 2> <Width = 32> <Depth = 9> <RAM>
ST_1 : Operation 17 [1/1] (1.09ns)   --->   "%b_i = alloca [9 x float], align 4" [matrix_multiply.cpp:41]   --->   Operation 17 'alloca' 'b_i' <Predicate = true> <Delay = 1.09> <Core = "RAM">   --->   Core 37 'RAM' <Latency = 1> <II = 1> <Delay = 1.09> <Storage> <Opcode : 'load' 'store'> <Ports = 2> <Width = 32> <Depth = 9> <RAM>
ST_1 : Operation 18 [1/1] (1.09ns)   --->   "%C_assign = alloca [9 x float], align 4"   --->   Operation 18 'alloca' 'C_assign' <Predicate = true> <Delay = 1.09> <Core = "RAM">   --->   Core 37 'RAM' <Latency = 1> <II = 1> <Delay = 1.09> <Storage> <Opcode : 'load' 'store'> <Ports = 2> <Width = 32> <Depth = 9> <RAM>
ST_1 : Operation 19 [1/1] (0.83ns)   --->   "br label %1" [matrix_multiply.cpp:45]   --->   Operation 19 'br' <Predicate = true> <Delay = 0.83>

State 2 <SV = 1> <Delay = 0.96>
ST_2 : Operation 20 [1/1] (0.00ns)   --->   "%r = phi i2 [ 0, %0 ], [ %r_1, %5 ]"   --->   Operation 20 'phi' 'r' <Predicate = true> <Delay = 0.00>
ST_2 : Operation 21 [1/1] (0.47ns)   --->   "%tmp = icmp eq i2 %r, -1" [matrix_multiply.cpp:45]   --->   Operation 21 'icmp' 'tmp' <Predicate = true> <Delay = 0.47> <Core = "Cmp">   --->   Core 25 'Cmp' <Latency = 0> <II = 1> <Delay = 0.47> <FuncUnit> <Opcode : 'icmp'> <InPorts = 2> <OutPorts = 1>
ST_2 : Operation 22 [1/1] (0.00ns)   --->   "%empty = call i32 (...)* @_ssdm_op_SpecLoopTripCount(i64 3, i64 3, i64 3) nounwind"   --->   Operation 22 'speclooptripcount' 'empty' <Predicate = true> <Delay = 0.00>
ST_2 : Operation 23 [1/1] (0.80ns)   --->   "%r_1 = add i2 %r, 1" [matrix_multiply.cpp:45]   --->   Operation 23 'add' 'r_1' <Predicate = true> <Delay = 0.80> <Core = "AddSub">   --->   Core 14 'AddSub' <Latency = 0> <II = 1> <Delay = 1.04> <FuncUnit> <Opcode : 'add' 'sub'> <InPorts = 2> <OutPorts = 1>
ST_2 : Operation 24 [1/1] (0.00ns)   --->   "br i1 %tmp, label %.preheader.preheader, label %2" [matrix_multiply.cpp:45]   --->   Operation 24 'br' <Predicate = true> <Delay = 0.00>
ST_2 : Operation 25 [1/1] (0.00ns)   --->   "call void (...)* @_ssdm_op_SpecLoopName([11 x i8]* @p_str) nounwind" [matrix_multiply.cpp:45]   --->   Operation 25 'specloopname' <Predicate = (!tmp)> <Delay = 0.00>
ST_2 : Operation 26 [1/1] (0.00ns)   --->   "%tmp_s = call i32 (...)* @_ssdm_op_SpecRegionBegin([11 x i8]* @p_str) nounwind" [matrix_multiply.cpp:45]   --->   Operation 26 'specregionbegin' 'tmp_s' <Predicate = (!tmp)> <Delay = 0.00>
ST_2 : Operation 27 [1/1] (0.00ns)   --->   "%tmp_1_cast = zext i2 %r to i5" [matrix_multiply.cpp:45]   --->   Operation 27 'zext' 'tmp_1_cast' <Predicate = (!tmp)> <Delay = 0.00>
ST_2 : Operation 28 [1/1] (0.00ns)   --->   "%tmp_1 = call i4 @_ssdm_op_BitConcatenate.i4.i2.i2(i2 %r, i2 0)" [matrix_multiply.cpp:45]   --->   Operation 28 'bitconcatenate' 'tmp_1' <Predicate = (!tmp)> <Delay = 0.00>
ST_2 : Operation 29 [1/1] (0.00ns)   --->   "%p_shl_cast = zext i4 %tmp_1 to i5" [matrix_multiply.cpp:47]   --->   Operation 29 'zext' 'p_shl_cast' <Predicate = (!tmp)> <Delay = 0.00>
ST_2 : Operation 30 [1/1] (0.96ns)   --->   "%tmp_4 = sub i5 %p_shl_cast, %tmp_1_cast" [matrix_multiply.cpp:47]   --->   Operation 30 'sub' 'tmp_4' <Predicate = (!tmp)> <Delay = 0.96> <Core = "AddSub">   --->   Core 14 'AddSub' <Latency = 0> <II = 1> <Delay = 1.04> <FuncUnit> <Opcode : 'add' 'sub'> <InPorts = 2> <OutPorts = 1>
ST_2 : Operation 31 [1/1] (0.83ns)   --->   "br label %3" [matrix_multiply.cpp:46]   --->   Operation 31 'br' <Predicate = (!tmp)> <Delay = 0.83>
ST_2 : Operation 32 [1/1] (0.83ns)   --->   "br label %.preheader" [matrix_multiply.cpp:50]   --->   Operation 32 'br' <Predicate = (tmp)> <Delay = 0.83>

State 3 <SV = 2> <Delay = 2.13>
ST_3 : Operation 33 [1/1] (0.00ns)   --->   "%c = phi i2 [ 0, %2 ], [ %c_1, %4 ]"   --->   Operation 33 'phi' 'c' <Predicate = true> <Delay = 0.00>
ST_3 : Operation 34 [1/1] (0.47ns)   --->   "%tmp_3 = icmp eq i2 %c, -1" [matrix_multiply.cpp:46]   --->   Operation 34 'icmp' 'tmp_3' <Predicate = true> <Delay = 0.47> <Core = "Cmp">   --->   Core 25 'Cmp' <Latency = 0> <II = 1> <Delay = 0.47> <FuncUnit> <Opcode : 'icmp'> <InPorts = 2> <OutPorts = 1>
ST_3 : Operation 35 [1/1] (0.00ns)   --->   "%empty_3 = call i32 (...)* @_ssdm_op_SpecLoopTripCount(i64 3, i64 3, i64 3) nounwind"   --->   Operation 35 'speclooptripcount' 'empty_3' <Predicate = true> <Delay = 0.00>
ST_3 : Operation 36 [1/1] (0.80ns)   --->   "%c_1 = add i2 %c, 1" [matrix_multiply.cpp:46]   --->   Operation 36 'add' 'c_1' <Predicate = true> <Delay = 0.80> <Core = "AddSub">   --->   Core 14 'AddSub' <Latency = 0> <II = 1> <Delay = 1.04> <FuncUnit> <Opcode : 'add' 'sub'> <InPorts = 2> <OutPorts = 1>
ST_3 : Operation 37 [1/1] (0.00ns)   --->   "br i1 %tmp_3, label %5, label %4" [matrix_multiply.cpp:46]   --->   Operation 37 'br' <Predicate = true> <Delay = 0.00>
ST_3 : Operation 38 [1/1] (0.00ns)   --->   "%tmp_6_cast = zext i2 %c to i5" [matrix_multiply.cpp:47]   --->   Operation 38 'zext' 'tmp_6_cast' <Predicate = (!tmp_3)> <Delay = 0.00>
ST_3 : Operation 39 [1/1] (1.04ns)   --->   "%tmp_11 = add i5 %tmp_4, %tmp_6_cast" [matrix_multiply.cpp:47]   --->   Operation 39 'add' 'tmp_11' <Predicate = (!tmp_3)> <Delay = 1.04> <Core = "AddSub">   --->   Core 14 'AddSub' <Latency = 0> <II = 1> <Delay = 1.04> <FuncUnit> <Opcode : 'add' 'sub'> <InPorts = 2> <OutPorts = 1>
ST_3 : Operation 40 [1/1] (0.00ns)   --->   "%tmp_18_cast = sext i5 %tmp_11 to i64" [matrix_multiply.cpp:47]   --->   Operation 40 'sext' 'tmp_18_cast' <Predicate = (!tmp_3)> <Delay = 0.00>
ST_3 : Operation 41 [1/1] (0.00ns)   --->   "%A_addr = getelementptr [9 x float]* %A, i64 0, i64 %tmp_18_cast" [matrix_multiply.cpp:47]   --->   Operation 41 'getelementptr' 'A_addr' <Predicate = (!tmp_3)> <Delay = 0.00>
ST_3 : Operation 42 [2/2] (1.09ns)   --->   "%A_load = load float* %A_addr, align 4" [matrix_multiply.cpp:47]   --->   Operation 42 'load' 'A_load' <Predicate = (!tmp_3)> <Delay = 1.09> <Core = "RAM">   --->   Core 37 'RAM' <Latency = 1> <II = 1> <Delay = 1.09> <Storage> <Opcode : 'load' 'store'> <Ports = 2> <Width = 32> <Depth = 9> <RAM>
ST_3 : Operation 43 [1/1] (0.00ns)   --->   "%empty_4 = call i32 (...)* @_ssdm_op_SpecRegionEnd([11 x i8]* @p_str, i32 %tmp_s) nounwind" [matrix_multiply.cpp:49]   --->   Operation 43 'specregionend' 'empty_4' <Predicate = (tmp_3)> <Delay = 0.00>
ST_3 : Operation 44 [1/1] (0.00ns)   --->   "br label %1" [matrix_multiply.cpp:45]   --->   Operation 44 'br' <Predicate = (tmp_3)> <Delay = 0.00>

State 4 <SV = 3> <Delay = 2.18>
ST_4 : Operation 45 [1/1] (0.00ns)   --->   "call void (...)* @_ssdm_op_SpecLoopName([11 x i8]* @p_str1) nounwind" [matrix_multiply.cpp:46]   --->   Operation 45 'specloopname' <Predicate = true> <Delay = 0.00>
ST_4 : Operation 46 [1/1] (0.00ns)   --->   "%a_i_addr = getelementptr [9 x float]* %a_i, i64 0, i64 %tmp_18_cast" [matrix_multiply.cpp:47]   --->   Operation 46 'getelementptr' 'a_i_addr' <Predicate = true> <Delay = 0.00>
ST_4 : Operation 47 [1/2] (1.09ns)   --->   "%A_load = load float* %A_addr, align 4" [matrix_multiply.cpp:47]   --->   Operation 47 'load' 'A_load' <Predicate = true> <Delay = 1.09> <Core = "RAM">   --->   Core 37 'RAM' <Latency = 1> <II = 1> <Delay = 1.09> <Storage> <Opcode : 'load' 'store'> <Ports = 2> <Width = 32> <Depth = 9> <RAM>
ST_4 : Operation 48 [1/1] (1.09ns)   --->   "store float %A_load, float* %a_i_addr, align 4" [matrix_multiply.cpp:47]   --->   Operation 48 'store' <Predicate = true> <Delay = 1.09> <Core = "RAM">   --->   Core 37 'RAM' <Latency = 1> <II = 1> <Delay = 1.09> <Storage> <Opcode : 'load' 'store'> <Ports = 2> <Width = 32> <Depth = 9> <RAM>
ST_4 : Operation 49 [1/1] (0.00ns)   --->   "br label %3" [matrix_multiply.cpp:46]   --->   Operation 49 'br' <Predicate = true> <Delay = 0.00>

State 5 <SV = 2> <Delay = 0.96>
ST_5 : Operation 50 [1/1] (0.00ns)   --->   "%r1 = phi i2 [ %r_2, %9 ], [ 0, %.preheader.preheader ]"   --->   Operation 50 'phi' 'r1' <Predicate = true> <Delay = 0.00>
ST_5 : Operation 51 [1/1] (0.47ns)   --->   "%tmp_2 = icmp eq i2 %r1, -1" [matrix_multiply.cpp:50]   --->   Operation 51 'icmp' 'tmp_2' <Predicate = true> <Delay = 0.47> <Core = "Cmp">   --->   Core 25 'Cmp' <Latency = 0> <II = 1> <Delay = 0.47> <FuncUnit> <Opcode : 'icmp'> <InPorts = 2> <OutPorts = 1>
ST_5 : Operation 52 [1/1] (0.00ns)   --->   "%empty_5 = call i32 (...)* @_ssdm_op_SpecLoopTripCount(i64 3, i64 3, i64 3) nounwind"   --->   Operation 52 'speclooptripcount' 'empty_5' <Predicate = true> <Delay = 0.00>
ST_5 : Operation 53 [1/1] (0.80ns)   --->   "%r_2 = add i2 %r1, 1" [matrix_multiply.cpp:50]   --->   Operation 53 'add' 'r_2' <Predicate = true> <Delay = 0.80> <Core = "AddSub">   --->   Core 14 'AddSub' <Latency = 0> <II = 1> <Delay = 1.04> <FuncUnit> <Opcode : 'add' 'sub'> <InPorts = 2> <OutPorts = 1>
ST_5 : Operation 54 [1/1] (0.00ns)   --->   "br i1 %tmp_2, label %10, label %6" [matrix_multiply.cpp:50]   --->   Operation 54 'br' <Predicate = true> <Delay = 0.00>
ST_5 : Operation 55 [1/1] (0.00ns)   --->   "call void (...)* @_ssdm_op_SpecLoopName([11 x i8]* @p_str2) nounwind" [matrix_multiply.cpp:50]   --->   Operation 55 'specloopname' <Predicate = (!tmp_2)> <Delay = 0.00>
ST_5 : Operation 56 [1/1] (0.00ns)   --->   "%tmp_5 = call i32 (...)* @_ssdm_op_SpecRegionBegin([11 x i8]* @p_str2) nounwind" [matrix_multiply.cpp:50]   --->   Operation 56 'specregionbegin' 'tmp_5' <Predicate = (!tmp_2)> <Delay = 0.00>
ST_5 : Operation 57 [1/1] (0.00ns)   --->   "%tmp_4_cast = zext i2 %r1 to i5" [matrix_multiply.cpp:50]   --->   Operation 57 'zext' 'tmp_4_cast' <Predicate = (!tmp_2)> <Delay = 0.00>
ST_5 : Operation 58 [1/1] (0.00ns)   --->   "%tmp_6 = call i4 @_ssdm_op_BitConcatenate.i4.i2.i2(i2 %r1, i2 0)" [matrix_multiply.cpp:50]   --->   Operation 58 'bitconcatenate' 'tmp_6' <Predicate = (!tmp_2)> <Delay = 0.00>
ST_5 : Operation 59 [1/1] (0.00ns)   --->   "%p_shl1_cast = zext i4 %tmp_6 to i5" [matrix_multiply.cpp:52]   --->   Operation 59 'zext' 'p_shl1_cast' <Predicate = (!tmp_2)> <Delay = 0.00>
ST_5 : Operation 60 [1/1] (0.96ns)   --->   "%tmp_10 = sub i5 %p_shl1_cast, %tmp_4_cast" [matrix_multiply.cpp:52]   --->   Operation 60 'sub' 'tmp_10' <Predicate = (!tmp_2)> <Delay = 0.96> <Core = "AddSub">   --->   Core 14 'AddSub' <Latency = 0> <II = 1> <Delay = 1.04> <FuncUnit> <Opcode : 'add' 'sub'> <InPorts = 2> <OutPorts = 1>
ST_5 : Operation 61 [1/1] (0.83ns)   --->   "br label %7" [matrix_multiply.cpp:51]   --->   Operation 61 'br' <Predicate = (!tmp_2)> <Delay = 0.83>
ST_5 : Operation 62 [2/2] (0.00ns)   --->   "call fastcc void @matrix_multiply_alt2([9 x float]* %a_i, [9 x float]* %b_i, [9 x float]* %C_assign) nounwind" [D:/Xilinx/Vivado/2018.3/common/technology/autopilot/hls/linear_algebra/hls_matrix_multiply.h:511->D:/Xilinx/Vivado/2018.3/common/technology/autopilot/hls/linear_algebra/hls_matrix_multiply.h:560->matrix_multiply.cpp:57]   --->   Operation 62 'call' <Predicate = (tmp_2)> <Delay = 0.00> <CoreType = "Generic">   --->   Core 0 '' <Latency = 0> <II = 1> <Delay = 1.00> <Generic> <Opcode : >

State 6 <SV = 3> <Delay = 2.13>
ST_6 : Operation 63 [1/1] (0.00ns)   --->   "%c2 = phi i2 [ 0, %6 ], [ %c_2, %8 ]"   --->   Operation 63 'phi' 'c2' <Predicate = true> <Delay = 0.00>
ST_6 : Operation 64 [1/1] (0.47ns)   --->   "%tmp_9 = icmp eq i2 %c2, -1" [matrix_multiply.cpp:51]   --->   Operation 64 'icmp' 'tmp_9' <Predicate = true> <Delay = 0.47> <Core = "Cmp">   --->   Core 25 'Cmp' <Latency = 0> <II = 1> <Delay = 0.47> <FuncUnit> <Opcode : 'icmp'> <InPorts = 2> <OutPorts = 1>
ST_6 : Operation 65 [1/1] (0.00ns)   --->   "%empty_6 = call i32 (...)* @_ssdm_op_SpecLoopTripCount(i64 3, i64 3, i64 3) nounwind"   --->   Operation 65 'speclooptripcount' 'empty_6' <Predicate = true> <Delay = 0.00>
ST_6 : Operation 66 [1/1] (0.80ns)   --->   "%c_2 = add i2 %c2, 1" [matrix_multiply.cpp:51]   --->   Operation 66 'add' 'c_2' <Predicate = true> <Delay = 0.80> <Core = "AddSub">   --->   Core 14 'AddSub' <Latency = 0> <II = 1> <Delay = 1.04> <FuncUnit> <Opcode : 'add' 'sub'> <InPorts = 2> <OutPorts = 1>
ST_6 : Operation 67 [1/1] (0.00ns)   --->   "br i1 %tmp_9, label %9, label %8" [matrix_multiply.cpp:51]   --->   Operation 67 'br' <Predicate = true> <Delay = 0.00>
ST_6 : Operation 68 [1/1] (0.00ns)   --->   "%tmp_5_cast = zext i2 %c2 to i5" [matrix_multiply.cpp:52]   --->   Operation 68 'zext' 'tmp_5_cast' <Predicate = (!tmp_9)> <Delay = 0.00>
ST_6 : Operation 69 [1/1] (1.04ns)   --->   "%tmp_15 = add i5 %tmp_10, %tmp_5_cast" [matrix_multiply.cpp:52]   --->   Operation 69 'add' 'tmp_15' <Predicate = (!tmp_9)> <Delay = 1.04> <Core = "AddSub">   --->   Core 14 'AddSub' <Latency = 0> <II = 1> <Delay = 1.04> <FuncUnit> <Opcode : 'add' 'sub'> <InPorts = 2> <OutPorts = 1>
ST_6 : Operation 70 [1/1] (0.00ns)   --->   "%tmp_21_cast = sext i5 %tmp_15 to i64" [matrix_multiply.cpp:52]   --->   Operation 70 'sext' 'tmp_21_cast' <Predicate = (!tmp_9)> <Delay = 0.00>
ST_6 : Operation 71 [1/1] (0.00ns)   --->   "%B_addr = getelementptr [9 x float]* %B, i64 0, i64 %tmp_21_cast" [matrix_multiply.cpp:52]   --->   Operation 71 'getelementptr' 'B_addr' <Predicate = (!tmp_9)> <Delay = 0.00>
ST_6 : Operation 72 [2/2] (1.09ns)   --->   "%B_load = load float* %B_addr, align 4" [matrix_multiply.cpp:52]   --->   Operation 72 'load' 'B_load' <Predicate = (!tmp_9)> <Delay = 1.09> <Core = "RAM">   --->   Core 37 'RAM' <Latency = 1> <II = 1> <Delay = 1.09> <Storage> <Opcode : 'load' 'store'> <Ports = 2> <Width = 32> <Depth = 9> <RAM>
ST_6 : Operation 73 [1/1] (0.00ns)   --->   "%empty_7 = call i32 (...)* @_ssdm_op_SpecRegionEnd([11 x i8]* @p_str2, i32 %tmp_5) nounwind" [matrix_multiply.cpp:54]   --->   Operation 73 'specregionend' 'empty_7' <Predicate = (tmp_9)> <Delay = 0.00>
ST_6 : Operation 74 [1/1] (0.00ns)   --->   "br label %.preheader" [matrix_multiply.cpp:50]   --->   Operation 74 'br' <Predicate = (tmp_9)> <Delay = 0.00>

State 7 <SV = 4> <Delay = 2.18>
ST_7 : Operation 75 [1/1] (0.00ns)   --->   "call void (...)* @_ssdm_op_SpecLoopName([11 x i8]* @p_str3) nounwind" [matrix_multiply.cpp:51]   --->   Operation 75 'specloopname' <Predicate = true> <Delay = 0.00>
ST_7 : Operation 76 [1/1] (0.00ns)   --->   "%b_i_addr = getelementptr [9 x float]* %b_i, i64 0, i64 %tmp_21_cast" [matrix_multiply.cpp:52]   --->   Operation 76 'getelementptr' 'b_i_addr' <Predicate = true> <Delay = 0.00>
ST_7 : Operation 77 [1/2] (1.09ns)   --->   "%B_load = load float* %B_addr, align 4" [matrix_multiply.cpp:52]   --->   Operation 77 'load' 'B_load' <Predicate = true> <Delay = 1.09> <Core = "RAM">   --->   Core 37 'RAM' <Latency = 1> <II = 1> <Delay = 1.09> <Storage> <Opcode : 'load' 'store'> <Ports = 2> <Width = 32> <Depth = 9> <RAM>
ST_7 : Operation 78 [1/1] (1.09ns)   --->   "store float %B_load, float* %b_i_addr, align 4" [matrix_multiply.cpp:52]   --->   Operation 78 'store' <Predicate = true> <Delay = 1.09> <Core = "RAM">   --->   Core 37 'RAM' <Latency = 1> <II = 1> <Delay = 1.09> <Storage> <Opcode : 'load' 'store'> <Ports = 2> <Width = 32> <Depth = 9> <RAM>
ST_7 : Operation 79 [1/1] (0.00ns)   --->   "br label %7" [matrix_multiply.cpp:51]   --->   Operation 79 'br' <Predicate = true> <Delay = 0.00>

State 8 <SV = 3> <Delay = 0.83>
ST_8 : Operation 80 [1/2] (0.00ns)   --->   "call fastcc void @matrix_multiply_alt2([9 x float]* %a_i, [9 x float]* %b_i, [9 x float]* %C_assign) nounwind" [D:/Xilinx/Vivado/2018.3/common/technology/autopilot/hls/linear_algebra/hls_matrix_multiply.h:511->D:/Xilinx/Vivado/2018.3/common/technology/autopilot/hls/linear_algebra/hls_matrix_multiply.h:560->matrix_multiply.cpp:57]   --->   Operation 80 'call' <Predicate = true> <Delay = 0.00> <CoreType = "Generic">   --->   Core 0 '' <Latency = 0> <II = 1> <Delay = 1.00> <Generic> <Opcode : >
ST_8 : Operation 81 [1/1] (0.83ns)   --->   "br label %11" [matrix_multiply.cpp:60]   --->   Operation 81 'br' <Predicate = true> <Delay = 0.83>

State 9 <SV = 4> <Delay = 0.96>
ST_9 : Operation 82 [1/1] (0.00ns)   --->   "%r3 = phi i2 [ 0, %10 ], [ %r_3, %15 ]"   --->   Operation 82 'phi' 'r3' <Predicate = true> <Delay = 0.00>
ST_9 : Operation 83 [1/1] (0.47ns)   --->   "%tmp_8 = icmp eq i2 %r3, -1" [matrix_multiply.cpp:60]   --->   Operation 83 'icmp' 'tmp_8' <Predicate = true> <Delay = 0.47> <Core = "Cmp">   --->   Core 25 'Cmp' <Latency = 0> <II = 1> <Delay = 0.47> <FuncUnit> <Opcode : 'icmp'> <InPorts = 2> <OutPorts = 1>
ST_9 : Operation 84 [1/1] (0.00ns)   --->   "%empty_8 = call i32 (...)* @_ssdm_op_SpecLoopTripCount(i64 3, i64 3, i64 3) nounwind"   --->   Operation 84 'speclooptripcount' 'empty_8' <Predicate = true> <Delay = 0.00>
ST_9 : Operation 85 [1/1] (0.80ns)   --->   "%r_3 = add i2 %r3, 1" [matrix_multiply.cpp:60]   --->   Operation 85 'add' 'r_3' <Predicate = true> <Delay = 0.80> <Core = "AddSub">   --->   Core 14 'AddSub' <Latency = 0> <II = 1> <Delay = 1.04> <FuncUnit> <Opcode : 'add' 'sub'> <InPorts = 2> <OutPorts = 1>
ST_9 : Operation 86 [1/1] (0.00ns)   --->   "br i1 %tmp_8, label %16, label %12" [matrix_multiply.cpp:60]   --->   Operation 86 'br' <Predicate = true> <Delay = 0.00>
ST_9 : Operation 87 [1/1] (0.00ns)   --->   "call void (...)* @_ssdm_op_SpecLoopName([11 x i8]* @p_str4) nounwind" [matrix_multiply.cpp:60]   --->   Operation 87 'specloopname' <Predicate = (!tmp_8)> <Delay = 0.00>
ST_9 : Operation 88 [1/1] (0.00ns)   --->   "%tmp_12 = call i32 (...)* @_ssdm_op_SpecRegionBegin([11 x i8]* @p_str4) nounwind" [matrix_multiply.cpp:60]   --->   Operation 88 'specregionbegin' 'tmp_12' <Predicate = (!tmp_8)> <Delay = 0.00>
ST_9 : Operation 89 [1/1] (0.00ns)   --->   "%tmp_cast = zext i2 %r3 to i5" [matrix_multiply.cpp:60]   --->   Operation 89 'zext' 'tmp_cast' <Predicate = (!tmp_8)> <Delay = 0.00>
ST_9 : Operation 90 [1/1] (0.00ns)   --->   "%tmp_13 = call i4 @_ssdm_op_BitConcatenate.i4.i2.i2(i2 %r3, i2 0)" [matrix_multiply.cpp:60]   --->   Operation 90 'bitconcatenate' 'tmp_13' <Predicate = (!tmp_8)> <Delay = 0.00>
ST_9 : Operation 91 [1/1] (0.00ns)   --->   "%p_shl2_cast = zext i4 %tmp_13 to i5" [matrix_multiply.cpp:62]   --->   Operation 91 'zext' 'p_shl2_cast' <Predicate = (!tmp_8)> <Delay = 0.00>
ST_9 : Operation 92 [1/1] (0.96ns)   --->   "%tmp_14 = sub i5 %p_shl2_cast, %tmp_cast" [matrix_multiply.cpp:62]   --->   Operation 92 'sub' 'tmp_14' <Predicate = (!tmp_8)> <Delay = 0.96> <Core = "AddSub">   --->   Core 14 'AddSub' <Latency = 0> <II = 1> <Delay = 1.04> <FuncUnit> <Opcode : 'add' 'sub'> <InPorts = 2> <OutPorts = 1>
ST_9 : Operation 93 [1/1] (0.83ns)   --->   "br label %13" [matrix_multiply.cpp:61]   --->   Operation 93 'br' <Predicate = (!tmp_8)> <Delay = 0.83>
ST_9 : Operation 94 [1/1] (0.00ns)   --->   "ret void" [matrix_multiply.cpp:66]   --->   Operation 94 'ret' <Predicate = (tmp_8)> <Delay = 0.00>

State 10 <SV = 5> <Delay = 2.13>
ST_10 : Operation 95 [1/1] (0.00ns)   --->   "%c4 = phi i2 [ 0, %12 ], [ %c_3, %14 ]"   --->   Operation 95 'phi' 'c4' <Predicate = true> <Delay = 0.00>
ST_10 : Operation 96 [1/1] (0.47ns)   --->   "%tmp_7 = icmp eq i2 %c4, -1" [matrix_multiply.cpp:61]   --->   Operation 96 'icmp' 'tmp_7' <Predicate = true> <Delay = 0.47> <Core = "Cmp">   --->   Core 25 'Cmp' <Latency = 0> <II = 1> <Delay = 0.47> <FuncUnit> <Opcode : 'icmp'> <InPorts = 2> <OutPorts = 1>
ST_10 : Operation 97 [1/1] (0.00ns)   --->   "%empty_9 = call i32 (...)* @_ssdm_op_SpecLoopTripCount(i64 3, i64 3, i64 3) nounwind"   --->   Operation 97 'speclooptripcount' 'empty_9' <Predicate = true> <Delay = 0.00>
ST_10 : Operation 98 [1/1] (0.80ns)   --->   "%c_3 = add i2 %c4, 1" [matrix_multiply.cpp:61]   --->   Operation 98 'add' 'c_3' <Predicate = true> <Delay = 0.80> <Core = "AddSub">   --->   Core 14 'AddSub' <Latency = 0> <II = 1> <Delay = 1.04> <FuncUnit> <Opcode : 'add' 'sub'> <InPorts = 2> <OutPorts = 1>
ST_10 : Operation 99 [1/1] (0.00ns)   --->   "br i1 %tmp_7, label %15, label %14" [matrix_multiply.cpp:61]   --->   Operation 99 'br' <Predicate = true> <Delay = 0.00>
ST_10 : Operation 100 [1/1] (0.00ns)   --->   "%tmp_10_cast = zext i2 %c4 to i5" [matrix_multiply.cpp:62]   --->   Operation 100 'zext' 'tmp_10_cast' <Predicate = (!tmp_7)> <Delay = 0.00>
ST_10 : Operation 101 [1/1] (1.04ns)   --->   "%tmp_16 = add i5 %tmp_14, %tmp_10_cast" [matrix_multiply.cpp:62]   --->   Operation 101 'add' 'tmp_16' <Predicate = (!tmp_7)> <Delay = 1.04> <Core = "AddSub">   --->   Core 14 'AddSub' <Latency = 0> <II = 1> <Delay = 1.04> <FuncUnit> <Opcode : 'add' 'sub'> <InPorts = 2> <OutPorts = 1>
ST_10 : Operation 102 [1/1] (0.00ns)   --->   "%tmp_22_cast = sext i5 %tmp_16 to i64" [matrix_multiply.cpp:62]   --->   Operation 102 'sext' 'tmp_22_cast' <Predicate = (!tmp_7)> <Delay = 0.00>
ST_10 : Operation 103 [1/1] (0.00ns)   --->   "%C_assign_addr = getelementptr [9 x float]* %C_assign, i64 0, i64 %tmp_22_cast" [matrix_multiply.cpp:62]   --->   Operation 103 'getelementptr' 'C_assign_addr' <Predicate = (!tmp_7)> <Delay = 0.00>
ST_10 : Operation 104 [2/2] (1.09ns)   --->   "%C_assign_load = load float* %C_assign_addr, align 4" [matrix_multiply.cpp:62]   --->   Operation 104 'load' 'C_assign_load' <Predicate = (!tmp_7)> <Delay = 1.09> <Core = "RAM">   --->   Core 37 'RAM' <Latency = 1> <II = 1> <Delay = 1.09> <Storage> <Opcode : 'load' 'store'> <Ports = 2> <Width = 32> <Depth = 9> <RAM>
ST_10 : Operation 105 [1/1] (0.00ns)   --->   "%empty_10 = call i32 (...)* @_ssdm_op_SpecRegionEnd([11 x i8]* @p_str4, i32 %tmp_12) nounwind" [matrix_multiply.cpp:64]   --->   Operation 105 'specregionend' 'empty_10' <Predicate = (tmp_7)> <Delay = 0.00>
ST_10 : Operation 106 [1/1] (0.00ns)   --->   "br label %11" [matrix_multiply.cpp:60]   --->   Operation 106 'br' <Predicate = (tmp_7)> <Delay = 0.00>

State 11 <SV = 6> <Delay = 2.18>
ST_11 : Operation 107 [1/1] (0.00ns)   --->   "call void (...)* @_ssdm_op_SpecLoopName([11 x i8]* @p_str5) nounwind" [matrix_multiply.cpp:61]   --->   Operation 107 'specloopname' <Predicate = true> <Delay = 0.00>
ST_11 : Operation 108 [1/1] (0.00ns)   --->   "%C_addr = getelementptr [9 x float]* %C, i64 0, i64 %tmp_22_cast" [matrix_multiply.cpp:62]   --->   Operation 108 'getelementptr' 'C_addr' <Predicate = true> <Delay = 0.00>
ST_11 : Operation 109 [1/2] (1.09ns)   --->   "%C_assign_load = load float* %C_assign_addr, align 4" [matrix_multiply.cpp:62]   --->   Operation 109 'load' 'C_assign_load' <Predicate = true> <Delay = 1.09> <Core = "RAM">   --->   Core 37 'RAM' <Latency = 1> <II = 1> <Delay = 1.09> <Storage> <Opcode : 'load' 'store'> <Ports = 2> <Width = 32> <Depth = 9> <RAM>
ST_11 : Operation 110 [1/1] (1.09ns)   --->   "store float %C_assign_load, float* %C_addr, align 4" [matrix_multiply.cpp:62]   --->   Operation 110 'store' <Predicate = true> <Delay = 1.09> <Core = "RAM">   --->   Core 37 'RAM' <Latency = 1> <II = 1> <Delay = 1.09> <Storage> <Opcode : 'load' 'store'> <Ports = 2> <Width = 32> <Depth = 9> <RAM>
ST_11 : Operation 111 [1/1] (0.00ns)   --->   "br label %13" [matrix_multiply.cpp:61]   --->   Operation 111 'br' <Predicate = true> <Delay = 0.00>


============================================================
+ Verbose Summary: Binding
============================================================
STG Binding: 
---------------- STG Properties BEGIN ----------------
- Is combinational: 0
- Is one-state seq: 0
- Is datapath-only: 0
- Is pipelined: 0
- Is top level: 1
Port [ Return ] is wired: 1; IO mode=ap_ctrl_hs:ce=0
Port [ A]:  wired=1; compound=1; hidden=0; nouse=0; global=0; static=0; extern=0; dir=0; type=1; pingpong=0; private_global=0; MemPort=[13]; IO mode=ap_memory:ce=0
Port [ B]:  wired=1; compound=1; hidden=0; nouse=0; global=0; static=0; extern=0; dir=0; type=1; pingpong=0; private_global=0; MemPort=[13]; IO mode=ap_memory:ce=0
Port [ C]:  wired=1; compound=1; hidden=0; nouse=0; global=0; static=0; extern=0; dir=1; type=1; pingpong=0; private_global=0; MemPort=[03]; IO mode=ap_memory:ce=0
---------------- STG Properties END ------------------

---------------- Datapath Model BEGIN ----------------

<LifeTime>
<method=bitvector/>
StgValue_12   (specbitsmap      ) [ 000000000000]
StgValue_13   (specbitsmap      ) [ 000000000000]
StgValue_14   (specbitsmap      ) [ 000000000000]
StgValue_15   (spectopmodule    ) [ 000000000000]
a_i           (alloca           ) [ 001111111000]
b_i           (alloca           ) [ 001111111000]
C_assign      (alloca           ) [ 001111111111]
StgValue_19   (br               ) [ 011110000000]
r             (phi              ) [ 001000000000]
tmp           (icmp             ) [ 001110000000]
empty         (speclooptripcount) [ 000000000000]
r_1           (add              ) [ 011110000000]
StgValue_24   (br               ) [ 000000000000]
StgValue_25   (specloopname     ) [ 000000000000]
tmp_s         (specregionbegin  ) [ 000110000000]
tmp_1_cast    (zext             ) [ 000000000000]
tmp_1         (bitconcatenate   ) [ 000000000000]
p_shl_cast    (zext             ) [ 000000000000]
tmp_4         (sub              ) [ 000110000000]
StgValue_31   (br               ) [ 001110000000]
StgValue_32   (br               ) [ 001111110000]
c             (phi              ) [ 000100000000]
tmp_3         (icmp             ) [ 001110000000]
empty_3       (speclooptripcount) [ 000000000000]
c_1           (add              ) [ 001110000000]
StgValue_37   (br               ) [ 000000000000]
tmp_6_cast    (zext             ) [ 000000000000]
tmp_11        (add              ) [ 000000000000]
tmp_18_cast   (sext             ) [ 000010000000]
A_addr        (getelementptr    ) [ 000010000000]
empty_4       (specregionend    ) [ 000000000000]
StgValue_44   (br               ) [ 011110000000]
StgValue_45   (specloopname     ) [ 000000000000]
a_i_addr      (getelementptr    ) [ 000000000000]
A_load        (load             ) [ 000000000000]
StgValue_48   (store            ) [ 000000000000]
StgValue_49   (br               ) [ 001110000000]
r1            (phi              ) [ 000001000000]
tmp_2         (icmp             ) [ 000001110000]
empty_5       (speclooptripcount) [ 000000000000]
r_2           (add              ) [ 001001110000]
StgValue_54   (br               ) [ 000000000000]
StgValue_55   (specloopname     ) [ 000000000000]
tmp_5         (specregionbegin  ) [ 000000110000]
tmp_4_cast    (zext             ) [ 000000000000]
tmp_6         (bitconcatenate   ) [ 000000000000]
p_shl1_cast   (zext             ) [ 000000000000]
tmp_10        (sub              ) [ 000000110000]
StgValue_61   (br               ) [ 000001110000]
c2            (phi              ) [ 000000100000]
tmp_9         (icmp             ) [ 000001110000]
empty_6       (speclooptripcount) [ 000000000000]
c_2           (add              ) [ 000001110000]
StgValue_67   (br               ) [ 000000000000]
tmp_5_cast    (zext             ) [ 000000000000]
tmp_15        (add              ) [ 000000000000]
tmp_21_cast   (sext             ) [ 000000010000]
B_addr        (getelementptr    ) [ 000000010000]
empty_7       (specregionend    ) [ 000000000000]
StgValue_74   (br               ) [ 001001110000]
StgValue_75   (specloopname     ) [ 000000000000]
b_i_addr      (getelementptr    ) [ 000000000000]
B_load        (load             ) [ 000000000000]
StgValue_78   (store            ) [ 000000000000]
StgValue_79   (br               ) [ 000001110000]
StgValue_80   (call             ) [ 000000000000]
StgValue_81   (br               ) [ 000000001111]
r3            (phi              ) [ 000000000100]
tmp_8         (icmp             ) [ 000000000111]
empty_8       (speclooptripcount) [ 000000000000]
r_3           (add              ) [ 000000001111]
StgValue_86   (br               ) [ 000000000000]
StgValue_87   (specloopname     ) [ 000000000000]
tmp_12        (specregionbegin  ) [ 000000000011]
tmp_cast      (zext             ) [ 000000000000]
tmp_13        (bitconcatenate   ) [ 000000000000]
p_shl2_cast   (zext             ) [ 000000000000]
tmp_14        (sub              ) [ 000000000011]
StgValue_93   (br               ) [ 000000000111]
StgValue_94   (ret              ) [ 000000000000]
c4            (phi              ) [ 000000000010]
tmp_7         (icmp             ) [ 000000000111]
empty_9       (speclooptripcount) [ 000000000000]
c_3           (add              ) [ 000000000111]
StgValue_99   (br               ) [ 000000000000]
tmp_10_cast   (zext             ) [ 000000000000]
tmp_16        (add              ) [ 000000000000]
tmp_22_cast   (sext             ) [ 000000000001]
C_assign_addr (getelementptr    ) [ 000000000001]
empty_10      (specregionend    ) [ 000000000000]
StgValue_106  (br               ) [ 000000001111]
StgValue_107  (specloopname     ) [ 000000000000]
C_addr        (getelementptr    ) [ 000000000000]
C_assign_load (load             ) [ 000000000000]
StgValue_110  (store            ) [ 000000000000]
StgValue_111  (br               ) [ 000000000111]
</LifeTime>

<model>

<comp_list>
<comp id="0" class="1000" name="A">
<pin_list>
<pin id="1" dir="1" index="0" bw="1" slack="0"/>
</pin_list>
<bind>
<StgValue><ssdm name="A"/><MemPortTyVec>1 3 </MemPortTyVec>
</StgValue>
</bind>
</comp>

<comp id="2" class="1000" name="B">
<pin_list>
<pin id="3" dir="1" index="0" bw="1" slack="0"/>
</pin_list>
<bind>
<StgValue><ssdm name="B"/><MemPortTyVec>1 3 </MemPortTyVec>
</StgValue>
</bind>
</comp>

<comp id="4" class="1000" name="C">
<pin_list>
<pin id="5" dir="1" index="0" bw="1" slack="0"/>
</pin_list>
<bind>
<StgValue><ssdm name="C"/><MemPortTyVec>0 3 </MemPortTyVec>
</StgValue>
</bind>
</comp>

<comp id="6" class="1001" name="const_6">
<pin_list>
<pin id="7" dir="1" index="0" bw="1" slack="2147483647"/>
</pin_list>
<bind>
<StgValue><ssdm name="_ssdm_op_SpecBitsMap"/></StgValue>
</bind>
</comp>

<comp id="8" class="1001" name="const_8">
<pin_list>
<pin id="9" dir="1" index="0" bw="1" slack="2147483647"/>
</pin_list>
<bind>
<StgValue><ssdm name="_ssdm_op_SpecTopModule"/></StgValue>
</bind>
</comp>

<comp id="10" class="1001" name="const_10">
<pin_list>
<pin id="11" dir="1" index="0" bw="1" slack="2147483647"/>
</pin_list>
<bind>
<StgValue><ssdm name="matrix_multiply_top_s"/></StgValue>
</bind>
</comp>

<comp id="12" class="1001" name="const_12">
<pin_list>
<pin id="13" dir="1" index="0" bw="1" slack="0"/>
</pin_list>
<bind>
<StgValue><ssdm name=""/></StgValue>
</bind>
</comp>

<comp id="14" class="1001" name="const_14">
<pin_list>
<pin id="15" dir="1" index="0" bw="1" slack="0"/>
</pin_list>
<bind>
<StgValue><ssdm name=""/></StgValue>
</bind>
</comp>

<comp id="16" class="1001" name="const_16">
<pin_list>
<pin id="17" dir="1" index="0" bw="1" slack="0"/>
</pin_list>
<bind>
<StgValue><ssdm name=""/></StgValue>
</bind>
</comp>

<comp id="18" class="1001" name="const_18">
<pin_list>
<pin id="19" dir="1" index="0" bw="1" slack="2147483647"/>
</pin_list>
<bind>
<StgValue><ssdm name="_ssdm_op_SpecLoopTripCount"/></StgValue>
</bind>
</comp>

<comp id="20" class="1001" name="const_20">
<pin_list>
<pin id="21" dir="1" index="0" bw="1" slack="2147483647"/>
</pin_list>
<bind>
<StgValue><ssdm name=""/></StgValue>
</bind>
</comp>

<comp id="22" class="1001" name="const_22">
<pin_list>
<pin id="23" dir="1" index="0" bw="1" slack="0"/>
</pin_list>
<bind>
<StgValue><ssdm name=""/></StgValue>
</bind>
</comp>

<comp id="24" class="1001" name="const_24">
<pin_list>
<pin id="25" dir="1" index="0" bw="1" slack="2147483647"/>
</pin_list>
<bind>
<StgValue><ssdm name="_ssdm_op_SpecLoopName"/></StgValue>
</bind>
</comp>

<comp id="26" class="1001" name="const_26">
<pin_list>
<pin id="27" dir="1" index="0" bw="1" slack="2147483647"/>
</pin_list>
<bind>
<StgValue><ssdm name="p_str"/></StgValue>
</bind>
</comp>

<comp id="28" class="1001" name="const_28">
<pin_list>
<pin id="29" dir="1" index="0" bw="1" slack="2147483647"/>
</pin_list>
<bind>
<StgValue><ssdm name="_ssdm_op_SpecRegionBegin"/></StgValue>
</bind>
</comp>

<comp id="30" class="1001" name="const_30">
<pin_list>
<pin id="31" dir="1" index="0" bw="1" slack="0"/>
</pin_list>
<bind>
<StgValue><ssdm name="_ssdm_op_BitConcatenate.i4.i2.i2"/></StgValue>
</bind>
</comp>

<comp id="32" class="1001" name="const_32">
<pin_list>
<pin id="33" dir="1" index="0" bw="1" slack="0"/>
</pin_list>
<bind>
<StgValue><ssdm name=""/></StgValue>
</bind>
</comp>

<comp id="34" class="1001" name="const_34">
<pin_list>
<pin id="35" dir="1" index="0" bw="1" slack="2147483647"/>
</pin_list>
<bind>
<StgValue><ssdm name="_ssdm_op_SpecRegionEnd"/></StgValue>
</bind>
</comp>

<comp id="36" class="1001" name="const_36">
<pin_list>
<pin id="37" dir="1" index="0" bw="1" slack="2147483647"/>
</pin_list>
<bind>
<StgValue><ssdm name="p_str1"/></StgValue>
</bind>
</comp>

<comp id="38" class="1001" name="const_38">
<pin_list>
<pin id="39" dir="1" index="0" bw="1" slack="2147483647"/>
</pin_list>
<bind>
<StgValue><ssdm name="p_str2"/></StgValue>
</bind>
</comp>

<comp id="40" class="1001" name="const_40">
<pin_list>
<pin id="41" dir="1" index="0" bw="1" slack="0"/>
</pin_list>
<bind>
<StgValue><ssdm name="matrix_multiply_alt2"/></StgValue>
</bind>
</comp>

<comp id="42" class="1001" name="const_42">
<pin_list>
<pin id="43" dir="1" index="0" bw="1" slack="2147483647"/>
</pin_list>
<bind>
<StgValue><ssdm name="p_str3"/></StgValue>
</bind>
</comp>

<comp id="44" class="1001" name="const_44">
<pin_list>
<pin id="45" dir="1" index="0" bw="1" slack="2147483647"/>
</pin_list>
<bind>
<StgValue><ssdm name="p_str4"/></StgValue>
</bind>
</comp>

<comp id="46" class="1001" name="const_46">
<pin_list>
<pin id="47" dir="1" index="0" bw="1" slack="2147483647"/>
</pin_list>
<bind>
<StgValue><ssdm name="p_str5"/></StgValue>
</bind>
</comp>

<comp id="48" class="1004" name="a_i_alloca_fu_48">
<pin_list>
<pin id="49" dir="0" index="0" bw="1" slack="0"/>
<pin id="50" dir="1" index="1" bw="32" slack="2147483647"/>
</pin_list>
<bind>
<opcode="alloca(26) " fcode="alloca"/>
<opset="a_i/1 "/>
</bind>
</comp>

<comp id="52" class="1004" name="b_i_alloca_fu_52">
<pin_list>
<pin id="53" dir="0" index="0" bw="1" slack="0"/>
<pin id="54" dir="1" index="1" bw="32" slack="2147483647"/>
</pin_list>
<bind>
<opcode="alloca(26) " fcode="alloca"/>
<opset="b_i/1 "/>
</bind>
</comp>

<comp id="56" class="1004" name="C_assign_alloca_fu_56">
<pin_list>
<pin id="57" dir="0" index="0" bw="1" slack="0"/>
<pin id="58" dir="1" index="1" bw="32" slack="2147483647"/>
</pin_list>
<bind>
<opcode="alloca(26) " fcode="alloca"/>
<opset="C_assign/1 "/>
</bind>
</comp>

<comp id="60" class="1004" name="A_addr_gep_fu_60">
<pin_list>
<pin id="61" dir="0" index="0" bw="32" slack="0"/>
<pin id="62" dir="0" index="1" bw="1" slack="0"/>
<pin id="63" dir="0" index="2" bw="5" slack="0"/>
<pin id="64" dir="1" index="3" bw="4" slack="0"/>
</pin_list>
<bind>
<opcode="getelementptr(29) " fcode="getelementptr"/>
<opset="A_addr/3 "/>
</bind>
</comp>

<comp id="67" class="1004" name="grp_access_fu_67">
<pin_list>
<pin id="68" dir="0" index="0" bw="4" slack="0"/>
<pin id="69" dir="0" index="1" bw="32" slack="2147483647"/>
<pin id="70" dir="0" index="2" bw="0" slack="2147483647"/>
<pin id="71" dir="1" index="3" bw="32" slack="0"/>
</pin_list>
<bind>
<opcode="load(27) " fcode="load"/>
<opset="A_load/3 "/>
</bind>
</comp>

<comp id="73" class="1004" name="a_i_addr_gep_fu_73">
<pin_list>
<pin id="74" dir="0" index="0" bw="32" slack="2147483647"/>
<pin id="75" dir="0" index="1" bw="1" slack="0"/>
<pin id="76" dir="0" index="2" bw="5" slack="1"/>
<pin id="77" dir="1" index="3" bw="4" slack="0"/>
</pin_list>
<bind>
<opcode="getelementptr(29) " fcode="getelementptr"/>
<opset="a_i_addr/4 "/>
</bind>
</comp>

<comp id="79" class="1004" name="StgValue_48_access_fu_79">
<pin_list>
<pin id="80" dir="0" index="0" bw="4" slack="0"/>
<pin id="81" dir="0" index="1" bw="32" slack="0"/>
<pin id="82" dir="0" index="2" bw="0" slack="2147483647"/>
<pin id="83" dir="1" index="3" bw="32" slack="2147483647"/>
</pin_list>
<bind>
<opcode="store(28) " fcode="store"/>
<opset="StgValue_48/4 "/>
</bind>
</comp>

<comp id="86" class="1004" name="B_addr_gep_fu_86">
<pin_list>
<pin id="87" dir="0" index="0" bw="32" slack="0"/>
<pin id="88" dir="0" index="1" bw="1" slack="0"/>
<pin id="89" dir="0" index="2" bw="5" slack="0"/>
<pin id="90" dir="1" index="3" bw="4" slack="0"/>
</pin_list>
<bind>
<opcode="getelementptr(29) " fcode="getelementptr"/>
<opset="B_addr/6 "/>
</bind>
</comp>

<comp id="93" class="1004" name="grp_access_fu_93">
<pin_list>
<pin id="94" dir="0" index="0" bw="4" slack="0"/>
<pin id="95" dir="0" index="1" bw="32" slack="2147483647"/>
<pin id="96" dir="0" index="2" bw="0" slack="2147483647"/>
<pin id="97" dir="1" index="3" bw="32" slack="0"/>
</pin_list>
<bind>
<opcode="load(27) " fcode="load"/>
<opset="B_load/6 "/>
</bind>
</comp>

<comp id="99" class="1004" name="b_i_addr_gep_fu_99">
<pin_list>
<pin id="100" dir="0" index="0" bw="32" slack="2147483647"/>
<pin id="101" dir="0" index="1" bw="1" slack="0"/>
<pin id="102" dir="0" index="2" bw="5" slack="1"/>
<pin id="103" dir="1" index="3" bw="4" slack="0"/>
</pin_list>
<bind>
<opcode="getelementptr(29) " fcode="getelementptr"/>
<opset="b_i_addr/7 "/>
</bind>
</comp>

<comp id="105" class="1004" name="StgValue_78_access_fu_105">
<pin_list>
<pin id="106" dir="0" index="0" bw="4" slack="0"/>
<pin id="107" dir="0" index="1" bw="32" slack="0"/>
<pin id="108" dir="0" index="2" bw="0" slack="2147483647"/>
<pin id="109" dir="1" index="3" bw="32" slack="2147483647"/>
</pin_list>
<bind>
<opcode="store(28) " fcode="store"/>
<opset="StgValue_78/7 "/>
</bind>
</comp>

<comp id="112" class="1004" name="C_assign_addr_gep_fu_112">
<pin_list>
<pin id="113" dir="0" index="0" bw="32" slack="2147483647"/>
<pin id="114" dir="0" index="1" bw="1" slack="0"/>
<pin id="115" dir="0" index="2" bw="5" slack="0"/>
<pin id="116" dir="1" index="3" bw="4" slack="0"/>
</pin_list>
<bind>
<opcode="getelementptr(29) " fcode="getelementptr"/>
<opset="C_assign_addr/10 "/>
</bind>
</comp>

<comp id="118" class="1004" name="grp_access_fu_118">
<pin_list>
<pin id="119" dir="0" index="0" bw="4" slack="0"/>
<pin id="120" dir="0" index="1" bw="32" slack="2147483647"/>
<pin id="121" dir="0" index="2" bw="0" slack="2147483647"/>
<pin id="122" dir="1" index="3" bw="32" slack="0"/>
</pin_list>
<bind>
<opcode="load(27) " fcode="load"/>
<opset="C_assign_load/10 "/>
</bind>
</comp>

<comp id="124" class="1004" name="C_addr_gep_fu_124">
<pin_list>
<pin id="125" dir="0" index="0" bw="32" slack="0"/>
<pin id="126" dir="0" index="1" bw="1" slack="0"/>
<pin id="127" dir="0" index="2" bw="5" slack="1"/>
<pin id="128" dir="1" index="3" bw="4" slack="0"/>
</pin_list>
<bind>
<opcode="getelementptr(29) " fcode="getelementptr"/>
<opset="C_addr/11 "/>
</bind>
</comp>

<comp id="131" class="1004" name="StgValue_110_access_fu_131">
<pin_list>
<pin id="132" dir="0" index="0" bw="4" slack="0"/>
<pin id="133" dir="0" index="1" bw="32" slack="0"/>
<pin id="134" dir="0" index="2" bw="0" slack="2147483647"/>
<pin id="135" dir="1" index="3" bw="32" slack="2147483647"/>
</pin_list>
<bind>
<opcode="store(28) " fcode="store"/>
<opset="StgValue_110/11 "/>
</bind>
</comp>

<comp id="138" class="1005" name="r_reg_138">
<pin_list>
<pin id="139" dir="0" index="0" bw="2" slack="1"/>
<pin id="140" dir="1" index="1" bw="2" slack="1"/>
</pin_list>
<bind>
<opset="r (phireg) "/>
</bind>
</comp>

<comp id="142" class="1004" name="r_phi_fu_142">
<pin_list>
<pin id="143" dir="0" index="0" bw="1" slack="1"/>
<pin id="144" dir="0" index="1" bw="0" slack="2147483647"/>
<pin id="145" dir="0" index="2" bw="2" slack="0"/>
<pin id="146" dir="0" index="3" bw="0" slack="2147483647"/>
<pin id="147" dir="1" index="4" bw="2" slack="0"/>
</pin_list>
<bind>
<opcode="phi(47) " fcode="phi"/>
<opset="r/2 "/>
</bind>
</comp>

<comp id="149" class="1005" name="c_reg_149">
<pin_list>
<pin id="150" dir="0" index="0" bw="2" slack="1"/>
<pin id="151" dir="1" index="1" bw="2" slack="1"/>
</pin_list>
<bind>
<opset="c (phireg) "/>
</bind>
</comp>

<comp id="153" class="1004" name="c_phi_fu_153">
<pin_list>
<pin id="154" dir="0" index="0" bw="1" slack="1"/>
<pin id="155" dir="0" index="1" bw="0" slack="2147483647"/>
<pin id="156" dir="0" index="2" bw="2" slack="0"/>
<pin id="157" dir="0" index="3" bw="0" slack="2147483647"/>
<pin id="158" dir="1" index="4" bw="2" slack="0"/>
</pin_list>
<bind>
<opcode="phi(47) " fcode="phi"/>
<opset="c/3 "/>
</bind>
</comp>

<comp id="160" class="1005" name="r1_reg_160">
<pin_list>
<pin id="161" dir="0" index="0" bw="2" slack="1"/>
<pin id="162" dir="1" index="1" bw="2" slack="1"/>
</pin_list>
<bind>
<opset="r1 (phireg) "/>
</bind>
</comp>

<comp id="164" class="1004" name="r1_phi_fu_164">
<pin_list>
<pin id="165" dir="0" index="0" bw="2" slack="0"/>
<pin id="166" dir="0" index="1" bw="0" slack="2147483647"/>
<pin id="167" dir="0" index="2" bw="1" slack="1"/>
<pin id="168" dir="0" index="3" bw="0" slack="2147483647"/>
<pin id="169" dir="1" index="4" bw="2" slack="0"/>
</pin_list>
<bind>
<opcode="phi(47) " fcode="phi"/>
<opset="r1/5 "/>
</bind>
</comp>

<comp id="171" class="1005" name="c2_reg_171">
<pin_list>
<pin id="172" dir="0" index="0" bw="2" slack="1"/>
<pin id="173" dir="1" index="1" bw="2" slack="1"/>
</pin_list>
<bind>
<opset="c2 (phireg) "/>
</bind>
</comp>

<comp id="175" class="1004" name="c2_phi_fu_175">
<pin_list>
<pin id="176" dir="0" index="0" bw="1" slack="1"/>
<pin id="177" dir="0" index="1" bw="0" slack="2147483647"/>
<pin id="178" dir="0" index="2" bw="2" slack="0"/>
<pin id="179" dir="0" index="3" bw="0" slack="2147483647"/>
<pin id="180" dir="1" index="4" bw="2" slack="0"/>
</pin_list>
<bind>
<opcode="phi(47) " fcode="phi"/>
<opset="c2/6 "/>
</bind>
</comp>

<comp id="182" class="1005" name="r3_reg_182">
<pin_list>
<pin id="183" dir="0" index="0" bw="2" slack="1"/>
<pin id="184" dir="1" index="1" bw="2" slack="1"/>
</pin_list>
<bind>
<opset="r3 (phireg) "/>
</bind>
</comp>

<comp id="186" class="1004" name="r3_phi_fu_186">
<pin_list>
<pin id="187" dir="0" index="0" bw="1" slack="1"/>
<pin id="188" dir="0" index="1" bw="0" slack="2147483647"/>
<pin id="189" dir="0" index="2" bw="2" slack="0"/>
<pin id="190" dir="0" index="3" bw="0" slack="2147483647"/>
<pin id="191" dir="1" index="4" bw="2" slack="0"/>
</pin_list>
<bind>
<opcode="phi(47) " fcode="phi"/>
<opset="r3/9 "/>
</bind>
</comp>

<comp id="193" class="1005" name="c4_reg_193">
<pin_list>
<pin id="194" dir="0" index="0" bw="2" slack="1"/>
<pin id="195" dir="1" index="1" bw="2" slack="1"/>
</pin_list>
<bind>
<opset="c4 (phireg) "/>
</bind>
</comp>

<comp id="197" class="1004" name="c4_phi_fu_197">
<pin_list>
<pin id="198" dir="0" index="0" bw="1" slack="1"/>
<pin id="199" dir="0" index="1" bw="0" slack="2147483647"/>
<pin id="200" dir="0" index="2" bw="2" slack="0"/>
<pin id="201" dir="0" index="3" bw="0" slack="2147483647"/>
<pin id="202" dir="1" index="4" bw="2" slack="0"/>
</pin_list>
<bind>
<opcode="phi(47) " fcode="phi"/>
<opset="c4/10 "/>
</bind>
</comp>

<comp id="204" class="1004" name="grp_matrix_multiply_alt2_fu_204">
<pin_list>
<pin id="205" dir="0" index="0" bw="0" slack="0"/>
<pin id="206" dir="0" index="1" bw="32" slack="2147483647"/>
<pin id="207" dir="0" index="2" bw="32" slack="2147483647"/>
<pin id="208" dir="0" index="3" bw="32" slack="2147483647"/>
<pin id="209" dir="1" index="4" bw="0" slack="2147483647"/>
</pin_list>
<bind>
<opcode="call(48) " fcode="call"/>
<opset="StgValue_62/5 "/>
</bind>
</comp>

<comp id="211" class="1004" name="tmp_fu_211">
<pin_list>
<pin id="212" dir="0" index="0" bw="2" slack="0"/>
<pin id="213" dir="0" index="1" bw="1" slack="0"/>
<pin id="214" dir="1" index="2" bw="1" slack="2147483647"/>
</pin_list>
<bind>
<opcode="icmp(45) " fcode="icmp"/>
<opset="tmp/2 "/>
</bind>
</comp>

<comp id="217" class="1004" name="r_1_fu_217">
<pin_list>
<pin id="218" dir="0" index="0" bw="2" slack="0"/>
<pin id="219" dir="0" index="1" bw="1" slack="0"/>
<pin id="220" dir="1" index="2" bw="2" slack="0"/>
</pin_list>
<bind>
<opcode="add(8) " fcode="add"/>
<opset="r_1/2 "/>
</bind>
</comp>

<comp id="223" class="1004" name="tmp_1_cast_fu_223">
<pin_list>
<pin id="224" dir="0" index="0" bw="2" slack="0"/>
<pin id="225" dir="1" index="1" bw="5" slack="0"/>
</pin_list>
<bind>
<opcode="zext(34) " fcode="zext"/>
<opset="tmp_1_cast/2 "/>
</bind>
</comp>

<comp id="227" class="1004" name="tmp_1_fu_227">
<pin_list>
<pin id="228" dir="0" index="0" bw="4" slack="0"/>
<pin id="229" dir="0" index="1" bw="2" slack="0"/>
<pin id="230" dir="0" index="2" bw="1" slack="0"/>
<pin id="231" dir="1" index="3" bw="4" slack="0"/>
</pin_list>
<bind>
<opcode="bitconcatenate(1004) " fcode="bitconcatenate"/>
<opset="tmp_1/2 "/>
</bind>
</comp>

<comp id="235" class="1004" name="p_shl_cast_fu_235">
<pin_list>
<pin id="236" dir="0" index="0" bw="4" slack="0"/>
<pin id="237" dir="1" index="1" bw="5" slack="0"/>
</pin_list>
<bind>
<opcode="zext(34) " fcode="zext"/>
<opset="p_shl_cast/2 "/>
</bind>
</comp>

<comp id="239" class="1004" name="tmp_4_fu_239">
<pin_list>
<pin id="240" dir="0" index="0" bw="4" slack="0"/>
<pin id="241" dir="0" index="1" bw="2" slack="0"/>
<pin id="242" dir="1" index="2" bw="5" slack="1"/>
</pin_list>
<bind>
<opcode="sub(10) " fcode="sub"/>
<opset="tmp_4/2 "/>
</bind>
</comp>

<comp id="245" class="1004" name="tmp_3_fu_245">
<pin_list>
<pin id="246" dir="0" index="0" bw="2" slack="0"/>
<pin id="247" dir="0" index="1" bw="1" slack="0"/>
<pin id="248" dir="1" index="2" bw="1" slack="2147483647"/>
</pin_list>
<bind>
<opcode="icmp(45) " fcode="icmp"/>
<opset="tmp_3/3 "/>
</bind>
</comp>

<comp id="251" class="1004" name="c_1_fu_251">
<pin_list>
<pin id="252" dir="0" index="0" bw="2" slack="0"/>
<pin id="253" dir="0" index="1" bw="1" slack="0"/>
<pin id="254" dir="1" index="2" bw="2" slack="0"/>
</pin_list>
<bind>
<opcode="add(8) " fcode="add"/>
<opset="c_1/3 "/>
</bind>
</comp>

<comp id="257" class="1004" name="tmp_6_cast_fu_257">
<pin_list>
<pin id="258" dir="0" index="0" bw="2" slack="0"/>
<pin id="259" dir="1" index="1" bw="5" slack="0"/>
</pin_list>
<bind>
<opcode="zext(34) " fcode="zext"/>
<opset="tmp_6_cast/3 "/>
</bind>
</comp>

<comp id="261" class="1004" name="tmp_11_fu_261">
<pin_list>
<pin id="262" dir="0" index="0" bw="5" slack="1"/>
<pin id="263" dir="0" index="1" bw="2" slack="0"/>
<pin id="264" dir="1" index="2" bw="5" slack="0"/>
</pin_list>
<bind>
<opcode="add(8) " fcode="add"/>
<opset="tmp_11/3 "/>
</bind>
</comp>

<comp id="266" class="1004" name="tmp_18_cast_fu_266">
<pin_list>
<pin id="267" dir="0" index="0" bw="5" slack="0"/>
<pin id="268" dir="1" index="1" bw="64" slack="0"/>
</pin_list>
<bind>
<opcode="sext(35) " fcode="sext"/>
<opset="tmp_18_cast/3 "/>
</bind>
</comp>

<comp id="271" class="1004" name="tmp_2_fu_271">
<pin_list>
<pin id="272" dir="0" index="0" bw="2" slack="0"/>
<pin id="273" dir="0" index="1" bw="1" slack="0"/>
<pin id="274" dir="1" index="2" bw="1" slack="2147483647"/>
</pin_list>
<bind>
<opcode="icmp(45) " fcode="icmp"/>
<opset="tmp_2/5 "/>
</bind>
</comp>

<comp id="277" class="1004" name="r_2_fu_277">
<pin_list>
<pin id="278" dir="0" index="0" bw="2" slack="0"/>
<pin id="279" dir="0" index="1" bw="1" slack="0"/>
<pin id="280" dir="1" index="2" bw="2" slack="0"/>
</pin_list>
<bind>
<opcode="add(8) " fcode="add"/>
<opset="r_2/5 "/>
</bind>
</comp>

<comp id="283" class="1004" name="tmp_4_cast_fu_283">
<pin_list>
<pin id="284" dir="0" index="0" bw="2" slack="0"/>
<pin id="285" dir="1" index="1" bw="5" slack="0"/>
</pin_list>
<bind>
<opcode="zext(34) " fcode="zext"/>
<opset="tmp_4_cast/5 "/>
</bind>
</comp>

<comp id="287" class="1004" name="tmp_6_fu_287">
<pin_list>
<pin id="288" dir="0" index="0" bw="4" slack="0"/>
<pin id="289" dir="0" index="1" bw="2" slack="0"/>
<pin id="290" dir="0" index="2" bw="1" slack="0"/>
<pin id="291" dir="1" index="3" bw="4" slack="0"/>
</pin_list>
<bind>
<opcode="bitconcatenate(1004) " fcode="bitconcatenate"/>
<opset="tmp_6/5 "/>
</bind>
</comp>

<comp id="295" class="1004" name="p_shl1_cast_fu_295">
<pin_list>
<pin id="296" dir="0" index="0" bw="4" slack="0"/>
<pin id="297" dir="1" index="1" bw="5" slack="0"/>
</pin_list>
<bind>
<opcode="zext(34) " fcode="zext"/>
<opset="p_shl1_cast/5 "/>
</bind>
</comp>

<comp id="299" class="1004" name="tmp_10_fu_299">
<pin_list>
<pin id="300" dir="0" index="0" bw="4" slack="0"/>
<pin id="301" dir="0" index="1" bw="2" slack="0"/>
<pin id="302" dir="1" index="2" bw="5" slack="1"/>
</pin_list>
<bind>
<opcode="sub(10) " fcode="sub"/>
<opset="tmp_10/5 "/>
</bind>
</comp>

<comp id="305" class="1004" name="tmp_9_fu_305">
<pin_list>
<pin id="306" dir="0" index="0" bw="2" slack="0"/>
<pin id="307" dir="0" index="1" bw="1" slack="0"/>
<pin id="308" dir="1" index="2" bw="1" slack="2147483647"/>
</pin_list>
<bind>
<opcode="icmp(45) " fcode="icmp"/>
<opset="tmp_9/6 "/>
</bind>
</comp>

<comp id="311" class="1004" name="c_2_fu_311">
<pin_list>
<pin id="312" dir="0" index="0" bw="2" slack="0"/>
<pin id="313" dir="0" index="1" bw="1" slack="0"/>
<pin id="314" dir="1" index="2" bw="2" slack="0"/>
</pin_list>
<bind>
<opcode="add(8) " fcode="add"/>
<opset="c_2/6 "/>
</bind>
</comp>

<comp id="317" class="1004" name="tmp_5_cast_fu_317">
<pin_list>
<pin id="318" dir="0" index="0" bw="2" slack="0"/>
<pin id="319" dir="1" index="1" bw="5" slack="0"/>
</pin_list>
<bind>
<opcode="zext(34) " fcode="zext"/>
<opset="tmp_5_cast/6 "/>
</bind>
</comp>

<comp id="321" class="1004" name="tmp_15_fu_321">
<pin_list>
<pin id="322" dir="0" index="0" bw="5" slack="1"/>
<pin id="323" dir="0" index="1" bw="2" slack="0"/>
<pin id="324" dir="1" index="2" bw="5" slack="0"/>
</pin_list>
<bind>
<opcode="add(8) " fcode="add"/>
<opset="tmp_15/6 "/>
</bind>
</comp>

<comp id="326" class="1004" name="tmp_21_cast_fu_326">
<pin_list>
<pin id="327" dir="0" index="0" bw="5" slack="0"/>
<pin id="328" dir="1" index="1" bw="64" slack="0"/>
</pin_list>
<bind>
<opcode="sext(35) " fcode="sext"/>
<opset="tmp_21_cast/6 "/>
</bind>
</comp>

<comp id="331" class="1004" name="tmp_8_fu_331">
<pin_list>
<pin id="332" dir="0" index="0" bw="2" slack="0"/>
<pin id="333" dir="0" index="1" bw="1" slack="0"/>
<pin id="334" dir="1" index="2" bw="1" slack="2147483647"/>
</pin_list>
<bind>
<opcode="icmp(45) " fcode="icmp"/>
<opset="tmp_8/9 "/>
</bind>
</comp>

<comp id="337" class="1004" name="r_3_fu_337">
<pin_list>
<pin id="338" dir="0" index="0" bw="2" slack="0"/>
<pin id="339" dir="0" index="1" bw="1" slack="0"/>
<pin id="340" dir="1" index="2" bw="2" slack="0"/>
</pin_list>
<bind>
<opcode="add(8) " fcode="add"/>
<opset="r_3/9 "/>
</bind>
</comp>

<comp id="343" class="1004" name="tmp_cast_fu_343">
<pin_list>
<pin id="344" dir="0" index="0" bw="2" slack="0"/>
<pin id="345" dir="1" index="1" bw="5" slack="0"/>
</pin_list>
<bind>
<opcode="zext(34) " fcode="zext"/>
<opset="tmp_cast/9 "/>
</bind>
</comp>

<comp id="347" class="1004" name="tmp_13_fu_347">
<pin_list>
<pin id="348" dir="0" index="0" bw="4" slack="0"/>
<pin id="349" dir="0" index="1" bw="2" slack="0"/>
<pin id="350" dir="0" index="2" bw="1" slack="0"/>
<pin id="351" dir="1" index="3" bw="4" slack="0"/>
</pin_list>
<bind>
<opcode="bitconcatenate(1004) " fcode="bitconcatenate"/>
<opset="tmp_13/9 "/>
</bind>
</comp>

<comp id="355" class="1004" name="p_shl2_cast_fu_355">
<pin_list>
<pin id="356" dir="0" index="0" bw="4" slack="0"/>
<pin id="357" dir="1" index="1" bw="5" slack="0"/>
</pin_list>
<bind>
<opcode="zext(34) " fcode="zext"/>
<opset="p_shl2_cast/9 "/>
</bind>
</comp>

<comp id="359" class="1004" name="tmp_14_fu_359">
<pin_list>
<pin id="360" dir="0" index="0" bw="4" slack="0"/>
<pin id="361" dir="0" index="1" bw="2" slack="0"/>
<pin id="362" dir="1" index="2" bw="5" slack="1"/>
</pin_list>
<bind>
<opcode="sub(10) " fcode="sub"/>
<opset="tmp_14/9 "/>
</bind>
</comp>

<comp id="365" class="1004" name="tmp_7_fu_365">
<pin_list>
<pin id="366" dir="0" index="0" bw="2" slack="0"/>
<pin id="367" dir="0" index="1" bw="1" slack="0"/>
<pin id="368" dir="1" index="2" bw="1" slack="2147483647"/>
</pin_list>
<bind>
<opcode="icmp(45) " fcode="icmp"/>
<opset="tmp_7/10 "/>
</bind>
</comp>

<comp id="371" class="1004" name="c_3_fu_371">
<pin_list>
<pin id="372" dir="0" index="0" bw="2" slack="0"/>
<pin id="373" dir="0" index="1" bw="1" slack="0"/>
<pin id="374" dir="1" index="2" bw="2" slack="0"/>
</pin_list>
<bind>
<opcode="add(8) " fcode="add"/>
<opset="c_3/10 "/>
</bind>
</comp>

<comp id="377" class="1004" name="tmp_10_cast_fu_377">
<pin_list>
<pin id="378" dir="0" index="0" bw="2" slack="0"/>
<pin id="379" dir="1" index="1" bw="5" slack="0"/>
</pin_list>
<bind>
<opcode="zext(34) " fcode="zext"/>
<opset="tmp_10_cast/10 "/>
</bind>
</comp>

<comp id="381" class="1004" name="tmp_16_fu_381">
<pin_list>
<pin id="382" dir="0" index="0" bw="5" slack="1"/>
<pin id="383" dir="0" index="1" bw="2" slack="0"/>
<pin id="384" dir="1" index="2" bw="5" slack="0"/>
</pin_list>
<bind>
<opcode="add(8) " fcode="add"/>
<opset="tmp_16/10 "/>
</bind>
</comp>

<comp id="386" class="1004" name="tmp_22_cast_fu_386">
<pin_list>
<pin id="387" dir="0" index="0" bw="5" slack="0"/>
<pin id="388" dir="1" index="1" bw="64" slack="0"/>
</pin_list>
<bind>
<opcode="sext(35) " fcode="sext"/>
<opset="tmp_22_cast/10 "/>
</bind>
</comp>

<comp id="394" class="1005" name="r_1_reg_394">
<pin_list>
<pin id="395" dir="0" index="0" bw="2" slack="0"/>
<pin id="396" dir="1" index="1" bw="2" slack="0"/>
</pin_list>
<bind>
<opset="r_1 "/>
</bind>
</comp>

<comp id="399" class="1005" name="tmp_4_reg_399">
<pin_list>
<pin id="400" dir="0" index="0" bw="5" slack="1"/>
<pin id="401" dir="1" index="1" bw="5" slack="1"/>
</pin_list>
<bind>
<opset="tmp_4 "/>
</bind>
</comp>

<comp id="407" class="1005" name="c_1_reg_407">
<pin_list>
<pin id="408" dir="0" index="0" bw="2" slack="0"/>
<pin id="409" dir="1" index="1" bw="2" slack="0"/>
</pin_list>
<bind>
<opset="c_1 "/>
</bind>
</comp>

<comp id="412" class="1005" name="tmp_18_cast_reg_412">
<pin_list>
<pin id="413" dir="0" index="0" bw="64" slack="1"/>
<pin id="414" dir="1" index="1" bw="64" slack="1"/>
</pin_list>
<bind>
<opset="tmp_18_cast "/>
</bind>
</comp>

<comp id="417" class="1005" name="A_addr_reg_417">
<pin_list>
<pin id="418" dir="0" index="0" bw="4" slack="1"/>
<pin id="419" dir="1" index="1" bw="4" slack="1"/>
</pin_list>
<bind>
<opset="A_addr "/>
</bind>
</comp>

<comp id="425" class="1005" name="r_2_reg_425">
<pin_list>
<pin id="426" dir="0" index="0" bw="2" slack="0"/>
<pin id="427" dir="1" index="1" bw="2" slack="0"/>
</pin_list>
<bind>
<opset="r_2 "/>
</bind>
</comp>

<comp id="430" class="1005" name="tmp_10_reg_430">
<pin_list>
<pin id="431" dir="0" index="0" bw="5" slack="1"/>
<pin id="432" dir="1" index="1" bw="5" slack="1"/>
</pin_list>
<bind>
<opset="tmp_10 "/>
</bind>
</comp>

<comp id="438" class="1005" name="c_2_reg_438">
<pin_list>
<pin id="439" dir="0" index="0" bw="2" slack="0"/>
<pin id="440" dir="1" index="1" bw="2" slack="0"/>
</pin_list>
<bind>
<opset="c_2 "/>
</bind>
</comp>

<comp id="443" class="1005" name="tmp_21_cast_reg_443">
<pin_list>
<pin id="444" dir="0" index="0" bw="64" slack="1"/>
<pin id="445" dir="1" index="1" bw="64" slack="1"/>
</pin_list>
<bind>
<opset="tmp_21_cast "/>
</bind>
</comp>

<comp id="448" class="1005" name="B_addr_reg_448">
<pin_list>
<pin id="449" dir="0" index="0" bw="4" slack="1"/>
<pin id="450" dir="1" index="1" bw="4" slack="1"/>
</pin_list>
<bind>
<opset="B_addr "/>
</bind>
</comp>

<comp id="456" class="1005" name="r_3_reg_456">
<pin_list>
<pin id="457" dir="0" index="0" bw="2" slack="0"/>
<pin id="458" dir="1" index="1" bw="2" slack="0"/>
</pin_list>
<bind>
<opset="r_3 "/>
</bind>
</comp>

<comp id="461" class="1005" name="tmp_14_reg_461">
<pin_list>
<pin id="462" dir="0" index="0" bw="5" slack="1"/>
<pin id="463" dir="1" index="1" bw="5" slack="1"/>
</pin_list>
<bind>
<opset="tmp_14 "/>
</bind>
</comp>

<comp id="469" class="1005" name="c_3_reg_469">
<pin_list>
<pin id="470" dir="0" index="0" bw="2" slack="0"/>
<pin id="471" dir="1" index="1" bw="2" slack="0"/>
</pin_list>
<bind>
<opset="c_3 "/>
</bind>
</comp>

<comp id="474" class="1005" name="tmp_22_cast_reg_474">
<pin_list>
<pin id="475" dir="0" index="0" bw="64" slack="1"/>
<pin id="476" dir="1" index="1" bw="64" slack="1"/>
</pin_list>
<bind>
<opset="tmp_22_cast "/>
</bind>
</comp>

<comp id="479" class="1005" name="C_assign_addr_reg_479">
<pin_list>
<pin id="480" dir="0" index="0" bw="4" slack="1"/>
<pin id="481" dir="1" index="1" bw="4" slack="1"/>
</pin_list>
<bind>
<opset="C_assign_addr "/>
</bind>
</comp>

</comp_list>

<net_list>
<net id="51"><net_src comp="12" pin="0"/><net_sink comp="48" pin=0"/></net>

<net id="55"><net_src comp="12" pin="0"/><net_sink comp="52" pin=0"/></net>

<net id="59"><net_src comp="12" pin="0"/><net_sink comp="56" pin=0"/></net>

<net id="65"><net_src comp="0" pin="0"/><net_sink comp="60" pin=0"/></net>

<net id="66"><net_src comp="32" pin="0"/><net_sink comp="60" pin=1"/></net>

<net id="72"><net_src comp="60" pin="3"/><net_sink comp="67" pin=0"/></net>

<net id="78"><net_src comp="32" pin="0"/><net_sink comp="73" pin=1"/></net>

<net id="84"><net_src comp="67" pin="3"/><net_sink comp="79" pin=1"/></net>

<net id="85"><net_src comp="73" pin="3"/><net_sink comp="79" pin=0"/></net>

<net id="91"><net_src comp="2" pin="0"/><net_sink comp="86" pin=0"/></net>

<net id="92"><net_src comp="32" pin="0"/><net_sink comp="86" pin=1"/></net>

<net id="98"><net_src comp="86" pin="3"/><net_sink comp="93" pin=0"/></net>

<net id="104"><net_src comp="32" pin="0"/><net_sink comp="99" pin=1"/></net>

<net id="110"><net_src comp="93" pin="3"/><net_sink comp="105" pin=1"/></net>

<net id="111"><net_src comp="99" pin="3"/><net_sink comp="105" pin=0"/></net>

<net id="117"><net_src comp="32" pin="0"/><net_sink comp="112" pin=1"/></net>

<net id="123"><net_src comp="112" pin="3"/><net_sink comp="118" pin=0"/></net>

<net id="129"><net_src comp="4" pin="0"/><net_sink comp="124" pin=0"/></net>

<net id="130"><net_src comp="32" pin="0"/><net_sink comp="124" pin=1"/></net>

<net id="136"><net_src comp="118" pin="3"/><net_sink comp="131" pin=1"/></net>

<net id="137"><net_src comp="124" pin="3"/><net_sink comp="131" pin=0"/></net>

<net id="141"><net_src comp="14" pin="0"/><net_sink comp="138" pin=0"/></net>

<net id="148"><net_src comp="138" pin="1"/><net_sink comp="142" pin=0"/></net>

<net id="152"><net_src comp="14" pin="0"/><net_sink comp="149" pin=0"/></net>

<net id="159"><net_src comp="149" pin="1"/><net_sink comp="153" pin=0"/></net>

<net id="163"><net_src comp="14" pin="0"/><net_sink comp="160" pin=0"/></net>

<net id="170"><net_src comp="160" pin="1"/><net_sink comp="164" pin=2"/></net>

<net id="174"><net_src comp="14" pin="0"/><net_sink comp="171" pin=0"/></net>

<net id="181"><net_src comp="171" pin="1"/><net_sink comp="175" pin=0"/></net>

<net id="185"><net_src comp="14" pin="0"/><net_sink comp="182" pin=0"/></net>

<net id="192"><net_src comp="182" pin="1"/><net_sink comp="186" pin=0"/></net>

<net id="196"><net_src comp="14" pin="0"/><net_sink comp="193" pin=0"/></net>

<net id="203"><net_src comp="193" pin="1"/><net_sink comp="197" pin=0"/></net>

<net id="210"><net_src comp="40" pin="0"/><net_sink comp="204" pin=0"/></net>

<net id="215"><net_src comp="142" pin="4"/><net_sink comp="211" pin=0"/></net>

<net id="216"><net_src comp="16" pin="0"/><net_sink comp="211" pin=1"/></net>

<net id="221"><net_src comp="142" pin="4"/><net_sink comp="217" pin=0"/></net>

<net id="222"><net_src comp="22" pin="0"/><net_sink comp="217" pin=1"/></net>

<net id="226"><net_src comp="142" pin="4"/><net_sink comp="223" pin=0"/></net>

<net id="232"><net_src comp="30" pin="0"/><net_sink comp="227" pin=0"/></net>

<net id="233"><net_src comp="142" pin="4"/><net_sink comp="227" pin=1"/></net>

<net id="234"><net_src comp="14" pin="0"/><net_sink comp="227" pin=2"/></net>

<net id="238"><net_src comp="227" pin="3"/><net_sink comp="235" pin=0"/></net>

<net id="243"><net_src comp="235" pin="1"/><net_sink comp="239" pin=0"/></net>

<net id="244"><net_src comp="223" pin="1"/><net_sink comp="239" pin=1"/></net>

<net id="249"><net_src comp="153" pin="4"/><net_sink comp="245" pin=0"/></net>

<net id="250"><net_src comp="16" pin="0"/><net_sink comp="245" pin=1"/></net>

<net id="255"><net_src comp="153" pin="4"/><net_sink comp="251" pin=0"/></net>

<net id="256"><net_src comp="22" pin="0"/><net_sink comp="251" pin=1"/></net>

<net id="260"><net_src comp="153" pin="4"/><net_sink comp="257" pin=0"/></net>

<net id="265"><net_src comp="257" pin="1"/><net_sink comp="261" pin=1"/></net>

<net id="269"><net_src comp="261" pin="2"/><net_sink comp="266" pin=0"/></net>

<net id="270"><net_src comp="266" pin="1"/><net_sink comp="60" pin=2"/></net>

<net id="275"><net_src comp="164" pin="4"/><net_sink comp="271" pin=0"/></net>

<net id="276"><net_src comp="16" pin="0"/><net_sink comp="271" pin=1"/></net>

<net id="281"><net_src comp="164" pin="4"/><net_sink comp="277" pin=0"/></net>

<net id="282"><net_src comp="22" pin="0"/><net_sink comp="277" pin=1"/></net>

<net id="286"><net_src comp="164" pin="4"/><net_sink comp="283" pin=0"/></net>

<net id="292"><net_src comp="30" pin="0"/><net_sink comp="287" pin=0"/></net>

<net id="293"><net_src comp="164" pin="4"/><net_sink comp="287" pin=1"/></net>

<net id="294"><net_src comp="14" pin="0"/><net_sink comp="287" pin=2"/></net>

<net id="298"><net_src comp="287" pin="3"/><net_sink comp="295" pin=0"/></net>

<net id="303"><net_src comp="295" pin="1"/><net_sink comp="299" pin=0"/></net>

<net id="304"><net_src comp="283" pin="1"/><net_sink comp="299" pin=1"/></net>

<net id="309"><net_src comp="175" pin="4"/><net_sink comp="305" pin=0"/></net>

<net id="310"><net_src comp="16" pin="0"/><net_sink comp="305" pin=1"/></net>

<net id="315"><net_src comp="175" pin="4"/><net_sink comp="311" pin=0"/></net>

<net id="316"><net_src comp="22" pin="0"/><net_sink comp="311" pin=1"/></net>

<net id="320"><net_src comp="175" pin="4"/><net_sink comp="317" pin=0"/></net>

<net id="325"><net_src comp="317" pin="1"/><net_sink comp="321" pin=1"/></net>

<net id="329"><net_src comp="321" pin="2"/><net_sink comp="326" pin=0"/></net>

<net id="330"><net_src comp="326" pin="1"/><net_sink comp="86" pin=2"/></net>

<net id="335"><net_src comp="186" pin="4"/><net_sink comp="331" pin=0"/></net>

<net id="336"><net_src comp="16" pin="0"/><net_sink comp="331" pin=1"/></net>

<net id="341"><net_src comp="186" pin="4"/><net_sink comp="337" pin=0"/></net>

<net id="342"><net_src comp="22" pin="0"/><net_sink comp="337" pin=1"/></net>

<net id="346"><net_src comp="186" pin="4"/><net_sink comp="343" pin=0"/></net>

<net id="352"><net_src comp="30" pin="0"/><net_sink comp="347" pin=0"/></net>

<net id="353"><net_src comp="186" pin="4"/><net_sink comp="347" pin=1"/></net>

<net id="354"><net_src comp="14" pin="0"/><net_sink comp="347" pin=2"/></net>

<net id="358"><net_src comp="347" pin="3"/><net_sink comp="355" pin=0"/></net>

<net id="363"><net_src comp="355" pin="1"/><net_sink comp="359" pin=0"/></net>

<net id="364"><net_src comp="343" pin="1"/><net_sink comp="359" pin=1"/></net>

<net id="369"><net_src comp="197" pin="4"/><net_sink comp="365" pin=0"/></net>

<net id="370"><net_src comp="16" pin="0"/><net_sink comp="365" pin=1"/></net>

<net id="375"><net_src comp="197" pin="4"/><net_sink comp="371" pin=0"/></net>

<net id="376"><net_src comp="22" pin="0"/><net_sink comp="371" pin=1"/></net>

<net id="380"><net_src comp="197" pin="4"/><net_sink comp="377" pin=0"/></net>

<net id="385"><net_src comp="377" pin="1"/><net_sink comp="381" pin=1"/></net>

<net id="389"><net_src comp="381" pin="2"/><net_sink comp="386" pin=0"/></net>

<net id="390"><net_src comp="386" pin="1"/><net_sink comp="112" pin=2"/></net>

<net id="397"><net_src comp="217" pin="2"/><net_sink comp="394" pin=0"/></net>

<net id="398"><net_src comp="394" pin="1"/><net_sink comp="142" pin=2"/></net>

<net id="402"><net_src comp="239" pin="2"/><net_sink comp="399" pin=0"/></net>

<net id="403"><net_src comp="399" pin="1"/><net_sink comp="261" pin=0"/></net>

<net id="410"><net_src comp="251" pin="2"/><net_sink comp="407" pin=0"/></net>

<net id="411"><net_src comp="407" pin="1"/><net_sink comp="153" pin=2"/></net>

<net id="415"><net_src comp="266" pin="1"/><net_sink comp="412" pin=0"/></net>

<net id="416"><net_src comp="412" pin="1"/><net_sink comp="73" pin=2"/></net>

<net id="420"><net_src comp="60" pin="3"/><net_sink comp="417" pin=0"/></net>

<net id="421"><net_src comp="417" pin="1"/><net_sink comp="67" pin=0"/></net>

<net id="428"><net_src comp="277" pin="2"/><net_sink comp="425" pin=0"/></net>

<net id="429"><net_src comp="425" pin="1"/><net_sink comp="164" pin=0"/></net>

<net id="433"><net_src comp="299" pin="2"/><net_sink comp="430" pin=0"/></net>

<net id="434"><net_src comp="430" pin="1"/><net_sink comp="321" pin=0"/></net>

<net id="441"><net_src comp="311" pin="2"/><net_sink comp="438" pin=0"/></net>

<net id="442"><net_src comp="438" pin="1"/><net_sink comp="175" pin=2"/></net>

<net id="446"><net_src comp="326" pin="1"/><net_sink comp="443" pin=0"/></net>

<net id="447"><net_src comp="443" pin="1"/><net_sink comp="99" pin=2"/></net>

<net id="451"><net_src comp="86" pin="3"/><net_sink comp="448" pin=0"/></net>

<net id="452"><net_src comp="448" pin="1"/><net_sink comp="93" pin=0"/></net>

<net id="459"><net_src comp="337" pin="2"/><net_sink comp="456" pin=0"/></net>

<net id="460"><net_src comp="456" pin="1"/><net_sink comp="186" pin=2"/></net>

<net id="464"><net_src comp="359" pin="2"/><net_sink comp="461" pin=0"/></net>

<net id="465"><net_src comp="461" pin="1"/><net_sink comp="381" pin=0"/></net>

<net id="472"><net_src comp="371" pin="2"/><net_sink comp="469" pin=0"/></net>

<net id="473"><net_src comp="469" pin="1"/><net_sink comp="197" pin=2"/></net>

<net id="477"><net_src comp="386" pin="1"/><net_sink comp="474" pin=0"/></net>

<net id="478"><net_src comp="474" pin="1"/><net_sink comp="124" pin=2"/></net>

<net id="482"><net_src comp="112" pin="3"/><net_sink comp="479" pin=0"/></net>

<net id="483"><net_src comp="479" pin="1"/><net_sink comp="118" pin=0"/></net>

</net_list>

</model> 
---------------- Datapath Model END ------------------

* FSMD analyzer results:
  - Output states:
	Port: C | {11 }
 - Input state : 
	Port: matrix_multiply_top : A | {3 4 }
	Port: matrix_multiply_top : B | {6 7 }
  - Chain level:
	State 1
	State 2
		tmp : 1
		r_1 : 1
		StgValue_24 : 2
		tmp_1_cast : 1
		tmp_1 : 1
		p_shl_cast : 2
		tmp_4 : 3
	State 3
		tmp_3 : 1
		c_1 : 1
		StgValue_37 : 2
		tmp_6_cast : 1
		tmp_11 : 2
		tmp_18_cast : 3
		A_addr : 4
		A_load : 5
	State 4
		StgValue_48 : 1
	State 5
		tmp_2 : 1
		r_2 : 1
		StgValue_54 : 2
		tmp_4_cast : 1
		tmp_6 : 1
		p_shl1_cast : 2
		tmp_10 : 3
	State 6
		tmp_9 : 1
		c_2 : 1
		StgValue_67 : 2
		tmp_5_cast : 1
		tmp_15 : 2
		tmp_21_cast : 3
		B_addr : 4
		B_load : 5
	State 7
		StgValue_78 : 1
	State 8
	State 9
		tmp_8 : 1
		r_3 : 1
		StgValue_86 : 2
		tmp_cast : 1
		tmp_13 : 1
		p_shl2_cast : 2
		tmp_14 : 3
	State 10
		tmp_7 : 1
		c_3 : 1
		StgValue_99 : 2
		tmp_10_cast : 1
		tmp_16 : 2
		tmp_22_cast : 3
		C_assign_addr : 4
		C_assign_load : 5
	State 11
		StgValue_110 : 1


============================================================
+ Verbose Summary: Datapath Resource usage 
============================================================

* Functional unit list:
|----------|---------------------------------|---------|---------|---------|---------|---------|
| Operation|         Functional Unit         |   BRAM  |  DSP48E |  Delay  |    FF   |   LUT   |
|----------|---------------------------------|---------|---------|---------|---------|---------|
|   call   | grp_matrix_multiply_alt2_fu_204 |    2    |    5    |  3.352  |   655   |   622   |
|----------|---------------------------------|---------|---------|---------|---------|---------|
|          |            r_1_fu_217           |    0    |    0    |    0    |    0    |    10   |
|          |            c_1_fu_251           |    0    |    0    |    0    |    0    |    10   |
|          |          tmp_11_fu_261          |    0    |    0    |    0    |    0    |    15   |
|          |            r_2_fu_277           |    0    |    0    |    0    |    0    |    10   |
|    add   |            c_2_fu_311           |    0    |    0    |    0    |    0    |    10   |
|          |          tmp_15_fu_321          |    0    |    0    |    0    |    0    |    15   |
|          |            r_3_fu_337           |    0    |    0    |    0    |    0    |    10   |
|          |            c_3_fu_371           |    0    |    0    |    0    |    0    |    10   |
|          |          tmp_16_fu_381          |    0    |    0    |    0    |    0    |    15   |
|----------|---------------------------------|---------|---------|---------|---------|---------|
|          |            tmp_fu_211           |    0    |    0    |    0    |    0    |    8    |
|          |           tmp_3_fu_245          |    0    |    0    |    0    |    0    |    8    |
|   icmp   |           tmp_2_fu_271          |    0    |    0    |    0    |    0    |    8    |
|          |           tmp_9_fu_305          |    0    |    0    |    0    |    0    |    8    |
|          |           tmp_8_fu_331          |    0    |    0    |    0    |    0    |    8    |
|          |           tmp_7_fu_365          |    0    |    0    |    0    |    0    |    8    |
|----------|---------------------------------|---------|---------|---------|---------|---------|
|          |           tmp_4_fu_239          |    0    |    0    |    0    |    0    |    13   |
|    sub   |          tmp_10_fu_299          |    0    |    0    |    0    |    0    |    13   |
|          |          tmp_14_fu_359          |    0    |    0    |    0    |    0    |    13   |
|----------|---------------------------------|---------|---------|---------|---------|---------|
|          |        tmp_1_cast_fu_223        |    0    |    0    |    0    |    0    |    0    |
|          |        p_shl_cast_fu_235        |    0    |    0    |    0    |    0    |    0    |
|          |        tmp_6_cast_fu_257        |    0    |    0    |    0    |    0    |    0    |
|          |        tmp_4_cast_fu_283        |    0    |    0    |    0    |    0    |    0    |
|   zext   |        p_shl1_cast_fu_295       |    0    |    0    |    0    |    0    |    0    |
|          |        tmp_5_cast_fu_317        |    0    |    0    |    0    |    0    |    0    |
|          |         tmp_cast_fu_343         |    0    |    0    |    0    |    0    |    0    |
|          |        p_shl2_cast_fu_355       |    0    |    0    |    0    |    0    |    0    |
|          |        tmp_10_cast_fu_377       |    0    |    0    |    0    |    0    |    0    |
|----------|---------------------------------|---------|---------|---------|---------|---------|
|          |           tmp_1_fu_227          |    0    |    0    |    0    |    0    |    0    |
|bitconcatenate|           tmp_6_fu_287          |    0    |    0    |    0    |    0    |    0    |
|          |          tmp_13_fu_347          |    0    |    0    |    0    |    0    |    0    |
|----------|---------------------------------|---------|---------|---------|---------|---------|
|          |        tmp_18_cast_fu_266       |    0    |    0    |    0    |    0    |    0    |
|   sext   |        tmp_21_cast_fu_326       |    0    |    0    |    0    |    0    |    0    |
|          |        tmp_22_cast_fu_386       |    0    |    0    |    0    |    0    |    0    |
|----------|---------------------------------|---------|---------|---------|---------|---------|
|   Total  |                                 |    2    |    5    |  3.352  |   655   |   814   |
|----------|---------------------------------|---------|---------|---------|---------|---------|

Memories:
+--------+--------+--------+--------+
|        |  BRAM  |   FF   |   LUT  |
+--------+--------+--------+--------+
|C_assign|    0   |   64   |    5   |
|   a_i  |    0   |   64   |    5   |
|   b_i  |    0   |   64   |    5   |
+--------+--------+--------+--------+
|  Total |    0   |   192  |   15   |
+--------+--------+--------+--------+

* Register list:
+---------------------+--------+
|                     |   FF   |
+---------------------+--------+
|    A_addr_reg_417   |    4   |
|    B_addr_reg_448   |    4   |
|C_assign_addr_reg_479|    4   |
|      c2_reg_171     |    2   |
|      c4_reg_193     |    2   |
|     c_1_reg_407     |    2   |
|     c_2_reg_438     |    2   |
|     c_3_reg_469     |    2   |
|      c_reg_149      |    2   |
|      r1_reg_160     |    2   |
|      r3_reg_182     |    2   |
|     r_1_reg_394     |    2   |
|     r_2_reg_425     |    2   |
|     r_3_reg_456     |    2   |
|      r_reg_138      |    2   |
|    tmp_10_reg_430   |    5   |
|    tmp_14_reg_461   |    5   |
| tmp_18_cast_reg_412 |   64   |
| tmp_21_cast_reg_443 |   64   |
| tmp_22_cast_reg_474 |   64   |
|    tmp_4_reg_399    |    5   |
+---------------------+--------+
|        Total        |   243  |
+---------------------+--------+

* Multiplexer (MUX) list: 
|-------------------|------|------|------|--------||---------||---------|
|        Comp       |  Pin | Size |  BW  | S x BW ||  Delay  ||   LUT   |
|-------------------|------|------|------|--------||---------||---------|
|  grp_access_fu_67 |  p0  |   2  |   4  |    8   ||    9    |
|  grp_access_fu_93 |  p0  |   2  |   4  |    8   ||    9    |
| grp_access_fu_118 |  p0  |   2  |   4  |    8   ||    9    |
|-------------------|------|------|------|--------||---------||---------|
|       Total       |      |      |      |   24   ||  2.514  ||    27   |
|-------------------|------|------|------|--------||---------||---------|



* Summary:
+-----------+--------+--------+--------+--------+--------+
|           |  BRAM  | DSP48E |  Delay |   FF   |   LUT  |
+-----------+--------+--------+--------+--------+--------+
|  Function |    2   |    5   |    3   |   655  |   814  |
|   Memory  |    0   |    -   |    -   |   192  |   15   |
|Multiplexer|    -   |    -   |    2   |    -   |   27   |
|  Register |    -   |    -   |    -   |   243  |    -   |
+-----------+--------+--------+--------+--------+--------+
|   Total   |    2   |    5   |    5   |  1090  |   856  |
+-----------+--------+--------+--------+--------+--------+
