INFO: [HLS 200-10] Running 'D:/Xilinx/Vivado/2018.3/bin/unwrapped/win64.o/vivado_hls.exe'
INFO: [HLS 200-10] For user 'Gabriel Lando' on host 'gabriellando' (Windows NT_amd64 version 6.2) on Wed Dec 19 00:32:10 -0200 2018
INFO: [HLS 200-10] In directory 'D:/Gabriel/Documents/Xilinx/matrix_multiply'
INFO: [HLS 200-10] Opening project 'D:/Gabriel/Documents/Xilinx/matrix_multiply/proj_matrix_multiply'.
INFO: [HLS 200-10] Adding design file 'matrix_multiply.cpp' to the project
INFO: [HLS 200-10] Adding test bench file 'matrix_multiply_tb.cpp' to the project
INFO: [HLS 200-10] Opening solution 'D:/Gabriel/Documents/Xilinx/matrix_multiply/proj_matrix_multiply/solution2'.
INFO: [SYN 201-201] Setting up clock 'default' with a period of 1ns.
INFO: [HLS 200-10] Setting target device to 'xc7k70tfbv676-3'
INFO: [XFORM 203-1172] Optimizing floating point zeros and discarding its signedness.
INFO: [XFORM 203-1172] Optimizing floating point zeros and discarding its signedness.
INFO: [XFORM 203-1173] Reordering floating point operations aggressively.
INFO: [XFORM 203-1176] Optimizing floating point comparison without checking NaN.
INFO: [HLS 200-435] Setting 'config_sdx -target' configuration: config_sdx -optimization_level=none
INFO: [HLS 200-435] Setting 'config_sdx -target' configuration: set_clock_uncertainty default
INFO: [SYN 201-201] Setting up clock 'default' with an uncertainty of 0.125ns.
INFO: [HLS 200-435] Setting 'config_sdx -target' configuration: set_clock_uncertainty default
INFO: [HLS 200-10] Analyzing design file 'matrix_multiply.cpp' ... 
INFO: [HLS 200-111] Finished Linking Time (s): cpu = 00:00:01 ; elapsed = 00:00:30 . Memory (MB): peak = 105.664 ; gain = 22.000
INFO: [HLS 200-111] Finished Checking Pragmas Time (s): cpu = 00:00:01 ; elapsed = 00:00:30 . Memory (MB): peak = 105.664 ; gain = 22.000
INFO: [HLS 200-10] Starting code transformations ...
INFO: [HLS 200-111] Finished Standard Transforms Time (s): cpu = 00:00:01 ; elapsed = 00:00:31 . Memory (MB): peak = 106.742 ; gain = 23.078
INFO: [HLS 200-10] Checking synthesizability ...
INFO: [XFORM 203-602] Inlining function 'hls::NoTranspose::GetElement<3, 3, float>' into 'hls::GetMatrixElement<hls::NoTranspose, 3, 3, float>' (D:/Xilinx/Vivado/2018.3/common/technology/autopilot\hls/linear_algebra/utils/x_hls_matrix_utils.h:99) automatically.
INFO: [XFORM 203-602] Inlining function 'hls::GetMatrixElement<hls::NoTranspose, 3, 3, float>' into 'hls::matrix_multiply_alt2<hls::NoTranspose, hls::NoTranspose, 3, 3, 3, 3, 3, 3, hls::matrix_multiply_traits<hls::NoTranspose, hls::NoTranspose, 3, 3, 3, 3, float, float>, float, float>' (D:/Xilinx/Vivado/2018.3/common/technology/autopilot/hls/linear_algebra/hls_matrix_multiply.h:324) automatically.
INFO: [XFORM 203-602] Inlining function 'hls::matrix_multiply<hls::NoTranspose, hls::NoTranspose, 3, 3, 3, 3, 3, 3, float, float>' into 'matrix_multiply_top' (matrix_multiply.cpp:57) automatically.
INFO: [HLS 200-111] Finished Checking Synthesizability Time (s): cpu = 00:00:01 ; elapsed = 00:00:31 . Memory (MB): peak = 107.000 ; gain = 23.336
INFO: [XFORM 203-502] Unrolling all loops for pipelining in function 'matrix_multiply_top' (matrix_multiply.cpp:36).
INFO: [XFORM 203-502] Unrolling all loops for pipelining in function 'hls::matrix_multiply_alt2<hls::NoTranspose, hls::NoTranspose, 3, 3, 3, 3, 3, 3, hls::matrix_multiply_traits<hls::NoTranspose, hls::NoTranspose, 3, 3, 3, 3, float, float>, float, float>' (D:/Xilinx/Vivado/2018.3/common/technology/autopilot/hls/linear_algebra/hls_matrix_multiply.h:296).
WARNING: [XFORM 203-505] Ignored pipeline directive for loop 'b_col_loop' (D:/Xilinx/Vivado/2018.3/common/technology/autopilot/hls/linear_algebra/hls_matrix_multiply.h:320) because its parent loop or function is pipelined.
WARNING: [XFORM 203-503] Ignored partial unroll directive for loop 'b_col_loop' (D:/Xilinx/Vivado/2018.3/common/technology/autopilot/hls/linear_algebra/hls_matrix_multiply.h:320) because its parent loop or function is pipelined.
INFO: [HLS 200-489] Unrolling loop 'a_row_loop' (matrix_multiply.cpp:45) in function 'matrix_multiply_top' completely with a factor of 3.
INFO: [HLS 200-489] Unrolling loop 'a_col_loop' (matrix_multiply.cpp:46) in function 'matrix_multiply_top' completely with a factor of 3.
INFO: [HLS 200-489] Unrolling loop 'b_row_loop' (matrix_multiply.cpp:50) in function 'matrix_multiply_top' completely with a factor of 3.
INFO: [HLS 200-489] Unrolling loop 'b_col_loop' (matrix_multiply.cpp:51) in function 'matrix_multiply_top' completely with a factor of 3.
INFO: [HLS 200-489] Unrolling loop 'c_row_loop' (matrix_multiply.cpp:60) in function 'matrix_multiply_top' completely with a factor of 3.
INFO: [HLS 200-489] Unrolling loop 'c_col_loop' (matrix_multiply.cpp:61) in function 'matrix_multiply_top' completely with a factor of 3.
INFO: [HLS 200-489] Unrolling loop 'a_col_loop' (D:/Xilinx/Vivado/2018.3/common/technology/autopilot/hls/linear_algebra/hls_matrix_multiply.h:318) in function 'hls::matrix_multiply_alt2<hls::NoTranspose, hls::NoTranspose, 3, 3, 3, 3, 3, 3, hls::matrix_multiply_traits<hls::NoTranspose, hls::NoTranspose, 3, 3, 3, 3, float, float>, float, float>' completely with a factor of 3.
INFO: [HLS 200-489] Unrolling loop 'a_row_loop' (D:/Xilinx/Vivado/2018.3/common/technology/autopilot/hls/linear_algebra/hls_matrix_multiply.h:319) in function 'hls::matrix_multiply_alt2<hls::NoTranspose, hls::NoTranspose, 3, 3, 3, 3, 3, 3, hls::matrix_multiply_traits<hls::NoTranspose, hls::NoTranspose, 3, 3, 3, 3, float, float>, float, float>' completely with a factor of 3.
INFO: [HLS 200-489] Unrolling loop 'b_col_loop' (D:/Xilinx/Vivado/2018.3/common/technology/autopilot/hls/linear_algebra/hls_matrix_multiply.h:320) in function 'hls::matrix_multiply_alt2<hls::NoTranspose, hls::NoTranspose, 3, 3, 3, 3, 3, 3, hls::matrix_multiply_traits<hls::NoTranspose, hls::NoTranspose, 3, 3, 3, 3, float, float>, float, float>' completely with a factor of 3.
WARNING: [XFORM 203-105] Cannot partition array 'b_i' (matrix_multiply.cpp:41): incorrect partition factor 1.
WARNING: [XFORM 203-105] Cannot partition array 'c_i' : incorrect partition factor 1.
WARNING: [XFORM 203-105] Cannot partition array 'sum_mult' (D:/Xilinx/Vivado/2018.3/common/technology/autopilot/hls/linear_algebra/hls_matrix_multiply.h:312): incorrect partition factor 1.
INFO: [XFORM 203-102] Partitioning array 'sum_mult' (D:/Xilinx/Vivado/2018.3/common/technology/autopilot/hls/linear_algebra/hls_matrix_multiply.h:312) in dimension 1 automatically.
INFO: [XFORM 203-102] Partitioning array 'sum_mult.0' (D:/Xilinx/Vivado/2018.3/common/technology/autopilot/hls/linear_algebra/hls_matrix_multiply.h:312) automatically.
INFO: [XFORM 203-102] Partitioning array 'sum_mult.1' (D:/Xilinx/Vivado/2018.3/common/technology/autopilot/hls/linear_algebra/hls_matrix_multiply.h:312) automatically.
INFO: [XFORM 203-102] Partitioning array 'sum_mult.2' (D:/Xilinx/Vivado/2018.3/common/technology/autopilot/hls/linear_algebra/hls_matrix_multiply.h:312) automatically.
INFO: [XFORM 203-102] Partitioning array 'C.0' automatically.
INFO: [XFORM 203-102] Partitioning array 'C.1' automatically.
INFO: [XFORM 203-102] Partitioning array 'C.2' automatically.
INFO: [XFORM 203-102] Partitioning array 'C.0' automatically.
INFO: [XFORM 203-102] Partitioning array 'C.1' automatically.
INFO: [XFORM 203-102] Partitioning array 'C.2' automatically.
INFO: [XFORM 203-102] Partitioning array 'C.0' automatically.
INFO: [XFORM 203-102] Partitioning array 'C.1' automatically.
INFO: [XFORM 203-102] Partitioning array 'C.2' automatically.
INFO: [XFORM 203-102] Partitioning array 'c_i' in dimension 1 automatically.
INFO: [XFORM 203-102] Partitioning array 'c_i.0' automatically.
INFO: [XFORM 203-102] Partitioning array 'c_i.1' automatically.
INFO: [XFORM 203-102] Partitioning array 'c_i.2' automatically.
INFO: [XFORM 203-602] Inlining function 'hls::NoTranspose::GetElement<3, 3, float>' into 'hls::GetMatrixElement<hls::NoTranspose, 3, 3, float>' (D:/Xilinx/Vivado/2018.3/common/technology/autopilot\hls/linear_algebra/utils/x_hls_matrix_utils.h:99) automatically.
INFO: [XFORM 203-602] Inlining function 'hls::GetMatrixElement<hls::NoTranspose, 3, 3, float>' into 'hls::matrix_multiply_alt2<hls::NoTranspose, hls::NoTranspose, 3, 3, 3, 3, 3, 3, hls::matrix_multiply_traits<hls::NoTranspose, hls::NoTranspose, 3, 3, 3, 3, float, float>, float, float>' (D:/Xilinx/Vivado/2018.3/common/technology/autopilot/hls/linear_algebra/hls_matrix_multiply.h:324) automatically.
INFO: [XFORM 203-602] Inlining function 'hls::matrix_multiply<hls::NoTranspose, hls::NoTranspose, 3, 3, 3, 3, 3, 3, float, float>' into 'matrix_multiply_top' (matrix_multiply.cpp:57) automatically.
INFO: [XFORM 203-602] Inlining function 'hls::matrix_multiply_alt2<hls::NoTranspose, hls::NoTranspose, 3, 3, 3, 3, 3, 3, hls::matrix_multiply_traits<hls::NoTranspose, hls::NoTranspose, 3, 3, 3, 3, float, float>, float, float>' into 'hls::matrix_multiply_top<hls::NoTranspose, hls::NoTranspose, 3, 3, 3, 3, 3, 3, hls::matrix_multiply_traits<hls::NoTranspose, hls::NoTranspose, 3, 3, 3, 3, float, float>, float, float>' (D:/Xilinx/Vivado/2018.3/common/technology/autopilot/hls/linear_algebra/hls_matrix_multiply.h:511) automatically.
INFO: [HLS 200-111] Finished Pre-synthesis Time (s): cpu = 00:00:02 ; elapsed = 00:00:32 . Memory (MB): peak = 128.590 ; gain = 44.926
WARNING: [XFORM 203-631] Renaming function 'hls::matrix_multiply_top<hls::NoTranspose, hls::NoTranspose, 3, 3, 3, 3, 3, 3, hls::matrix_multiply_traits<hls::NoTranspose, hls::NoTranspose, 3, 3, 3, 3, float, float>, float, float>' to 'matrix_multiply_top.1' (D:/Xilinx/Vivado/2018.3/common/technology/autopilot/hls/linear_algebra/hls_matrix_multiply.h:60:3)
INFO: [HLS 200-111] Finished Architecture Synthesis Time (s): cpu = 00:00:02 ; elapsed = 00:00:32 . Memory (MB): peak = 129.098 ; gain = 45.434
INFO: [HLS 200-10] Starting hardware synthesis ...
INFO: [HLS 200-10] Synthesizing 'matrix_multiply_top' ...
WARNING: [SYN 201-103] Legalizing function name 'matrix_multiply_top.1' to 'matrix_multiply_top_1'.
INFO: [HLS 200-10] ----------------------------------------------------------------
INFO: [HLS 200-42] -- Implementing module 'matrix_multiply_top_1' 
INFO: [HLS 200-10] ----------------------------------------------------------------
INFO: [SCHED 204-11] Starting scheduling ...
WARNING: [SCHED 204-21] Estimated delay (1.53ns) of 'fmul' operation ('sum_mult[0][0]', D:/Xilinx/Vivado/2018.3/common/technology/autopilot/hls/linear_algebra/hls_matrix_multiply.h:326->D:/Xilinx/Vivado/2018.3/common/technology/autopilot/hls/linear_algebra/hls_matrix_multiply.h:511) exceeds the target cycle time (target cycle time: 1ns, clock uncertainty: 0.125ns, effective cycle time: 0.875ns).
INFO: [SCHED 204-61] Pipelining function 'matrix_multiply_top.1'.
WARNING: [SCHED 204-69] Unable to schedule 'load' operation ('B_load_5', D:/Xilinx/Vivado/2018.3/common/technology/autopilot\hls/linear_algebra/utils/x_hls_matrix_utils.h:60->D:/Xilinx/Vivado/2018.3/common/technology/autopilot\hls/linear_algebra/utils/x_hls_matrix_utils.h:99->D:/Xilinx/Vivado/2018.3/common/technology/autopilot/hls/linear_algebra/hls_matrix_multiply.h:325->D:/Xilinx/Vivado/2018.3/common/technology/autopilot/hls/linear_algebra/hls_matrix_multiply.h:511) on array 'B' due to limited memory ports. Please consider using a memory core with more ports or partitioning the array 'B'.
WARNING: [SCHED 204-69] Unable to schedule 'load' operation ('A_load', D:/Xilinx/Vivado/2018.3/common/technology/autopilot\hls/linear_algebra/utils/x_hls_matrix_utils.h:60->D:/Xilinx/Vivado/2018.3/common/technology/autopilot\hls/linear_algebra/utils/x_hls_matrix_utils.h:99->D:/Xilinx/Vivado/2018.3/common/technology/autopilot/hls/linear_algebra/hls_matrix_multiply.h:324->D:/Xilinx/Vivado/2018.3/common/technology/autopilot/hls/linear_algebra/hls_matrix_multiply.h:511) on array 'A' due to limited memory ports. Please consider using a memory core with more ports or partitioning the array 'A'.
INFO: [SCHED 204-61] Pipelining result : Target II = 1, Final II = 5, Depth = 46.
WARNING: [SCHED 204-21] Estimated clock period (1.534ns) exceeds the target (target clock period: 1ns, clock uncertainty: 0.125ns, effective delay budget: 0.875ns).
WARNING: [SCHED 204-21] The critical path in module 'matrix_multiply_top_1' consists of the following:
	'fmul' operation ('mult_1_i', D:/Xilinx/Vivado/2018.3/common/technology/autopilot/hls/linear_algebra/hls_matrix_multiply.h:326->D:/Xilinx/Vivado/2018.3/common/technology/autopilot/hls/linear_algebra/hls_matrix_multiply.h:511) [39]  (1.53 ns)
INFO: [SCHED 204-11] Finished scheduling.
INFO: [HLS 200-111]  Elapsed time: 32.806 seconds; current allocated memory: 87.685 MB.
INFO: [BIND 205-100] Starting micro-architecture generation ...
INFO: [BIND 205-101] Performing variable lifetime analysis.
INFO: [BIND 205-101] Exploring resource sharing.
INFO: [BIND 205-101] Binding ...
INFO: [BIND 205-100] Finished micro-architecture generation.
INFO: [HLS 200-111]  Elapsed time: 0.777 seconds; current allocated memory: 88.703 MB.
INFO: [HLS 200-10] ----------------------------------------------------------------
INFO: [HLS 200-42] -- Implementing module 'matrix_multiply_top' 
INFO: [HLS 200-10] ----------------------------------------------------------------
INFO: [SCHED 204-11] Starting scheduling ...
INFO: [SCHED 204-61] Pipelining function 'matrix_multiply_top'.
WARNING: [SCHED 204-68] The II Violation in module 'matrix_multiply_top': Unable to enforce a carried dependence constraint (II = 5, distance = 1, offset = 1)
   between 'call' operation ('call_ret_i1', D:/Xilinx/Vivado/2018.3/common/technology/autopilot/hls/linear_algebra/hls_matrix_multiply.h:560->matrix_multiply.cpp:57) to 'matrix_multiply_top.1' and 'store' operation (matrix_multiply.cpp:47) of variable 'A_load', matrix_multiply.cpp:47 on array 'a_i', matrix_multiply.cpp:40.
WARNING: [SCHED 204-62] II = 6 is infeasible due to multiple pipeline iteration latency = 46 and incompatible II = 5 of 'call' operation ('call_ret_i1', D:/Xilinx/Vivado/2018.3/common/technology/autopilot/hls/linear_algebra/hls_matrix_multiply.h:560->matrix_multiply.cpp:57) to 'matrix_multiply_top.1'.
WARNING: [SCHED 204-62] II = 7 is infeasible due to multiple pipeline iteration latency = 46 and incompatible II = 5 of 'call' operation ('call_ret_i1', D:/Xilinx/Vivado/2018.3/common/technology/autopilot/hls/linear_algebra/hls_matrix_multiply.h:560->matrix_multiply.cpp:57) to 'matrix_multiply_top.1'.
WARNING: [SCHED 204-62] II = 8 is infeasible due to multiple pipeline iteration latency = 46 and incompatible II = 5 of 'call' operation ('call_ret_i1', D:/Xilinx/Vivado/2018.3/common/technology/autopilot/hls/linear_algebra/hls_matrix_multiply.h:560->matrix_multiply.cpp:57) to 'matrix_multiply_top.1'.
WARNING: [SCHED 204-62] II = 9 is infeasible due to multiple pipeline iteration latency = 46 and incompatible II = 5 of 'call' operation ('call_ret_i1', D:/Xilinx/Vivado/2018.3/common/technology/autopilot/hls/linear_algebra/hls_matrix_multiply.h:560->matrix_multiply.cpp:57) to 'matrix_multiply_top.1'.
WARNING: [SCHED 204-68] The II Violation in module 'matrix_multiply_top': Unable to enforce a carried dependence constraint (II = 10, distance = 1, offset = 1)
   between 'call' operation ('call_ret_i1', D:/Xilinx/Vivado/2018.3/common/technology/autopilot/hls/linear_algebra/hls_matrix_multiply.h:560->matrix_multiply.cpp:57) to 'matrix_multiply_top.1' and 'store' operation (matrix_multiply.cpp:47) of variable 'A_load', matrix_multiply.cpp:47 on array 'a_i', matrix_multiply.cpp:40.
WARNING: [SCHED 204-62] II = 11 is infeasible due to multiple pipeline iteration latency = 46 and incompatible II = 5 of 'call' operation ('call_ret_i1', D:/Xilinx/Vivado/2018.3/common/technology/autopilot/hls/linear_algebra/hls_matrix_multiply.h:560->matrix_multiply.cpp:57) to 'matrix_multiply_top.1'.
WARNING: [SCHED 204-62] II = 12 is infeasible due to multiple pipeline iteration latency = 46 and incompatible II = 5 of 'call' operation ('call_ret_i1', D:/Xilinx/Vivado/2018.3/common/technology/autopilot/hls/linear_algebra/hls_matrix_multiply.h:560->matrix_multiply.cpp:57) to 'matrix_multiply_top.1'.
WARNING: [SCHED 204-62] II = 13 is infeasible due to multiple pipeline iteration latency = 46 and incompatible II = 5 of 'call' operation ('call_ret_i1', D:/Xilinx/Vivado/2018.3/common/technology/autopilot/hls/linear_algebra/hls_matrix_multiply.h:560->matrix_multiply.cpp:57) to 'matrix_multiply_top.1'.
WARNING: [SCHED 204-62] II = 14 is infeasible due to multiple pipeline iteration latency = 46 and incompatible II = 5 of 'call' operation ('call_ret_i1', D:/Xilinx/Vivado/2018.3/common/technology/autopilot/hls/linear_algebra/hls_matrix_multiply.h:560->matrix_multiply.cpp:57) to 'matrix_multiply_top.1'.
WARNING: [SCHED 204-68] The II Violation in module 'matrix_multiply_top': Unable to enforce a carried dependence constraint (II = 15, distance = 1, offset = 1)
   between 'call' operation ('call_ret_i1', D:/Xilinx/Vivado/2018.3/common/technology/autopilot/hls/linear_algebra/hls_matrix_multiply.h:560->matrix_multiply.cpp:57) to 'matrix_multiply_top.1' and 'store' operation (matrix_multiply.cpp:47) of variable 'A_load', matrix_multiply.cpp:47 on array 'a_i', matrix_multiply.cpp:40.
WARNING: [SCHED 204-62] II = 16 is infeasible due to multiple pipeline iteration latency = 46 and incompatible II = 5 of 'call' operation ('call_ret_i1', D:/Xilinx/Vivado/2018.3/common/technology/autopilot/hls/linear_algebra/hls_matrix_multiply.h:560->matrix_multiply.cpp:57) to 'matrix_multiply_top.1'.
WARNING: [SCHED 204-62] II = 17 is infeasible due to multiple pipeline iteration latency = 46 and incompatible II = 5 of 'call' operation ('call_ret_i1', D:/Xilinx/Vivado/2018.3/common/technology/autopilot/hls/linear_algebra/hls_matrix_multiply.h:560->matrix_multiply.cpp:57) to 'matrix_multiply_top.1'.
WARNING: [SCHED 204-62] II = 18 is infeasible due to multiple pipeline iteration latency = 46 and incompatible II = 5 of 'call' operation ('call_ret_i1', D:/Xilinx/Vivado/2018.3/common/technology/autopilot/hls/linear_algebra/hls_matrix_multiply.h:560->matrix_multiply.cpp:57) to 'matrix_multiply_top.1'.
WARNING: [SCHED 204-62] II = 19 is infeasible due to multiple pipeline iteration latency = 46 and incompatible II = 5 of 'call' operation ('call_ret_i1', D:/Xilinx/Vivado/2018.3/common/technology/autopilot/hls/linear_algebra/hls_matrix_multiply.h:560->matrix_multiply.cpp:57) to 'matrix_multiply_top.1'.
WARNING: [SCHED 204-68] The II Violation in module 'matrix_multiply_top': Unable to enforce a carried dependence constraint (II = 20, distance = 1, offset = 1)
   between 'call' operation ('call_ret_i1', D:/Xilinx/Vivado/2018.3/common/technology/autopilot/hls/linear_algebra/hls_matrix_multiply.h:560->matrix_multiply.cpp:57) to 'matrix_multiply_top.1' and 'store' operation (matrix_multiply.cpp:47) of variable 'A_load', matrix_multiply.cpp:47 on array 'a_i', matrix_multiply.cpp:40.
WARNING: [SCHED 204-62] II = 21 is infeasible due to multiple pipeline iteration latency = 46 and incompatible II = 5 of 'call' operation ('call_ret_i1', D:/Xilinx/Vivado/2018.3/common/technology/autopilot/hls/linear_algebra/hls_matrix_multiply.h:560->matrix_multiply.cpp:57) to 'matrix_multiply_top.1'.
WARNING: [SCHED 204-62] II = 22 is infeasible due to multiple pipeline iteration latency = 46 and incompatible II = 5 of 'call' operation ('call_ret_i1', D:/Xilinx/Vivado/2018.3/common/technology/autopilot/hls/linear_algebra/hls_matrix_multiply.h:560->matrix_multiply.cpp:57) to 'matrix_multiply_top.1'.
WARNING: [SCHED 204-62] II = 23 is infeasible due to multiple pipeline iteration latency = 46 and incompatible II = 5 of 'call' operation ('call_ret_i1', D:/Xilinx/Vivado/2018.3/common/technology/autopilot/hls/linear_algebra/hls_matrix_multiply.h:560->matrix_multiply.cpp:57) to 'matrix_multiply_top.1'.
WARNING: [SCHED 204-62] II = 24 is infeasible due to multiple pipeline iteration latency = 46 and incompatible II = 5 of 'call' operation ('call_ret_i1', D:/Xilinx/Vivado/2018.3/common/technology/autopilot/hls/linear_algebra/hls_matrix_multiply.h:560->matrix_multiply.cpp:57) to 'matrix_multiply_top.1'.
WARNING: [SCHED 204-62] II = 38 is infeasible due to multiple pipeline iteration latency = 46 and incompatible II = 5 of 'call' operation ('call_ret_i1', D:/Xilinx/Vivado/2018.3/common/technology/autopilot/hls/linear_algebra/hls_matrix_multiply.h:560->matrix_multiply.cpp:57) to 'matrix_multiply_top.1'.
WARNING: [SCHED 204-62] II = 39 is infeasible due to multiple pipeline iteration latency = 46 and incompatible II = 5 of 'call' operation ('call_ret_i1', D:/Xilinx/Vivado/2018.3/common/technology/autopilot/hls/linear_algebra/hls_matrix_multiply.h:560->matrix_multiply.cpp:57) to 'matrix_multiply_top.1'.
WARNING: [SCHED 204-68] The II Violation in module 'matrix_multiply_top': Unable to enforce a carried dependence constraint (II = 40, distance = 1, offset = 1)
   between 'call' operation ('call_ret_i1', D:/Xilinx/Vivado/2018.3/common/technology/autopilot/hls/linear_algebra/hls_matrix_multiply.h:560->matrix_multiply.cpp:57) to 'matrix_multiply_top.1' and 'store' operation (matrix_multiply.cpp:47) of variable 'A_load', matrix_multiply.cpp:47 on array 'a_i', matrix_multiply.cpp:40.
WARNING: [SCHED 204-62] II = 41 is infeasible due to multiple pipeline iteration latency = 46 and incompatible II = 5 of 'call' operation ('call_ret_i1', D:/Xilinx/Vivado/2018.3/common/technology/autopilot/hls/linear_algebra/hls_matrix_multiply.h:560->matrix_multiply.cpp:57) to 'matrix_multiply_top.1'.
WARNING: [SCHED 204-62] II = 42 is infeasible due to multiple pipeline iteration latency = 46 and incompatible II = 5 of 'call' operation ('call_ret_i1', D:/Xilinx/Vivado/2018.3/common/technology/autopilot/hls/linear_algebra/hls_matrix_multiply.h:560->matrix_multiply.cpp:57) to 'matrix_multiply_top.1'.
WARNING: [SCHED 204-62] II = 43 is infeasible due to multiple pipeline iteration latency = 46 and incompatible II = 5 of 'call' operation ('call_ret_i1', D:/Xilinx/Vivado/2018.3/common/technology/autopilot/hls/linear_algebra/hls_matrix_multiply.h:560->matrix_multiply.cpp:57) to 'matrix_multiply_top.1'.
WARNING: [SCHED 204-62] II = 44 is infeasible due to multiple pipeline iteration latency = 46 and incompatible II = 5 of 'call' operation ('call_ret_i1', D:/Xilinx/Vivado/2018.3/common/technology/autopilot/hls/linear_algebra/hls_matrix_multiply.h:560->matrix_multiply.cpp:57) to 'matrix_multiply_top.1'.
WARNING: [SCHED 204-69] Unable to schedule 'load' operation ('A_load_8', matrix_multiply.cpp:47) on array 'A' due to limited memory ports. Please consider using a memory core with more ports or partitioning the array 'A'.
INFO: [SCHED 204-61] Pipelining result : Target II = 1, Final II = 51, Depth = 58.
WARNING: [SCHED 204-21] Estimated clock period (1.523ns) exceeds the target (target clock period: 1ns, clock uncertainty: 0.125ns, effective delay budget: 0.875ns).
WARNING: [SCHED 204-21] The critical path in module 'matrix_multiply_top' consists of the following:
	'call' operation ('call_ret_i1', D:/Xilinx/Vivado/2018.3/common/technology/autopilot/hls/linear_algebra/hls_matrix_multiply.h:560->matrix_multiply.cpp:57) to 'matrix_multiply_top.1' [92]  (1.52 ns)
INFO: [SCHED 204-11] Finished scheduling.
INFO: [HLS 200-111]  Elapsed time: 1.198 seconds; current allocated memory: 89.128 MB.
INFO: [BIND 205-100] Starting micro-architecture generation ...
INFO: [BIND 205-101] Performing variable lifetime analysis.
INFO: [BIND 205-101] Exploring resource sharing.
INFO: [BIND 205-101] Binding ...
INFO: [BIND 205-100] Finished micro-architecture generation.
INFO: [HLS 200-111]  Elapsed time: 0.387 seconds; current allocated memory: 89.529 MB.
INFO: [HLS 200-10] ----------------------------------------------------------------
INFO: [HLS 200-10] -- Generating RTL for module 'matrix_multiply_top_1' 
INFO: [HLS 200-10] ----------------------------------------------------------------
INFO: [SYN 201-210] Renamed object name 'matrix_multiply_top_fadd_32ns_32ns_32_14_no_dsp_1' to 'matrix_multiply_tbkb' due to the length limit 20
INFO: [SYN 201-210] Renamed object name 'matrix_multiply_top_fmul_32ns_32ns_32_10_full_dsp_1' to 'matrix_multiply_tcud' due to the length limit 20
INFO: [RTGEN 206-100] Generating core module 'matrix_multiply_tbkb': 4 instance(s).
INFO: [RTGEN 206-100] Generating core module 'matrix_multiply_tcud': 6 instance(s).
INFO: [RTGEN 206-100] Finished creating RTL model for 'matrix_multiply_top_1'.
INFO: [HLS 200-111]  Elapsed time: 0.594 seconds; current allocated memory: 90.749 MB.
INFO: [HLS 200-10] ----------------------------------------------------------------
INFO: [HLS 200-10] -- Generating RTL for module 'matrix_multiply_top' 
INFO: [HLS 200-10] ----------------------------------------------------------------
INFO: [RTGEN 206-500] Setting interface mode on port 'matrix_multiply_top/A' to 'ap_memory'.
INFO: [RTGEN 206-500] Setting interface mode on port 'matrix_multiply_top/B' to 'ap_memory'.
INFO: [RTGEN 206-500] Setting interface mode on port 'matrix_multiply_top/C' to 'ap_memory'.
INFO: [RTGEN 206-500] Setting interface mode on function 'matrix_multiply_top' to 'ap_ctrl_hs'.
INFO: [SYN 201-210] Renamed object name 'matrix_multiply_top_a_i' to 'matrix_multiply_tdEe' due to the length limit 20
INFO: [SYN 201-210] Renamed object name 'matrix_multiply_top_b_i' to 'matrix_multiply_teOg' due to the length limit 20
INFO: [RTGEN 206-100] Finished creating RTL model for 'matrix_multiply_top'.
INFO: [HLS 200-111]  Elapsed time: 1.44 seconds; current allocated memory: 92.087 MB.
INFO: [RTMG 210-278] Implementing memory 'matrix_multiply_tdEe_ram (RAM)' using block RAMs.
INFO: [HLS 200-111] Finished generating all RTL models Time (s): cpu = 00:00:06 ; elapsed = 00:00:40 . Memory (MB): peak = 147.844 ; gain = 64.180
INFO: [SYSC 207-301] Generating SystemC RTL for matrix_multiply_top.
INFO: [VHDL 208-304] Generating VHDL RTL for matrix_multiply_top.
INFO: [VLOG 209-307] Generating Verilog RTL for matrix_multiply_top.
INFO: [HLS 200-112] Total elapsed time: 40.312 seconds; peak allocated memory: 92.087 MB.
