

================================================================
== Vivado HLS Report for 'matrix_multiply_top'
================================================================
* Date:           Wed Dec 19 00:31:25 2018

* Version:        2018.3 (Build 2405991 on Thu Dec 06 23:56:15 MST 2018)
* Project:        proj_matrix_multiply
* Solution:       solution1
* Product family: kintex7
* Target device:  xc7k70tfbv676-3


================================================================
== Performance Estimates
================================================================
+ Timing (ns): 
    * Summary: 
    +--------+-------+----------+------------+
    |  Clock | Target| Estimated| Uncertainty|
    +--------+-------+----------+------------+
    |ap_clk  |   4.00|     4.123|        0.50|
    +--------+-------+----------+------------+

+ Latency (clock cycles): 
    * Summary: 
    +-----+-----+-----+-----+---------+
    |  Latency  |  Interval | Pipeline|
    | min | max | min | max |   Type  |
    +-----+-----+-----+-----+---------+
    |  120|  120|  120|  120|   none  |
    +-----+-----+-----+-----+---------+

    + Detail: 
        * Instance: 
        +---------------------------------+----------------------+-----+-----+-----+-----+---------+
        |                                 |                      |  Latency  |  Interval | Pipeline|
        |             Instance            |        Module        | min | max | min | max |   Type  |
        +---------------------------------+----------------------+-----+-----+-----+-----+---------+
        |grp_matrix_multiply_alt2_fu_204  |matrix_multiply_alt2  |   44|   44|   44|   44|   none  |
        +---------------------------------+----------------------+-----+-----+-----+-----+---------+

        * Loop: 
        +---------------+-----+-----+----------+-----------+-----------+------+----------+
        |               |  Latency  | Iteration|  Initiation Interval  | Trip |          |
        |   Loop Name   | min | max |  Latency |  achieved |   target  | Count| Pipelined|
        +---------------+-----+-----+----------+-----------+-----------+------+----------+
        |- a_row_loop   |   24|   24|         8|          -|          -|     3|    no    |
        | + a_col_loop  |    6|    6|         2|          -|          -|     3|    no    |
        |- b_row_loop   |   24|   24|         8|          -|          -|     3|    no    |
        | + b_col_loop  |    6|    6|         2|          -|          -|     3|    no    |
        |- c_row_loop   |   24|   24|         8|          -|          -|     3|    no    |
        | + c_col_loop  |    6|    6|         2|          -|          -|     3|    no    |
        +---------------+-----+-----+----------+-----------+-----------+------+----------+



================================================================
== Utilization Estimates
================================================================
* Summary: 
+-----------------+---------+-------+-------+-------+
|       Name      | BRAM_18K| DSP48E|   FF  |  LUT  |
+-----------------+---------+-------+-------+-------+
|DSP              |        -|      -|      -|      -|
|Expression       |        -|      -|      0|    198|
|FIFO             |        -|      -|      -|      -|
|Instance         |        2|      5|   1072|    920|
|Memory           |        0|      -|    192|     15|
|Multiplexer      |        -|      -|      -|    206|
|Register         |        -|      -|    243|      -|
+-----------------+---------+-------+-------+-------+
|Total            |        2|      5|   1507|   1339|
+-----------------+---------+-------+-------+-------+
|Available        |      270|    240|  84400|  42200|
+-----------------+---------+-------+-------+-------+
|Utilization (%)  |    ~0   |      2|      1|      3|
+-----------------+---------+-------+-------+-------+

+ Detail: 
    * Instance: 
    +---------------------------------+----------------------+---------+-------+------+-----+
    |             Instance            |        Module        | BRAM_18K| DSP48E|  FF  | LUT |
    +---------------------------------+----------------------+---------+-------+------+-----+
    |grp_matrix_multiply_alt2_fu_204  |matrix_multiply_alt2  |        2|      5|  1072|  920|
    +---------------------------------+----------------------+---------+-------+------+-----+
    |Total                            |                      |        2|      5|  1072|  920|
    +---------------------------------+----------------------+---------+-------+------+-----+

    * DSP48: 
    N/A

    * Memory: 
    +------------+----------------------+---------+----+----+------+-----+------+-------------+
    |   Memory   |        Module        | BRAM_18K| FF | LUT| Words| Bits| Banks| W*Bits*Banks|
    +------------+----------------------+---------+----+----+------+-----+------+-------------+
    |a_i_U       |matrix_multiply_teOg  |        0|  64|   5|     9|   32|     1|          288|
    |b_i_U       |matrix_multiply_teOg  |        0|  64|   5|     9|   32|     1|          288|
    |C_assign_U  |matrix_multiply_teOg  |        0|  64|   5|     9|   32|     1|          288|
    +------------+----------------------+---------+----+----+------+-----+------+-------------+
    |Total       |                      |        0| 192|  15|    27|   96|     3|          864|
    +------------+----------------------+---------+----+----+------+-----+------+-------------+

    * FIFO: 
    N/A

    * Expression: 
    +------------------+----------+-------+---+----+------------+------------+
    |   Variable Name  | Operation| DSP48E| FF| LUT| Bitwidth P0| Bitwidth P1|
    +------------------+----------+-------+---+----+------------+------------+
    |c_1_fu_251_p2     |     +    |      0|  0|  10|           2|           1|
    |c_2_fu_311_p2     |     +    |      0|  0|  10|           2|           1|
    |c_3_fu_371_p2     |     +    |      0|  0|  10|           2|           1|
    |r_1_fu_217_p2     |     +    |      0|  0|  10|           2|           1|
    |r_2_fu_277_p2     |     +    |      0|  0|  10|           2|           1|
    |r_3_fu_337_p2     |     +    |      0|  0|  10|           2|           1|
    |tmp_11_fu_261_p2  |     +    |      0|  0|  15|           5|           5|
    |tmp_15_fu_321_p2  |     +    |      0|  0|  15|           5|           5|
    |tmp_16_fu_381_p2  |     +    |      0|  0|  15|           5|           5|
    |tmp_10_fu_299_p2  |     -    |      0|  0|  15|           5|           5|
    |tmp_14_fu_359_p2  |     -    |      0|  0|  15|           5|           5|
    |tmp_4_fu_239_p2   |     -    |      0|  0|  15|           5|           5|
    |tmp_2_fu_271_p2   |   icmp   |      0|  0|   8|           2|           2|
    |tmp_3_fu_245_p2   |   icmp   |      0|  0|   8|           2|           2|
    |tmp_7_fu_365_p2   |   icmp   |      0|  0|   8|           2|           2|
    |tmp_8_fu_331_p2   |   icmp   |      0|  0|   8|           2|           2|
    |tmp_9_fu_305_p2   |   icmp   |      0|  0|   8|           2|           2|
    |tmp_fu_211_p2     |   icmp   |      0|  0|   8|           2|           2|
    +------------------+----------+-------+---+----+------------+------------+
    |Total             |          |      0|  0| 198|          54|          48|
    +------------------+----------+-------+---+----+------------+------------+

    * Multiplexer: 
    +-------------------+----+-----------+-----+-----------+
    |        Name       | LUT| Input Size| Bits| Total Bits|
    +-------------------+----+-----------+-----+-----------+
    |C_assign_address0  |  15|          3|    4|         12|
    |C_assign_ce0       |  15|          3|    1|          3|
    |C_assign_we0       |   9|          2|    1|          2|
    |a_i_address0       |  15|          3|    4|         12|
    |a_i_ce0            |  15|          3|    1|          3|
    |ap_NS_fsm          |  53|         12|    1|         12|
    |b_i_address0       |  15|          3|    4|         12|
    |b_i_ce0            |  15|          3|    1|          3|
    |c2_reg_171         |   9|          2|    2|          4|
    |c4_reg_193         |   9|          2|    2|          4|
    |c_reg_149          |   9|          2|    2|          4|
    |r1_reg_160         |   9|          2|    2|          4|
    |r3_reg_182         |   9|          2|    2|          4|
    |r_reg_138          |   9|          2|    2|          4|
    +-------------------+----+-----------+-----+-----------+
    |Total              | 206|         44|   29|         83|
    +-------------------+----+-----------+-----+-----------+

    * Register: 
    +----------------------------------------------+----+----+-----+-----------+
    |                     Name                     | FF | LUT| Bits| Const Bits|
    +----------------------------------------------+----+----+-----+-----------+
    |ap_CS_fsm                                     |  11|   0|   11|          0|
    |c2_reg_171                                    |   2|   0|    2|          0|
    |c4_reg_193                                    |   2|   0|    2|          0|
    |c_1_reg_407                                   |   2|   0|    2|          0|
    |c_2_reg_438                                   |   2|   0|    2|          0|
    |c_3_reg_469                                   |   2|   0|    2|          0|
    |c_reg_149                                     |   2|   0|    2|          0|
    |grp_matrix_multiply_alt2_fu_204_ap_start_reg  |   1|   0|    1|          0|
    |r1_reg_160                                    |   2|   0|    2|          0|
    |r3_reg_182                                    |   2|   0|    2|          0|
    |r_1_reg_394                                   |   2|   0|    2|          0|
    |r_2_reg_425                                   |   2|   0|    2|          0|
    |r_3_reg_456                                   |   2|   0|    2|          0|
    |r_reg_138                                     |   2|   0|    2|          0|
    |tmp_10_reg_430                                |   5|   0|    5|          0|
    |tmp_14_reg_461                                |   5|   0|    5|          0|
    |tmp_18_cast_reg_412                           |  64|   0|   64|          0|
    |tmp_21_cast_reg_443                           |  64|   0|   64|          0|
    |tmp_22_cast_reg_474                           |  64|   0|   64|          0|
    |tmp_4_reg_399                                 |   5|   0|    5|          0|
    +----------------------------------------------+----+----+-----+-----------+
    |Total                                         | 243|   0|  243|          0|
    +----------------------------------------------+----+----+-----+-----------+



================================================================
== Interface
================================================================
* Summary: 
+------------+-----+-----+------------+---------------------+--------------+
|  RTL Ports | Dir | Bits|  Protocol  |    Source Object    |    C Type    |
+------------+-----+-----+------------+---------------------+--------------+
|ap_clk      |  in |    1| ap_ctrl_hs | matrix_multiply_top | return value |
|ap_rst      |  in |    1| ap_ctrl_hs | matrix_multiply_top | return value |
|ap_start    |  in |    1| ap_ctrl_hs | matrix_multiply_top | return value |
|ap_done     | out |    1| ap_ctrl_hs | matrix_multiply_top | return value |
|ap_idle     | out |    1| ap_ctrl_hs | matrix_multiply_top | return value |
|ap_ready    | out |    1| ap_ctrl_hs | matrix_multiply_top | return value |
|A_address0  | out |    4|  ap_memory |          A          |     array    |
|A_ce0       | out |    1|  ap_memory |          A          |     array    |
|A_q0        |  in |   32|  ap_memory |          A          |     array    |
|B_address0  | out |    4|  ap_memory |          B          |     array    |
|B_ce0       | out |    1|  ap_memory |          B          |     array    |
|B_q0        |  in |   32|  ap_memory |          B          |     array    |
|C_address0  | out |    4|  ap_memory |          C          |     array    |
|C_ce0       | out |    1|  ap_memory |          C          |     array    |
|C_we0       | out |    1|  ap_memory |          C          |     array    |
|C_d0        | out |   32|  ap_memory |          C          |     array    |
+------------+-----+-----+------------+---------------------+--------------+

